[0.127s] DEBUG:colcon:Command line arguments: ['/usr/bin/colcon', 'build', '--packages-select', 'hand_show']
[0.127s] DEBUG:colcon:Parsed command line arguments: Namespace(log_base=None, log_level=None, verb_name='build', build_base='build', install_base='install', merge_install=False, symlink_install=False, test_result_base=None, continue_on_error=False, executor='parallel', parallel_workers=16, event_handlers=None, ignore_user_meta=False, metas=['./colcon.meta'], base_paths=['.'], packages_ignore=None, packages_ignore_regex=None, paths=None, packages_up_to=None, packages_up_to_regex=None, packages_above=None, packages_above_and_dependencies=None, packages_above_depth=None, packages_select_by_dep=None, packages_skip_by_dep=None, packages_skip_up_to=None, packages_select_build_failed=False, packages_skip_build_finished=False, packages_select_test_failures=False, packages_skip_test_passed=False, packages_select=['hand_show'], packages_skip=None, packages_select_regex=None, packages_skip_regex=None, packages_start=None, packages_end=None, allow_overriding=[], cmake_args=None, cmake_target=None, cmake_target_skip_unavailable=False, cmake_clean_cache=False, cmake_clean_first=False, cmake_force_configure=False, ament_cmake_args=None, catkin_cmake_args=None, catkin_skip_building_tests=False, mixin_files=None, mixin=None, verb_parser=<colcon_mixin.mixin.mixin_argument.MixinArgumentDecorator object at 0x70bebba4c3a0>, verb_extension=<colcon_core.verb.build.BuildVerb object at 0x70bebbb98a90>, main=<bound method BuildVerb.main of <colcon_core.verb.build.BuildVerb object at 0x70bebbb98a90>>, mixin_verb=('build',))
[0.336s] Level 1:colcon.colcon_core.package_discovery:discover_packages(colcon_meta) check parameters
[0.336s] Level 1:colcon.colcon_core.package_discovery:discover_packages(recursive) check parameters
[0.336s] Level 1:colcon.colcon_core.package_discovery:discover_packages(ignore) check parameters
[0.336s] Level 1:colcon.colcon_core.package_discovery:discover_packages(path) check parameters
[0.336s] Level 1:colcon.colcon_core.package_discovery:discover_packages(colcon_meta) discover
[0.336s] Level 1:colcon.colcon_core.package_discovery:discover_packages(recursive) discover
[0.336s] INFO:colcon.colcon_core.package_discovery:Crawling recursively for packages in '/home/hosodalab9/Sensor-Glove/src'
[0.336s] Level 1:colcon.colcon_core.package_identification:_identify(.) by extensions ['ignore', 'ignore_ament_install']
[0.336s] Level 1:colcon.colcon_core.package_identification:_identify(.) by extension 'ignore'
[0.336s] Level 1:colcon.colcon_core.package_identification:_identify(.) by extension 'ignore_ament_install'
[0.336s] Level 1:colcon.colcon_core.package_identification:_identify(.) by extensions ['colcon_pkg']
[0.336s] Level 1:colcon.colcon_core.package_identification:_identify(.) by extension 'colcon_pkg'
[0.336s] Level 1:colcon.colcon_core.package_identification:_identify(.) by extensions ['colcon_meta']
[0.337s] Level 1:colcon.colcon_core.package_identification:_identify(.) by extension 'colcon_meta'
[0.337s] Level 1:colcon.colcon_core.package_identification:_identify(.) by extensions ['ros']
[0.337s] Level 1:colcon.colcon_core.package_identification:_identify(.) by extension 'ros'
[0.355s] Level 1:colcon.colcon_core.package_identification:_identify(.) by extensions ['cmake', 'python']
[0.355s] Level 1:colcon.colcon_core.package_identification:_identify(.) by extension 'cmake'
[0.355s] Level 1:colcon.colcon_core.package_identification:_identify(.) by extension 'python'
[0.355s] Level 1:colcon.colcon_core.package_identification:_identify(.) by extensions ['python_setup_py']
[0.355s] Level 1:colcon.colcon_core.package_identification:_identify(.) by extension 'python_setup_py'
[0.356s] Level 1:colcon.colcon_core.package_identification:_identify(build) by extensions ['ignore', 'ignore_ament_install']
[0.356s] Level 1:colcon.colcon_core.package_identification:_identify(build) by extension 'ignore'
[0.356s] Level 1:colcon.colcon_core.package_identification:_identify(build) ignored
[0.356s] Level 1:colcon.colcon_core.package_identification:_identify(data_handler) by extensions ['ignore', 'ignore_ament_install']
[0.356s] Level 1:colcon.colcon_core.package_identification:_identify(data_handler) by extension 'ignore'
[0.356s] Level 1:colcon.colcon_core.package_identification:_identify(data_handler) by extension 'ignore_ament_install'
[0.356s] Level 1:colcon.colcon_core.package_identification:_identify(data_handler) by extensions ['colcon_pkg']
[0.356s] Level 1:colcon.colcon_core.package_identification:_identify(data_handler) by extension 'colcon_pkg'
[0.356s] Level 1:colcon.colcon_core.package_identification:_identify(data_handler) by extensions ['colcon_meta']
[0.356s] Level 1:colcon.colcon_core.package_identification:_identify(data_handler) by extension 'colcon_meta'
[0.356s] Level 1:colcon.colcon_core.package_identification:_identify(data_handler) by extensions ['ros']
[0.356s] Level 1:colcon.colcon_core.package_identification:_identify(data_handler) by extension 'ros'
[0.359s] DEBUG:colcon.colcon_core.package_identification:Package 'data_handler' with type 'ros.ament_cmake' and name 'data_handler'
[0.359s] Level 1:colcon.colcon_core.package_identification:_identify(gel_sensor) by extensions ['ignore', 'ignore_ament_install']
[0.359s] Level 1:colcon.colcon_core.package_identification:_identify(gel_sensor) by extension 'ignore'
[0.359s] Level 1:colcon.colcon_core.package_identification:_identify(gel_sensor) by extension 'ignore_ament_install'
[0.359s] Level 1:colcon.colcon_core.package_identification:_identify(gel_sensor) by extensions ['colcon_pkg']
[0.359s] Level 1:colcon.colcon_core.package_identification:_identify(gel_sensor) by extension 'colcon_pkg'
[0.359s] Level 1:colcon.colcon_core.package_identification:_identify(gel_sensor) by extensions ['colcon_meta']
[0.359s] Level 1:colcon.colcon_core.package_identification:_identify(gel_sensor) by extension 'colcon_meta'
[0.359s] Level 1:colcon.colcon_core.package_identification:_identify(gel_sensor) by extensions ['ros']
[0.359s] Level 1:colcon.colcon_core.package_identification:_identify(gel_sensor) by extension 'ros'
[0.359s] Level 1:colcon.colcon_core.package_identification:_identify(gel_sensor) by extensions ['cmake', 'python']
[0.359s] Level 1:colcon.colcon_core.package_identification:_identify(gel_sensor) by extension 'cmake'
[0.359s] Level 1:colcon.colcon_core.package_identification:_identify(gel_sensor) by extension 'python'
[0.359s] Level 1:colcon.colcon_core.package_identification:_identify(gel_sensor) by extensions ['python_setup_py']
[0.359s] Level 1:colcon.colcon_core.package_identification:_identify(gel_sensor) by extension 'python_setup_py'
[0.359s] Level 1:colcon.colcon_core.package_identification:_identify(gel_sensor/globe_sensor) by extensions ['ignore', 'ignore_ament_install']
[0.359s] Level 1:colcon.colcon_core.package_identification:_identify(gel_sensor/globe_sensor) by extension 'ignore'
[0.360s] Level 1:colcon.colcon_core.package_identification:_identify(gel_sensor/globe_sensor) by extension 'ignore_ament_install'
[0.360s] Level 1:colcon.colcon_core.package_identification:_identify(gel_sensor/globe_sensor) by extensions ['colcon_pkg']
[0.360s] Level 1:colcon.colcon_core.package_identification:_identify(gel_sensor/globe_sensor) by extension 'colcon_pkg'
[0.360s] Level 1:colcon.colcon_core.package_identification:_identify(gel_sensor/globe_sensor) by extensions ['colcon_meta']
[0.360s] Level 1:colcon.colcon_core.package_identification:_identify(gel_sensor/globe_sensor) by extension 'colcon_meta'
[0.360s] Level 1:colcon.colcon_core.package_identification:_identify(gel_sensor/globe_sensor) by extensions ['ros']
[0.360s] Level 1:colcon.colcon_core.package_identification:_identify(gel_sensor/globe_sensor) by extension 'ros'
[0.360s] Level 1:colcon.colcon_core.package_identification:_identify(gel_sensor/globe_sensor) by extensions ['cmake', 'python']
[0.360s] Level 1:colcon.colcon_core.package_identification:_identify(gel_sensor/globe_sensor) by extension 'cmake'
[0.360s] Level 1:colcon.colcon_core.package_identification:_identify(gel_sensor/globe_sensor) by extension 'python'
[0.360s] Level 1:colcon.colcon_core.package_identification:_identify(gel_sensor/globe_sensor) by extensions ['python_setup_py']
[0.360s] Level 1:colcon.colcon_core.package_identification:_identify(gel_sensor/globe_sensor) by extension 'python_setup_py'
[0.360s] Level 1:colcon.colcon_core.package_identification:_identify(gel_sensor/ros2serial_arduino) by extensions ['ignore', 'ignore_ament_install']
[0.360s] Level 1:colcon.colcon_core.package_identification:_identify(gel_sensor/ros2serial_arduino) by extension 'ignore'
[0.360s] Level 1:colcon.colcon_core.package_identification:_identify(gel_sensor/ros2serial_arduino) by extension 'ignore_ament_install'
[0.360s] Level 1:colcon.colcon_core.package_identification:_identify(gel_sensor/ros2serial_arduino) by extensions ['colcon_pkg']
[0.360s] Level 1:colcon.colcon_core.package_identification:_identify(gel_sensor/ros2serial_arduino) by extension 'colcon_pkg'
[0.360s] Level 1:colcon.colcon_core.package_identification:_identify(gel_sensor/ros2serial_arduino) by extensions ['colcon_meta']
[0.360s] Level 1:colcon.colcon_core.package_identification:_identify(gel_sensor/ros2serial_arduino) by extension 'colcon_meta'
[0.361s] Level 1:colcon.colcon_core.package_identification:_identify(gel_sensor/ros2serial_arduino) by extensions ['ros']
[0.361s] Level 1:colcon.colcon_core.package_identification:_identify(gel_sensor/ros2serial_arduino) by extension 'ros'
[0.361s] DEBUG:colcon.colcon_core.package_identification:Package 'gel_sensor/ros2serial_arduino' with type 'ros.ament_cmake' and name 'ros2serial_arduino'
[0.361s] Level 1:colcon.colcon_core.package_identification:_identify(gel_sensor/sample) by extensions ['ignore', 'ignore_ament_install']
[0.361s] Level 1:colcon.colcon_core.package_identification:_identify(gel_sensor/sample) by extension 'ignore'
[0.361s] Level 1:colcon.colcon_core.package_identification:_identify(gel_sensor/sample) by extension 'ignore_ament_install'
[0.362s] Level 1:colcon.colcon_core.package_identification:_identify(gel_sensor/sample) by extensions ['colcon_pkg']
[0.362s] Level 1:colcon.colcon_core.package_identification:_identify(gel_sensor/sample) by extension 'colcon_pkg'
[0.362s] Level 1:colcon.colcon_core.package_identification:_identify(gel_sensor/sample) by extensions ['colcon_meta']
[0.362s] Level 1:colcon.colcon_core.package_identification:_identify(gel_sensor/sample) by extension 'colcon_meta'
[0.362s] Level 1:colcon.colcon_core.package_identification:_identify(gel_sensor/sample) by extensions ['ros']
[0.362s] Level 1:colcon.colcon_core.package_identification:_identify(gel_sensor/sample) by extension 'ros'
[0.362s] Level 1:colcon.colcon_core.package_identification:_identify(gel_sensor/sample) by extensions ['cmake', 'python']
[0.362s] Level 1:colcon.colcon_core.package_identification:_identify(gel_sensor/sample) by extension 'cmake'
[0.362s] Level 1:colcon.colcon_core.package_identification:_identify(gel_sensor/sample) by extension 'python'
[0.362s] Level 1:colcon.colcon_core.package_identification:_identify(gel_sensor/sample) by extensions ['python_setup_py']
[0.362s] Level 1:colcon.colcon_core.package_identification:_identify(gel_sensor/sample) by extension 'python_setup_py'
[0.362s] Level 1:colcon.colcon_core.package_identification:_identify(gel_sensor/sample1) by extensions ['ignore', 'ignore_ament_install']
[0.362s] Level 1:colcon.colcon_core.package_identification:_identify(gel_sensor/sample1) by extension 'ignore'
[0.362s] Level 1:colcon.colcon_core.package_identification:_identify(gel_sensor/sample1) by extension 'ignore_ament_install'
[0.362s] Level 1:colcon.colcon_core.package_identification:_identify(gel_sensor/sample1) by extensions ['colcon_pkg']
[0.362s] Level 1:colcon.colcon_core.package_identification:_identify(gel_sensor/sample1) by extension 'colcon_pkg'
[0.362s] Level 1:colcon.colcon_core.package_identification:_identify(gel_sensor/sample1) by extensions ['colcon_meta']
[0.362s] Level 1:colcon.colcon_core.package_identification:_identify(gel_sensor/sample1) by extension 'colcon_meta'
[0.362s] Level 1:colcon.colcon_core.package_identification:_identify(gel_sensor/sample1) by extensions ['ros']
[0.362s] Level 1:colcon.colcon_core.package_identification:_identify(gel_sensor/sample1) by extension 'ros'
[0.363s] Level 1:colcon.colcon_core.package_identification:_identify(gel_sensor/sample1) by extensions ['cmake', 'python']
[0.363s] Level 1:colcon.colcon_core.package_identification:_identify(gel_sensor/sample1) by extension 'cmake'
[0.363s] Level 1:colcon.colcon_core.package_identification:_identify(gel_sensor/sample1) by extension 'python'
[0.363s] Level 1:colcon.colcon_core.package_identification:_identify(gel_sensor/sample1) by extensions ['python_setup_py']
[0.363s] Level 1:colcon.colcon_core.package_identification:_identify(gel_sensor/sample1) by extension 'python_setup_py'
[0.363s] Level 1:colcon.colcon_core.package_identification:_identify(hand_sense_ws) by extensions ['ignore', 'ignore_ament_install']
[0.363s] Level 1:colcon.colcon_core.package_identification:_identify(hand_sense_ws) by extension 'ignore'
[0.363s] Level 1:colcon.colcon_core.package_identification:_identify(hand_sense_ws) by extension 'ignore_ament_install'
[0.363s] Level 1:colcon.colcon_core.package_identification:_identify(hand_sense_ws) by extensions ['colcon_pkg']
[0.363s] Level 1:colcon.colcon_core.package_identification:_identify(hand_sense_ws) by extension 'colcon_pkg'
[0.363s] Level 1:colcon.colcon_core.package_identification:_identify(hand_sense_ws) by extensions ['colcon_meta']
[0.363s] Level 1:colcon.colcon_core.package_identification:_identify(hand_sense_ws) by extension 'colcon_meta'
[0.363s] Level 1:colcon.colcon_core.package_identification:_identify(hand_sense_ws) by extensions ['ros']
[0.363s] Level 1:colcon.colcon_core.package_identification:_identify(hand_sense_ws) by extension 'ros'
[0.363s] Level 1:colcon.colcon_core.package_identification:_identify(hand_sense_ws) by extensions ['cmake', 'python']
[0.363s] Level 1:colcon.colcon_core.package_identification:_identify(hand_sense_ws) by extension 'cmake'
[0.363s] Level 1:colcon.colcon_core.package_identification:_identify(hand_sense_ws) by extension 'python'
[0.363s] Level 1:colcon.colcon_core.package_identification:_identify(hand_sense_ws) by extensions ['python_setup_py']
[0.363s] Level 1:colcon.colcon_core.package_identification:_identify(hand_sense_ws) by extension 'python_setup_py'
[0.364s] Level 1:colcon.colcon_core.package_identification:_identify(hand_sense_ws/src) by extensions ['ignore', 'ignore_ament_install']
[0.364s] Level 1:colcon.colcon_core.package_identification:_identify(hand_sense_ws/src) by extension 'ignore'
[0.364s] Level 1:colcon.colcon_core.package_identification:_identify(hand_sense_ws/src) by extension 'ignore_ament_install'
[0.364s] Level 1:colcon.colcon_core.package_identification:_identify(hand_sense_ws/src) by extensions ['colcon_pkg']
[0.364s] Level 1:colcon.colcon_core.package_identification:_identify(hand_sense_ws/src) by extension 'colcon_pkg'
[0.364s] Level 1:colcon.colcon_core.package_identification:_identify(hand_sense_ws/src) by extensions ['colcon_meta']
[0.364s] Level 1:colcon.colcon_core.package_identification:_identify(hand_sense_ws/src) by extension 'colcon_meta'
[0.364s] Level 1:colcon.colcon_core.package_identification:_identify(hand_sense_ws/src) by extensions ['ros']
[0.364s] Level 1:colcon.colcon_core.package_identification:_identify(hand_sense_ws/src) by extension 'ros'
[0.364s] Level 1:colcon.colcon_core.package_identification:_identify(hand_sense_ws/src) by extensions ['cmake', 'python']
[0.364s] Level 1:colcon.colcon_core.package_identification:_identify(hand_sense_ws/src) by extension 'cmake'
[0.364s] Level 1:colcon.colcon_core.package_identification:_identify(hand_sense_ws/src) by extension 'python'
[0.364s] Level 1:colcon.colcon_core.package_identification:_identify(hand_sense_ws/src) by extensions ['python_setup_py']
[0.364s] Level 1:colcon.colcon_core.package_identification:_identify(hand_sense_ws/src) by extension 'python_setup_py'
[0.364s] Level 1:colcon.colcon_core.package_identification:_identify(hand_sense_ws/src/hand_show) by extensions ['ignore', 'ignore_ament_install']
[0.364s] Level 1:colcon.colcon_core.package_identification:_identify(hand_sense_ws/src/hand_show) by extension 'ignore'
[0.364s] Level 1:colcon.colcon_core.package_identification:_identify(hand_sense_ws/src/hand_show) by extension 'ignore_ament_install'
[0.364s] Level 1:colcon.colcon_core.package_identification:_identify(hand_sense_ws/src/hand_show) by extensions ['colcon_pkg']
[0.364s] Level 1:colcon.colcon_core.package_identification:_identify(hand_sense_ws/src/hand_show) by extension 'colcon_pkg'
[0.365s] Level 1:colcon.colcon_core.package_identification:_identify(hand_sense_ws/src/hand_show) by extensions ['colcon_meta']
[0.365s] Level 1:colcon.colcon_core.package_identification:_identify(hand_sense_ws/src/hand_show) by extension 'colcon_meta'
[0.365s] Level 1:colcon.colcon_core.package_identification:_identify(hand_sense_ws/src/hand_show) by extensions ['ros']
[0.365s] Level 1:colcon.colcon_core.package_identification:_identify(hand_sense_ws/src/hand_show) by extension 'ros'
[0.365s] WARNING:colcon.colcon_core.package_identification:ROS package 'hand_show' in 'hand_sense_ws/src/hand_show' has more than one build type
[0.365s] Level 1:colcon.colcon_core.package_identification:_identify(hand_sense_ws/src/hand_show) by extensions ['cmake', 'python']
[0.365s] Level 1:colcon.colcon_core.package_identification:_identify(hand_sense_ws/src/hand_show) by extension 'cmake'
[0.365s] Level 1:colcon.colcon_core.package_identification:_identify(hand_sense_ws/src/hand_show) by extension 'python'
[0.365s] DEBUG:colcon.colcon_core.package_identification:Python package in 'hand_sense_ws/src/hand_show' passes arguments to the setup() function which requires a different identification extension than 'python'
[0.366s] Level 1:colcon.colcon_core.package_identification:_identify(hand_sense_ws/src/hand_show) by extensions ['python_setup_py']
[0.366s] Level 1:colcon.colcon_core.package_identification:_identify(hand_sense_ws/src/hand_show) by extension 'python_setup_py'
[0.666s] DEBUG:colcon.colcon_core.package_identification:Package 'hand_sense_ws/src/hand_show' with type 'python' and name 'hand_show'
[0.666s] Level 1:colcon.colcon_core.package_identification:_identify(hand_sense_ws/src/realsense-ros) by extensions ['ignore', 'ignore_ament_install']
[0.666s] Level 1:colcon.colcon_core.package_identification:_identify(hand_sense_ws/src/realsense-ros) by extension 'ignore'
[0.666s] Level 1:colcon.colcon_core.package_identification:_identify(hand_sense_ws/src/realsense-ros) by extension 'ignore_ament_install'
[0.666s] Level 1:colcon.colcon_core.package_identification:_identify(hand_sense_ws/src/realsense-ros) by extensions ['colcon_pkg']
[0.666s] Level 1:colcon.colcon_core.package_identification:_identify(hand_sense_ws/src/realsense-ros) by extension 'colcon_pkg'
[0.666s] Level 1:colcon.colcon_core.package_identification:_identify(hand_sense_ws/src/realsense-ros) by extensions ['colcon_meta']
[0.666s] Level 1:colcon.colcon_core.package_identification:_identify(hand_sense_ws/src/realsense-ros) by extension 'colcon_meta'
[0.667s] Level 1:colcon.colcon_core.package_identification:_identify(hand_sense_ws/src/realsense-ros) by extensions ['ros']
[0.667s] Level 1:colcon.colcon_core.package_identification:_identify(hand_sense_ws/src/realsense-ros) by extension 'ros'
[0.667s] Level 1:colcon.colcon_core.package_identification:_identify(hand_sense_ws/src/realsense-ros) by extensions ['cmake', 'python']
[0.667s] Level 1:colcon.colcon_core.package_identification:_identify(hand_sense_ws/src/realsense-ros) by extension 'cmake'
[0.667s] Level 1:colcon.colcon_core.package_identification:_identify(hand_sense_ws/src/realsense-ros) by extension 'python'
[0.667s] Level 1:colcon.colcon_core.package_identification:_identify(hand_sense_ws/src/realsense-ros) by extensions ['python_setup_py']
[0.667s] Level 1:colcon.colcon_core.package_identification:_identify(hand_sense_ws/src/realsense-ros) by extension 'python_setup_py'
[0.667s] Level 1:colcon.colcon_core.package_identification:_identify(hand_sense_ws/src/realsense-ros/realsense2_camera) by extensions ['ignore', 'ignore_ament_install']
[0.667s] Level 1:colcon.colcon_core.package_identification:_identify(hand_sense_ws/src/realsense-ros/realsense2_camera) by extension 'ignore'
[0.667s] Level 1:colcon.colcon_core.package_identification:_identify(hand_sense_ws/src/realsense-ros/realsense2_camera) by extension 'ignore_ament_install'
[0.667s] Level 1:colcon.colcon_core.package_identification:_identify(hand_sense_ws/src/realsense-ros/realsense2_camera) by extensions ['colcon_pkg']
[0.667s] Level 1:colcon.colcon_core.package_identification:_identify(hand_sense_ws/src/realsense-ros/realsense2_camera) by extension 'colcon_pkg'
[0.667s] Level 1:colcon.colcon_core.package_identification:_identify(hand_sense_ws/src/realsense-ros/realsense2_camera) by extensions ['colcon_meta']
[0.667s] Level 1:colcon.colcon_core.package_identification:_identify(hand_sense_ws/src/realsense-ros/realsense2_camera) by extension 'colcon_meta'
[0.667s] Level 1:colcon.colcon_core.package_identification:_identify(hand_sense_ws/src/realsense-ros/realsense2_camera) by extensions ['ros']
[0.667s] Level 1:colcon.colcon_core.package_identification:_identify(hand_sense_ws/src/realsense-ros/realsense2_camera) by extension 'ros'
[0.669s] DEBUG:colcon.colcon_core.package_identification:Package 'hand_sense_ws/src/realsense-ros/realsense2_camera' with type 'ros.ament_cmake' and name 'realsense2_camera'
[0.669s] Level 1:colcon.colcon_core.package_identification:_identify(hand_sense_ws/src/realsense-ros/realsense2_camera_msgs) by extensions ['ignore', 'ignore_ament_install']
[0.669s] Level 1:colcon.colcon_core.package_identification:_identify(hand_sense_ws/src/realsense-ros/realsense2_camera_msgs) by extension 'ignore'
[0.669s] Level 1:colcon.colcon_core.package_identification:_identify(hand_sense_ws/src/realsense-ros/realsense2_camera_msgs) by extension 'ignore_ament_install'
[0.669s] Level 1:colcon.colcon_core.package_identification:_identify(hand_sense_ws/src/realsense-ros/realsense2_camera_msgs) by extensions ['colcon_pkg']
[0.669s] Level 1:colcon.colcon_core.package_identification:_identify(hand_sense_ws/src/realsense-ros/realsense2_camera_msgs) by extension 'colcon_pkg'
[0.670s] Level 1:colcon.colcon_core.package_identification:_identify(hand_sense_ws/src/realsense-ros/realsense2_camera_msgs) by extensions ['colcon_meta']
[0.670s] Level 1:colcon.colcon_core.package_identification:_identify(hand_sense_ws/src/realsense-ros/realsense2_camera_msgs) by extension 'colcon_meta'
[0.670s] Level 1:colcon.colcon_core.package_identification:_identify(hand_sense_ws/src/realsense-ros/realsense2_camera_msgs) by extensions ['ros']
[0.670s] Level 1:colcon.colcon_core.package_identification:_identify(hand_sense_ws/src/realsense-ros/realsense2_camera_msgs) by extension 'ros'
[0.670s] DEBUG:colcon.colcon_core.package_identification:Package 'hand_sense_ws/src/realsense-ros/realsense2_camera_msgs' with type 'ros.ament_cmake' and name 'realsense2_camera_msgs'
[0.670s] Level 1:colcon.colcon_core.package_identification:_identify(hand_sense_ws/src/realsense-ros/realsense2_description) by extensions ['ignore', 'ignore_ament_install']
[0.671s] Level 1:colcon.colcon_core.package_identification:_identify(hand_sense_ws/src/realsense-ros/realsense2_description) by extension 'ignore'
[0.671s] Level 1:colcon.colcon_core.package_identification:_identify(hand_sense_ws/src/realsense-ros/realsense2_description) by extension 'ignore_ament_install'
[0.671s] Level 1:colcon.colcon_core.package_identification:_identify(hand_sense_ws/src/realsense-ros/realsense2_description) by extensions ['colcon_pkg']
[0.671s] Level 1:colcon.colcon_core.package_identification:_identify(hand_sense_ws/src/realsense-ros/realsense2_description) by extension 'colcon_pkg'
[0.671s] Level 1:colcon.colcon_core.package_identification:_identify(hand_sense_ws/src/realsense-ros/realsense2_description) by extensions ['colcon_meta']
[0.671s] Level 1:colcon.colcon_core.package_identification:_identify(hand_sense_ws/src/realsense-ros/realsense2_description) by extension 'colcon_meta'
[0.671s] Level 1:colcon.colcon_core.package_identification:_identify(hand_sense_ws/src/realsense-ros/realsense2_description) by extensions ['ros']
[0.671s] Level 1:colcon.colcon_core.package_identification:_identify(hand_sense_ws/src/realsense-ros/realsense2_description) by extension 'ros'
[0.672s] DEBUG:colcon.colcon_core.package_identification:Package 'hand_sense_ws/src/realsense-ros/realsense2_description' with type 'ros.ament_cmake' and name 'realsense2_description'
[0.672s] Level 1:colcon.colcon_core.package_identification:_identify(hand_sense_ws/src/realsense-ros/scripts) by extensions ['ignore', 'ignore_ament_install']
[0.672s] Level 1:colcon.colcon_core.package_identification:_identify(hand_sense_ws/src/realsense-ros/scripts) by extension 'ignore'
[0.672s] Level 1:colcon.colcon_core.package_identification:_identify(hand_sense_ws/src/realsense-ros/scripts) by extension 'ignore_ament_install'
[0.672s] Level 1:colcon.colcon_core.package_identification:_identify(hand_sense_ws/src/realsense-ros/scripts) by extensions ['colcon_pkg']
[0.672s] Level 1:colcon.colcon_core.package_identification:_identify(hand_sense_ws/src/realsense-ros/scripts) by extension 'colcon_pkg'
[0.672s] Level 1:colcon.colcon_core.package_identification:_identify(hand_sense_ws/src/realsense-ros/scripts) by extensions ['colcon_meta']
[0.672s] Level 1:colcon.colcon_core.package_identification:_identify(hand_sense_ws/src/realsense-ros/scripts) by extension 'colcon_meta'
[0.672s] Level 1:colcon.colcon_core.package_identification:_identify(hand_sense_ws/src/realsense-ros/scripts) by extensions ['ros']
[0.672s] Level 1:colcon.colcon_core.package_identification:_identify(hand_sense_ws/src/realsense-ros/scripts) by extension 'ros'
[0.672s] Level 1:colcon.colcon_core.package_identification:_identify(hand_sense_ws/src/realsense-ros/scripts) by extensions ['cmake', 'python']
[0.672s] Level 1:colcon.colcon_core.package_identification:_identify(hand_sense_ws/src/realsense-ros/scripts) by extension 'cmake'
[0.672s] Level 1:colcon.colcon_core.package_identification:_identify(hand_sense_ws/src/realsense-ros/scripts) by extension 'python'
[0.672s] Level 1:colcon.colcon_core.package_identification:_identify(hand_sense_ws/src/realsense-ros/scripts) by extensions ['python_setup_py']
[0.672s] Level 1:colcon.colcon_core.package_identification:_identify(hand_sense_ws/src/realsense-ros/scripts) by extension 'python_setup_py'
[0.673s] Level 1:colcon.colcon_core.package_identification:_identify(hand_sense_ws/src/subscriber) by extensions ['ignore', 'ignore_ament_install']
[0.673s] Level 1:colcon.colcon_core.package_identification:_identify(hand_sense_ws/src/subscriber) by extension 'ignore'
[0.673s] Level 1:colcon.colcon_core.package_identification:_identify(hand_sense_ws/src/subscriber) by extension 'ignore_ament_install'
[0.673s] Level 1:colcon.colcon_core.package_identification:_identify(hand_sense_ws/src/subscriber) by extensions ['colcon_pkg']
[0.673s] Level 1:colcon.colcon_core.package_identification:_identify(hand_sense_ws/src/subscriber) by extension 'colcon_pkg'
[0.673s] Level 1:colcon.colcon_core.package_identification:_identify(hand_sense_ws/src/subscriber) by extensions ['colcon_meta']
[0.673s] Level 1:colcon.colcon_core.package_identification:_identify(hand_sense_ws/src/subscriber) by extension 'colcon_meta'
[0.673s] Level 1:colcon.colcon_core.package_identification:_identify(hand_sense_ws/src/subscriber) by extensions ['ros']
[0.673s] Level 1:colcon.colcon_core.package_identification:_identify(hand_sense_ws/src/subscriber) by extension 'ros'
[0.673s] DEBUG:colcon.colcon_core.package_identification:Package 'hand_sense_ws/src/subscriber' with type 'ros.ament_python' and name 'subscriber'
[0.673s] Level 1:colcon.colcon_core.package_identification:_identify(install) by extensions ['ignore', 'ignore_ament_install']
[0.674s] Level 1:colcon.colcon_core.package_identification:_identify(install) by extension 'ignore'
[0.674s] Level 1:colcon.colcon_core.package_identification:_identify(install) ignored
[0.674s] Level 1:colcon.colcon_core.package_identification:_identify(log) by extensions ['ignore', 'ignore_ament_install']
[0.674s] Level 1:colcon.colcon_core.package_identification:_identify(log) by extension 'ignore'
[0.674s] Level 1:colcon.colcon_core.package_identification:_identify(log) ignored
[0.674s] Level 1:colcon.colcon_core.package_identification:_identify(lstm_ae) by extensions ['ignore', 'ignore_ament_install']
[0.674s] Level 1:colcon.colcon_core.package_identification:_identify(lstm_ae) by extension 'ignore'
[0.674s] Level 1:colcon.colcon_core.package_identification:_identify(lstm_ae) by extension 'ignore_ament_install'
[0.674s] Level 1:colcon.colcon_core.package_identification:_identify(lstm_ae) by extensions ['colcon_pkg']
[0.674s] Level 1:colcon.colcon_core.package_identification:_identify(lstm_ae) by extension 'colcon_pkg'
[0.674s] Level 1:colcon.colcon_core.package_identification:_identify(lstm_ae) by extensions ['colcon_meta']
[0.674s] Level 1:colcon.colcon_core.package_identification:_identify(lstm_ae) by extension 'colcon_meta'
[0.674s] Level 1:colcon.colcon_core.package_identification:_identify(lstm_ae) by extensions ['ros']
[0.674s] Level 1:colcon.colcon_core.package_identification:_identify(lstm_ae) by extension 'ros'
[0.674s] Level 1:colcon.colcon_core.package_identification:_identify(lstm_ae) by extensions ['cmake', 'python']
[0.674s] Level 1:colcon.colcon_core.package_identification:_identify(lstm_ae) by extension 'cmake'
[0.674s] Level 1:colcon.colcon_core.package_identification:_identify(lstm_ae) by extension 'python'
[0.675s] Level 1:colcon.colcon_core.package_identification:_identify(lstm_ae) by extensions ['python_setup_py']
[0.675s] Level 1:colcon.colcon_core.package_identification:_identify(lstm_ae) by extension 'python_setup_py'
[0.675s] Level 1:colcon.colcon_core.package_identification:_identify(lstm_ae/data) by extensions ['ignore', 'ignore_ament_install']
[0.675s] Level 1:colcon.colcon_core.package_identification:_identify(lstm_ae/data) by extension 'ignore'
[0.675s] Level 1:colcon.colcon_core.package_identification:_identify(lstm_ae/data) by extension 'ignore_ament_install'
[0.675s] Level 1:colcon.colcon_core.package_identification:_identify(lstm_ae/data) by extensions ['colcon_pkg']
[0.675s] Level 1:colcon.colcon_core.package_identification:_identify(lstm_ae/data) by extension 'colcon_pkg'
[0.675s] Level 1:colcon.colcon_core.package_identification:_identify(lstm_ae/data) by extensions ['colcon_meta']
[0.675s] Level 1:colcon.colcon_core.package_identification:_identify(lstm_ae/data) by extension 'colcon_meta'
[0.675s] Level 1:colcon.colcon_core.package_identification:_identify(lstm_ae/data) by extensions ['ros']
[0.675s] Level 1:colcon.colcon_core.package_identification:_identify(lstm_ae/data) by extension 'ros'
[0.675s] Level 1:colcon.colcon_core.package_identification:_identify(lstm_ae/data) by extensions ['cmake', 'python']
[0.675s] Level 1:colcon.colcon_core.package_identification:_identify(lstm_ae/data) by extension 'cmake'
[0.675s] Level 1:colcon.colcon_core.package_identification:_identify(lstm_ae/data) by extension 'python'
[0.675s] Level 1:colcon.colcon_core.package_identification:_identify(lstm_ae/data) by extensions ['python_setup_py']
[0.675s] Level 1:colcon.colcon_core.package_identification:_identify(lstm_ae/data) by extension 'python_setup_py'
[0.675s] Level 1:colcon.colcon_core.package_identification:_identify(lstm_ae/data/0809) by extensions ['ignore', 'ignore_ament_install']
[0.675s] Level 1:colcon.colcon_core.package_identification:_identify(lstm_ae/data/0809) by extension 'ignore'
[0.676s] Level 1:colcon.colcon_core.package_identification:_identify(lstm_ae/data/0809) by extension 'ignore_ament_install'
[0.676s] Level 1:colcon.colcon_core.package_identification:_identify(lstm_ae/data/0809) by extensions ['colcon_pkg']
[0.676s] Level 1:colcon.colcon_core.package_identification:_identify(lstm_ae/data/0809) by extension 'colcon_pkg'
[0.676s] Level 1:colcon.colcon_core.package_identification:_identify(lstm_ae/data/0809) by extensions ['colcon_meta']
[0.676s] Level 1:colcon.colcon_core.package_identification:_identify(lstm_ae/data/0809) by extension 'colcon_meta'
[0.676s] Level 1:colcon.colcon_core.package_identification:_identify(lstm_ae/data/0809) by extensions ['ros']
[0.676s] Level 1:colcon.colcon_core.package_identification:_identify(lstm_ae/data/0809) by extension 'ros'
[0.676s] Level 1:colcon.colcon_core.package_identification:_identify(lstm_ae/data/0809) by extensions ['cmake', 'python']
[0.676s] Level 1:colcon.colcon_core.package_identification:_identify(lstm_ae/data/0809) by extension 'cmake'
[0.676s] Level 1:colcon.colcon_core.package_identification:_identify(lstm_ae/data/0809) by extension 'python'
[0.676s] Level 1:colcon.colcon_core.package_identification:_identify(lstm_ae/data/0809) by extensions ['python_setup_py']
[0.676s] Level 1:colcon.colcon_core.package_identification:_identify(lstm_ae/data/0809) by extension 'python_setup_py'
[0.676s] Level 1:colcon.colcon_core.package_identification:_identify(lstm_ae/data/0809/1804) by extensions ['ignore', 'ignore_ament_install']
[0.676s] Level 1:colcon.colcon_core.package_identification:_identify(lstm_ae/data/0809/1804) by extension 'ignore'
[0.676s] Level 1:colcon.colcon_core.package_identification:_identify(lstm_ae/data/0809/1804) by extension 'ignore_ament_install'
[0.676s] Level 1:colcon.colcon_core.package_identification:_identify(lstm_ae/data/0809/1804) by extensions ['colcon_pkg']
[0.676s] Level 1:colcon.colcon_core.package_identification:_identify(lstm_ae/data/0809/1804) by extension 'colcon_pkg'
[0.676s] Level 1:colcon.colcon_core.package_identification:_identify(lstm_ae/data/0809/1804) by extensions ['colcon_meta']
[0.676s] Level 1:colcon.colcon_core.package_identification:_identify(lstm_ae/data/0809/1804) by extension 'colcon_meta'
[0.676s] Level 1:colcon.colcon_core.package_identification:_identify(lstm_ae/data/0809/1804) by extensions ['ros']
[0.676s] Level 1:colcon.colcon_core.package_identification:_identify(lstm_ae/data/0809/1804) by extension 'ros'
[0.677s] Level 1:colcon.colcon_core.package_identification:_identify(lstm_ae/data/0809/1804) by extensions ['cmake', 'python']
[0.677s] Level 1:colcon.colcon_core.package_identification:_identify(lstm_ae/data/0809/1804) by extension 'cmake'
[0.677s] Level 1:colcon.colcon_core.package_identification:_identify(lstm_ae/data/0809/1804) by extension 'python'
[0.677s] Level 1:colcon.colcon_core.package_identification:_identify(lstm_ae/data/0809/1804) by extensions ['python_setup_py']
[0.677s] Level 1:colcon.colcon_core.package_identification:_identify(lstm_ae/data/0809/1804) by extension 'python_setup_py'
[0.677s] Level 1:colcon.colcon_core.package_identification:_identify(lstm_ae/data/0809/1827) by extensions ['ignore', 'ignore_ament_install']
[0.677s] Level 1:colcon.colcon_core.package_identification:_identify(lstm_ae/data/0809/1827) by extension 'ignore'
[0.677s] Level 1:colcon.colcon_core.package_identification:_identify(lstm_ae/data/0809/1827) by extension 'ignore_ament_install'
[0.677s] Level 1:colcon.colcon_core.package_identification:_identify(lstm_ae/data/0809/1827) by extensions ['colcon_pkg']
[0.677s] Level 1:colcon.colcon_core.package_identification:_identify(lstm_ae/data/0809/1827) by extension 'colcon_pkg'
[0.677s] Level 1:colcon.colcon_core.package_identification:_identify(lstm_ae/data/0809/1827) by extensions ['colcon_meta']
[0.677s] Level 1:colcon.colcon_core.package_identification:_identify(lstm_ae/data/0809/1827) by extension 'colcon_meta'
[0.677s] Level 1:colcon.colcon_core.package_identification:_identify(lstm_ae/data/0809/1827) by extensions ['ros']
[0.677s] Level 1:colcon.colcon_core.package_identification:_identify(lstm_ae/data/0809/1827) by extension 'ros'
[0.677s] Level 1:colcon.colcon_core.package_identification:_identify(lstm_ae/data/0809/1827) by extensions ['cmake', 'python']
[0.677s] Level 1:colcon.colcon_core.package_identification:_identify(lstm_ae/data/0809/1827) by extension 'cmake'
[0.677s] Level 1:colcon.colcon_core.package_identification:_identify(lstm_ae/data/0809/1827) by extension 'python'
[0.677s] Level 1:colcon.colcon_core.package_identification:_identify(lstm_ae/data/0809/1827) by extensions ['python_setup_py']
[0.677s] Level 1:colcon.colcon_core.package_identification:_identify(lstm_ae/data/0809/1827) by extension 'python_setup_py'
[0.678s] Level 1:colcon.colcon_core.package_identification:_identify(lstm_ae/src) by extensions ['ignore', 'ignore_ament_install']
[0.678s] Level 1:colcon.colcon_core.package_identification:_identify(lstm_ae/src) by extension 'ignore'
[0.678s] Level 1:colcon.colcon_core.package_identification:_identify(lstm_ae/src) by extension 'ignore_ament_install'
[0.678s] Level 1:colcon.colcon_core.package_identification:_identify(lstm_ae/src) by extensions ['colcon_pkg']
[0.678s] Level 1:colcon.colcon_core.package_identification:_identify(lstm_ae/src) by extension 'colcon_pkg'
[0.678s] Level 1:colcon.colcon_core.package_identification:_identify(lstm_ae/src) by extensions ['colcon_meta']
[0.678s] Level 1:colcon.colcon_core.package_identification:_identify(lstm_ae/src) by extension 'colcon_meta'
[0.678s] Level 1:colcon.colcon_core.package_identification:_identify(lstm_ae/src) by extensions ['ros']
[0.678s] Level 1:colcon.colcon_core.package_identification:_identify(lstm_ae/src) by extension 'ros'
[0.678s] Level 1:colcon.colcon_core.package_identification:_identify(lstm_ae/src) by extensions ['cmake', 'python']
[0.678s] Level 1:colcon.colcon_core.package_identification:_identify(lstm_ae/src) by extension 'cmake'
[0.678s] Level 1:colcon.colcon_core.package_identification:_identify(lstm_ae/src) by extension 'python'
[0.678s] Level 1:colcon.colcon_core.package_identification:_identify(lstm_ae/src) by extensions ['python_setup_py']
[0.678s] Level 1:colcon.colcon_core.package_identification:_identify(lstm_ae/src) by extension 'python_setup_py'
[0.678s] Level 1:colcon.colcon_core.package_identification:_identify(lstm_ae/src/__pycache__) by extensions ['ignore', 'ignore_ament_install']
[0.678s] Level 1:colcon.colcon_core.package_identification:_identify(lstm_ae/src/__pycache__) by extension 'ignore'
[0.678s] Level 1:colcon.colcon_core.package_identification:_identify(lstm_ae/src/__pycache__) by extension 'ignore_ament_install'
[0.678s] Level 1:colcon.colcon_core.package_identification:_identify(lstm_ae/src/__pycache__) by extensions ['colcon_pkg']
[0.678s] Level 1:colcon.colcon_core.package_identification:_identify(lstm_ae/src/__pycache__) by extension 'colcon_pkg'
[0.678s] Level 1:colcon.colcon_core.package_identification:_identify(lstm_ae/src/__pycache__) by extensions ['colcon_meta']
[0.679s] Level 1:colcon.colcon_core.package_identification:_identify(lstm_ae/src/__pycache__) by extension 'colcon_meta'
[0.679s] Level 1:colcon.colcon_core.package_identification:_identify(lstm_ae/src/__pycache__) by extensions ['ros']
[0.679s] Level 1:colcon.colcon_core.package_identification:_identify(lstm_ae/src/__pycache__) by extension 'ros'
[0.679s] Level 1:colcon.colcon_core.package_identification:_identify(lstm_ae/src/__pycache__) by extensions ['cmake', 'python']
[0.679s] Level 1:colcon.colcon_core.package_identification:_identify(lstm_ae/src/__pycache__) by extension 'cmake'
[0.679s] Level 1:colcon.colcon_core.package_identification:_identify(lstm_ae/src/__pycache__) by extension 'python'
[0.679s] Level 1:colcon.colcon_core.package_identification:_identify(lstm_ae/src/__pycache__) by extensions ['python_setup_py']
[0.679s] Level 1:colcon.colcon_core.package_identification:_identify(lstm_ae/src/__pycache__) by extension 'python_setup_py'
[0.679s] Level 1:colcon.colcon_core.package_identification:_identify(lstm_ae/src/sample) by extensions ['ignore', 'ignore_ament_install']
[0.679s] Level 1:colcon.colcon_core.package_identification:_identify(lstm_ae/src/sample) by extension 'ignore'
[0.679s] Level 1:colcon.colcon_core.package_identification:_identify(lstm_ae/src/sample) by extension 'ignore_ament_install'
[0.679s] Level 1:colcon.colcon_core.package_identification:_identify(lstm_ae/src/sample) by extensions ['colcon_pkg']
[0.679s] Level 1:colcon.colcon_core.package_identification:_identify(lstm_ae/src/sample) by extension 'colcon_pkg'
[0.679s] Level 1:colcon.colcon_core.package_identification:_identify(lstm_ae/src/sample) by extensions ['colcon_meta']
[0.679s] Level 1:colcon.colcon_core.package_identification:_identify(lstm_ae/src/sample) by extension 'colcon_meta'
[0.679s] Level 1:colcon.colcon_core.package_identification:_identify(lstm_ae/src/sample) by extensions ['ros']
[0.679s] Level 1:colcon.colcon_core.package_identification:_identify(lstm_ae/src/sample) by extension 'ros'
[0.679s] Level 1:colcon.colcon_core.package_identification:_identify(lstm_ae/src/sample) by extensions ['cmake', 'python']
[0.679s] Level 1:colcon.colcon_core.package_identification:_identify(lstm_ae/src/sample) by extension 'cmake'
[0.679s] Level 1:colcon.colcon_core.package_identification:_identify(lstm_ae/src/sample) by extension 'python'
[0.679s] Level 1:colcon.colcon_core.package_identification:_identify(lstm_ae/src/sample) by extensions ['python_setup_py']
[0.679s] Level 1:colcon.colcon_core.package_identification:_identify(lstm_ae/src/sample) by extension 'python_setup_py'
[0.680s] Level 1:colcon.colcon_core.package_identification:_identify(lstm_ae/src/test) by extensions ['ignore', 'ignore_ament_install']
[0.680s] Level 1:colcon.colcon_core.package_identification:_identify(lstm_ae/src/test) by extension 'ignore'
[0.680s] Level 1:colcon.colcon_core.package_identification:_identify(lstm_ae/src/test) by extension 'ignore_ament_install'
[0.680s] Level 1:colcon.colcon_core.package_identification:_identify(lstm_ae/src/test) by extensions ['colcon_pkg']
[0.680s] Level 1:colcon.colcon_core.package_identification:_identify(lstm_ae/src/test) by extension 'colcon_pkg'
[0.680s] Level 1:colcon.colcon_core.package_identification:_identify(lstm_ae/src/test) by extensions ['colcon_meta']
[0.680s] Level 1:colcon.colcon_core.package_identification:_identify(lstm_ae/src/test) by extension 'colcon_meta'
[0.680s] Level 1:colcon.colcon_core.package_identification:_identify(lstm_ae/src/test) by extensions ['ros']
[0.680s] Level 1:colcon.colcon_core.package_identification:_identify(lstm_ae/src/test) by extension 'ros'
[0.680s] Level 1:colcon.colcon_core.package_identification:_identify(lstm_ae/src/test) by extensions ['cmake', 'python']
[0.680s] Level 1:colcon.colcon_core.package_identification:_identify(lstm_ae/src/test) by extension 'cmake'
[0.680s] Level 1:colcon.colcon_core.package_identification:_identify(lstm_ae/src/test) by extension 'python'
[0.680s] Level 1:colcon.colcon_core.package_identification:_identify(lstm_ae/src/test) by extensions ['python_setup_py']
[0.680s] Level 1:colcon.colcon_core.package_identification:_identify(lstm_ae/src/test) by extension 'python_setup_py'
[0.680s] Level 1:colcon.colcon_core.package_discovery:discover_packages(recursive) using defaults
[0.680s] Level 1:colcon.colcon_core.package_discovery:discover_packages(ignore) discover
[0.680s] Level 1:colcon.colcon_core.package_discovery:discover_packages(ignore) using defaults
[0.680s] Level 1:colcon.colcon_core.package_discovery:discover_packages(path) discover
[0.680s] Level 1:colcon.colcon_core.package_discovery:discover_packages(path) using defaults
[0.700s] INFO:colcon.colcon_core.package_selection:Skipping not selected package 'data_handler' in 'data_handler'
[0.700s] INFO:colcon.colcon_core.package_selection:Skipping not selected package 'realsense2_camera_msgs' in 'hand_sense_ws/src/realsense-ros/realsense2_camera_msgs'
[0.700s] INFO:colcon.colcon_core.package_selection:Skipping not selected package 'ros2serial_arduino' in 'gel_sensor/ros2serial_arduino'
[0.700s] INFO:colcon.colcon_core.package_selection:Skipping not selected package 'subscriber' in 'hand_sense_ws/src/subscriber'
[0.700s] INFO:colcon.colcon_core.package_selection:Skipping not selected package 'realsense2_camera' in 'hand_sense_ws/src/realsense-ros/realsense2_camera'
[0.700s] INFO:colcon.colcon_core.package_selection:Skipping not selected package 'realsense2_description' in 'hand_sense_ws/src/realsense-ros/realsense2_description'
[0.701s] Level 1:colcon.colcon_core.package_discovery:discover_packages(prefix_path) check parameters
[0.701s] Level 1:colcon.colcon_core.package_discovery:discover_packages(prefix_path) discover
[0.703s] DEBUG:colcon.colcon_installed_package_information.package_discovery:Found 6 installed packages in /home/hosodalab9/Sensor-Glove/install
[0.705s] DEBUG:colcon.colcon_installed_package_information.package_discovery:Found 346 installed packages in /opt/ros/humble
[0.708s] Level 1:colcon.colcon_core.package_discovery:discover_packages(prefix_path) using defaults
[0.754s] Level 5:colcon.colcon_core.verb:set package 'hand_show' build argument 'cmake_args' from command line to 'None'
[0.754s] Level 5:colcon.colcon_core.verb:set package 'hand_show' build argument 'cmake_target' from command line to 'None'
[0.754s] Level 5:colcon.colcon_core.verb:set package 'hand_show' build argument 'cmake_target_skip_unavailable' from command line to 'False'
[0.754s] Level 5:colcon.colcon_core.verb:set package 'hand_show' build argument 'cmake_clean_cache' from command line to 'False'
[0.754s] Level 5:colcon.colcon_core.verb:set package 'hand_show' build argument 'cmake_clean_first' from command line to 'False'
[0.754s] Level 5:colcon.colcon_core.verb:set package 'hand_show' build argument 'cmake_force_configure' from command line to 'False'
[0.754s] Level 5:colcon.colcon_core.verb:set package 'hand_show' build argument 'ament_cmake_args' from command line to 'None'
[0.754s] Level 5:colcon.colcon_core.verb:set package 'hand_show' build argument 'catkin_cmake_args' from command line to 'None'
[0.754s] Level 5:colcon.colcon_core.verb:set package 'hand_show' build argument 'catkin_skip_building_tests' from command line to 'False'
[0.754s] DEBUG:colcon.colcon_core.verb:Building package 'hand_show' with the following arguments: {'ament_cmake_args': None, 'build_base': '/home/hosodalab9/Sensor-Glove/src/build/hand_show', 'catkin_cmake_args': None, 'catkin_skip_building_tests': False, 'cmake_args': None, 'cmake_clean_cache': False, 'cmake_clean_first': False, 'cmake_force_configure': False, 'cmake_target': None, 'cmake_target_skip_unavailable': False, 'install_base': '/home/hosodalab9/Sensor-Glove/src/install/hand_show', 'merge_install': False, 'path': '/home/hosodalab9/Sensor-Glove/src/hand_sense_ws/src/hand_show', 'symlink_install': False, 'test_result_base': None}
[0.755s] INFO:colcon.colcon_core.executor:Executing jobs using 'parallel' executor
[0.756s] DEBUG:colcon.colcon_parallel_executor.executor.parallel:run_until_complete
[0.756s] INFO:colcon.colcon_core.task.python.build:Building Python package in '/home/hosodalab9/Sensor-Glove/src/hand_sense_ws/src/hand_show'
[0.758s] INFO:colcon.colcon_core.plugin_system:Skipping extension 'colcon_core.shell.bat': Not used on non-Windows systems
[0.759s] INFO:colcon.colcon_core.shell:Skip shell extension 'powershell' for command environment: Not usable outside of PowerShell
[0.759s] DEBUG:colcon.colcon_core.shell:Skip shell extension 'dsv' for command environment
[1.360s] DEBUG:colcon.colcon_core.event_handler.log_command:Invoking command in '/home/hosodalab9/Sensor-Glove/src/hand_sense_ws/src/hand_show': PYTHONPATH=/home/hosodalab9/Sensor-Glove/src/build/hand_show/prefix_override:/usr/lib/python3/dist-packages/colcon_core/task/python/colcon_distutils_commands:/home/hosodalab9/Sensor-Glove/src/install/hand_show/lib/python3.10/site-packages:${PYTHONPATH} /usr/bin/python3 -W ignore:setup.py install is deprecated setup.py egg_info --egg-base ../../../build/hand_show build --build-base /home/hosodalab9/Sensor-Glove/src/build/hand_show/build install --record /home/hosodalab9/Sensor-Glove/src/build/hand_show/install.log --single-version-externally-managed install_data
[1.585s] DEBUG:colcon.colcon_core.event_handler.log_command:Invoked command in '/home/hosodalab9/Sensor-Glove/src/hand_sense_ws/src/hand_show' returned '0': PYTHONPATH=/home/hosodalab9/Sensor-Glove/src/build/hand_show/prefix_override:/usr/lib/python3/dist-packages/colcon_core/task/python/colcon_distutils_commands:/home/hosodalab9/Sensor-Glove/src/install/hand_show/lib/python3.10/site-packages:${PYTHONPATH} /usr/bin/python3 -W ignore:setup.py install is deprecated setup.py egg_info --egg-base ../../../build/hand_show build --build-base /home/hosodalab9/Sensor-Glove/src/build/hand_show/build install --record /home/hosodalab9/Sensor-Glove/src/build/hand_show/install.log --single-version-externally-managed install_data
[1.590s] Level 1:colcon.colcon_core.environment:checking '/home/hosodalab9/Sensor-Glove/src/install/hand_show' for CMake module files
[1.590s] Level 1:colcon.colcon_core.environment:checking '/home/hosodalab9/Sensor-Glove/src/install/hand_show' for CMake config files
[1.591s] Level 1:colcon.colcon_core.environment:checking '/home/hosodalab9/Sensor-Glove/src/install/hand_show/lib'
[1.591s] Level 1:colcon.colcon_core.environment:checking '/home/hosodalab9/Sensor-Glove/src/install/hand_show/bin'
[1.591s] Level 1:colcon.colcon_core.environment:checking '/home/hosodalab9/Sensor-Glove/src/install/hand_show/lib/pkgconfig/hand_show.pc'
[1.591s] Level 1:colcon.colcon_core.environment:checking '/home/hosodalab9/Sensor-Glove/src/install/hand_show/lib/python3.10/site-packages'
[1.591s] Level 1:colcon.colcon_core.shell:create_environment_hook('hand_show', 'pythonpath')
[1.591s] INFO:colcon.colcon_core.shell:Creating environment hook '/home/hosodalab9/Sensor-Glove/src/install/hand_show/share/hand_show/hook/pythonpath.ps1'
[1.593s] INFO:colcon.colcon_core.shell:Creating environment descriptor '/home/hosodalab9/Sensor-Glove/src/install/hand_show/share/hand_show/hook/pythonpath.dsv'
[1.594s] INFO:colcon.colcon_core.shell:Creating environment hook '/home/hosodalab9/Sensor-Glove/src/install/hand_show/share/hand_show/hook/pythonpath.sh'
[1.596s] Level 1:colcon.colcon_core.environment:checking '/home/hosodalab9/Sensor-Glove/src/install/hand_show/bin'
[1.597s] Level 1:colcon.colcon_core.environment:create_environment_scripts_only(hand_show)
[1.597s] INFO:colcon.colcon_core.shell:Creating package script '/home/hosodalab9/Sensor-Glove/src/install/hand_show/share/hand_show/package.ps1'
[1.597s] INFO:colcon.colcon_core.shell:Creating package descriptor '/home/hosodalab9/Sensor-Glove/src/install/hand_show/share/hand_show/package.dsv'
[1.599s] INFO:colcon.colcon_core.shell:Creating package script '/home/hosodalab9/Sensor-Glove/src/install/hand_show/share/hand_show/package.sh'
[1.601s] INFO:colcon.colcon_core.shell:Creating package script '/home/hosodalab9/Sensor-Glove/src/install/hand_show/share/hand_show/package.bash'
[1.603s] INFO:colcon.colcon_core.shell:Creating package script '/home/hosodalab9/Sensor-Glove/src/install/hand_show/share/hand_show/package.zsh'
[1.604s] Level 1:colcon.colcon_core.environment:create_file_with_runtime_dependencies(/home/hosodalab9/Sensor-Glove/src/install/hand_show/share/colcon-core/packages/hand_show)
[1.605s] DEBUG:colcon.colcon_parallel_executor.executor.parallel:closing loop
[1.605s] DEBUG:colcon.colcon_parallel_executor.executor.parallel:loop closed
[1.605s] DEBUG:colcon.colcon_parallel_executor.executor.parallel:run_until_complete finished with '0'
[1.605s] DEBUG:colcon.colcon_core.event_reactor:joining thread
[1.609s] INFO:colcon.colcon_core.plugin_system:Skipping extension 'colcon_notification.desktop_notification.terminal_notifier': Not used on non-Darwin systems
[1.609s] INFO:colcon.colcon_core.plugin_system:Skipping extension 'colcon_notification.desktop_notification.win32': Not used on non-Windows systems
[1.609s] INFO:colcon.colcon_notification.desktop_notification:Sending desktop notification using 'notify2'
[1.622s] DEBUG:colcon.colcon_core.event_reactor:joined thread
[1.622s] INFO:colcon.colcon_core.shell:Creating prefix script '/home/hosodalab9/Sensor-Glove/src/install/local_setup.ps1'
[1.623s] INFO:colcon.colcon_core.shell:Creating prefix util module '/home/hosodalab9/Sensor-Glove/src/install/_local_setup_util_ps1.py'
[1.623s] INFO:colcon.colcon_core.shell:Creating prefix chain script '/home/hosodalab9/Sensor-Glove/src/install/setup.ps1'
[1.624s] INFO:colcon.colcon_core.shell:Creating prefix script '/home/hosodalab9/Sensor-Glove/src/install/local_setup.sh'
[1.625s] INFO:colcon.colcon_core.shell:Creating prefix util module '/home/hosodalab9/Sensor-Glove/src/install/_local_setup_util_sh.py'
[1.626s] INFO:colcon.colcon_core.shell:Creating prefix chain script '/home/hosodalab9/Sensor-Glove/src/install/setup.sh'
[1.627s] INFO:colcon.colcon_core.shell:Creating prefix script '/home/hosodalab9/Sensor-Glove/src/install/local_setup.bash'
[1.627s] INFO:colcon.colcon_core.shell:Creating prefix chain script '/home/hosodalab9/Sensor-Glove/src/install/setup.bash'
[1.628s] INFO:colcon.colcon_core.shell:Creating prefix script '/home/hosodalab9/Sensor-Glove/src/install/local_setup.zsh'
[1.629s] INFO:colcon.colcon_core.shell:Creating prefix chain script '/home/hosodalab9/Sensor-Glove/src/install/setup.zsh'
