[0.631s] Invoking command in '/home/hosodalab9/Sensor-Glove/src/hand_show': PYTHONPATH=/home/hosodalab9/Sensor-Glove/build/hand_show/prefix_override:/usr/lib/python3/dist-packages/colcon_core/task/python/colcon_distutils_commands:/home/hosodalab9/Sensor-Glove/install/hand_show/lib/python3.10/site-packages:${PYTHONPATH} /usr/bin/python3 -W ignore:setup.py install is deprecated setup.py egg_info --egg-base ../../build/hand_show build --build-base /home/hosodalab9/Sensor-Glove/build/hand_show/build install --record /home/hosodalab9/Sensor-Glove/build/hand_show/install.log --single-version-externally-managed install_data
[0.818s] running egg_info
[0.818s] creating ../../build/hand_show/hand_show.egg-info
[0.818s] writing ../../build/hand_show/hand_show.egg-info/PKG-INFO
[0.819s] writing dependency_links to ../../build/hand_show/hand_show.egg-info/dependency_links.txt
[0.819s] writing entry points to ../../build/hand_show/hand_show.egg-info/entry_points.txt
[0.819s] writing requirements to ../../build/hand_show/hand_show.egg-info/requires.txt
[0.819s] writing top-level names to ../../build/hand_show/hand_show.egg-info/top_level.txt
[0.819s] writing manifest file '../../build/hand_show/hand_show.egg-info/SOURCES.txt'
[0.820s] reading manifest file '../../build/hand_show/hand_show.egg-info/SOURCES.txt'
[0.821s] writing manifest file '../../build/hand_show/hand_show.egg-info/SOURCES.txt'
[0.821s] running build
[0.821s] running build_py
[0.821s] creating /home/hosodalab9/Sensor-Glove/build/hand_show/build
[0.821s] creating /home/hosodalab9/Sensor-Glove/build/hand_show/build/lib
[0.821s] creating /home/hosodalab9/Sensor-Glove/build/hand_show/build/lib/hand_show
[0.821s] copying hand_show/listener_test.py -> /home/hosodalab9/Sensor-Glove/build/hand_show/build/lib/hand_show
[0.821s] copying hand_show/hand_show_test.py -> /home/hosodalab9/Sensor-Glove/build/hand_show/build/lib/hand_show
[0.821s] copying hand_show/__init__.py -> /home/hosodalab9/Sensor-Glove/build/hand_show/build/lib/hand_show
[0.821s] copying hand_show/talker_test.py -> /home/hosodalab9/Sensor-Glove/build/hand_show/build/lib/hand_show
[0.821s] copying hand_show/listener_index.py -> /home/hosodalab9/Sensor-Glove/build/hand_show/build/lib/hand_show
[0.821s] copying hand_show/talker_index.py -> /home/hosodalab9/Sensor-Glove/build/hand_show/build/lib/hand_show
[0.821s] running install
[0.822s] running install_lib
[0.822s] creating /home/hosodalab9/Sensor-Glove/install/hand_show/lib/python3.10/site-packages/hand_show
[0.822s] copying /home/hosodalab9/Sensor-Glove/build/hand_show/build/lib/hand_show/listener_test.py -> /home/hosodalab9/Sensor-Glove/install/hand_show/lib/python3.10/site-packages/hand_show
[0.822s] copying /home/hosodalab9/Sensor-Glove/build/hand_show/build/lib/hand_show/hand_show_test.py -> /home/hosodalab9/Sensor-Glove/install/hand_show/lib/python3.10/site-packages/hand_show
[0.822s] copying /home/hosodalab9/Sensor-Glove/build/hand_show/build/lib/hand_show/__init__.py -> /home/hosodalab9/Sensor-Glove/install/hand_show/lib/python3.10/site-packages/hand_show
[0.822s] copying /home/hosodalab9/Sensor-Glove/build/hand_show/build/lib/hand_show/talker_test.py -> /home/hosodalab9/Sensor-Glove/install/hand_show/lib/python3.10/site-packages/hand_show
[0.822s] copying /home/hosodalab9/Sensor-Glove/build/hand_show/build/lib/hand_show/listener_index.py -> /home/hosodalab9/Sensor-Glove/install/hand_show/lib/python3.10/site-packages/hand_show
[0.823s] copying /home/hosodalab9/Sensor-Glove/build/hand_show/build/lib/hand_show/talker_index.py -> /home/hosodalab9/Sensor-Glove/install/hand_show/lib/python3.10/site-packages/hand_show
[0.823s] byte-compiling /home/hosodalab9/Sensor-Glove/install/hand_show/lib/python3.10/site-packages/hand_show/listener_test.py to listener_test.cpython-310.pyc
[0.824s] byte-compiling /home/hosodalab9/Sensor-Glove/install/hand_show/lib/python3.10/site-packages/hand_show/hand_show_test.py to hand_show_test.cpython-310.pyc
[0.825s] byte-compiling /home/hosodalab9/Sensor-Glove/install/hand_show/lib/python3.10/site-packages/hand_show/__init__.py to __init__.cpython-310.pyc
[0.825s] byte-compiling /home/hosodalab9/Sensor-Glove/install/hand_show/lib/python3.10/site-packages/hand_show/talker_test.py to talker_test.cpython-310.pyc
[0.825s] byte-compiling /home/hosodalab9/Sensor-Glove/install/hand_show/lib/python3.10/site-packages/hand_show/listener_index.py to listener_index.cpython-310.pyc
[0.826s] byte-compiling /home/hosodalab9/Sensor-Glove/install/hand_show/lib/python3.10/site-packages/hand_show/talker_index.py to talker_index.cpython-310.pyc
[0.826s] running install_data
[0.826s] creating /home/hosodalab9/Sensor-Glove/install/hand_show/share/ament_index
[0.827s] creating /home/hosodalab9/Sensor-Glove/install/hand_show/share/ament_index/resource_index
[0.827s] creating /home/hosodalab9/Sensor-Glove/install/hand_show/share/ament_index/resource_index/packages
[0.827s] copying resource/hand_show -> /home/hosodalab9/Sensor-Glove/install/hand_show/share/ament_index/resource_index/packages
[0.827s] copying package.xml -> /home/hosodalab9/Sensor-Glove/install/hand_show/share/hand_show
[0.827s] running install_egg_info
[0.828s] Copying ../../build/hand_show/hand_show.egg-info to /home/hosodalab9/Sensor-Glove/install/hand_show/lib/python3.10/site-packages/hand_show-0.0.0-py3.10.egg-info
[0.828s] running install_scripts
[0.842s] Installing listener_index script to /home/hosodalab9/Sensor-Glove/install/hand_show/lib/hand_show
[0.843s] Installing talker_index script to /home/hosodalab9/Sensor-Glove/install/hand_show/lib/hand_show
[0.843s] writing list of installed files to '/home/hosodalab9/Sensor-Glove/build/hand_show/install.log'
[0.861s] Invoked command in '/home/hosodalab9/Sensor-Glove/src/hand_show' returned '0': PYTHONPATH=/home/hosodalab9/Sensor-Glove/build/hand_show/prefix_override:/usr/lib/python3/dist-packages/colcon_core/task/python/colcon_distutils_commands:/home/hosodalab9/Sensor-Glove/install/hand_show/lib/python3.10/site-packages:${PYTHONPATH} /usr/bin/python3 -W ignore:setup.py install is deprecated setup.py egg_info --egg-base ../../build/hand_show build --build-base /home/hosodalab9/Sensor-Glove/build/hand_show/build install --record /home/hosodalab9/Sensor-Glove/build/hand_show/install.log --single-version-externally-managed install_data
