/home/hosodalab9/Sensor-Glove/install/hand_show/lib/python3.10/site-packages/hand_show/listener_test.py
/home/hosodalab9/Sensor-Glove/install/hand_show/lib/python3.10/site-packages/hand_show/hand_show_test.py
/home/hosodalab9/Sensor-Glove/install/hand_show/lib/python3.10/site-packages/hand_show/__init__.py
/home/hosodalab9/Sensor-Glove/install/hand_show/lib/python3.10/site-packages/hand_show/talker_test.py
/home/hosodalab9/Sensor-Glove/install/hand_show/lib/python3.10/site-packages/hand_show/listener_index.py
/home/hosodalab9/Sensor-Glove/install/hand_show/lib/python3.10/site-packages/hand_show/talker_index.py
/home/hosodalab9/Sensor-Glove/install/hand_show/lib/python3.10/site-packages/hand_show/__pycache__/listener_test.cpython-310.pyc
/home/hosodalab9/Sensor-Glove/install/hand_show/lib/python3.10/site-packages/hand_show/__pycache__/hand_show_test.cpython-310.pyc
/home/hosodalab9/Sensor-Glove/install/hand_show/lib/python3.10/site-packages/hand_show/__pycache__/__init__.cpython-310.pyc
/home/hosodalab9/Sensor-Glove/install/hand_show/lib/python3.10/site-packages/hand_show/__pycache__/talker_test.cpython-310.pyc
/home/hosodalab9/Sensor-Glove/install/hand_show/lib/python3.10/site-packages/hand_show/__pycache__/listener_index.cpython-310.pyc
/home/hosodalab9/Sensor-Glove/install/hand_show/lib/python3.10/site-packages/hand_show/__pycache__/talker_index.cpython-310.pyc
/home/hosodalab9/Sensor-Glove/install/hand_show/share/ament_index/resource_index/packages/hand_show
/home/hosodalab9/Sensor-Glove/install/hand_show/share/hand_show/package.xml
/home/hosodalab9/Sensor-Glove/install/hand_show/lib/python3.10/site-packages/hand_show-0.0.0-py3.10.egg-info/dependency_links.txt
/home/hosodalab9/Sensor-Glove/install/hand_show/lib/python3.10/site-packages/hand_show-0.0.0-py3.10.egg-info/entry_points.txt
/home/hosodalab9/Sensor-Glove/install/hand_show/lib/python3.10/site-packages/hand_show-0.0.0-py3.10.egg-info/zip-safe
/home/hosodalab9/Sensor-Glove/install/hand_show/lib/python3.10/site-packages/hand_show-0.0.0-py3.10.egg-info/SOURCES.txt
/home/hosodalab9/Sensor-Glove/install/hand_show/lib/python3.10/site-packages/hand_show-0.0.0-py3.10.egg-info/PKG-INFO
/home/hosodalab9/Sensor-Glove/install/hand_show/lib/python3.10/site-packages/hand_show-0.0.0-py3.10.egg-info/requires.txt
/home/hosodalab9/Sensor-Glove/install/hand_show/lib/python3.10/site-packages/hand_show-0.0.0-py3.10.egg-info/top_level.txt
/home/hosodalab9/Sensor-Glove/install/hand_show/lib/hand_show/listener_index
/home/hosodalab9/Sensor-Glove/install/hand_show/lib/hand_show/talker_index
