[0.085s] DEBUG:colcon:Command line arguments: ['/usr/bin/colcon', 'build', '--packages-select', 'hand_show']
[0.085s] DEBUG:colcon:Parsed command line arguments: Namespace(log_base=None, log_level=None, verb_name='build', build_base='build', install_base='install', merge_install=False, symlink_install=False, test_result_base=None, continue_on_error=False, executor='parallel', parallel_workers=16, event_handlers=None, ignore_user_meta=False, metas=['./colcon.meta'], base_paths=['.'], packages_ignore=None, packages_ignore_regex=None, paths=None, packages_up_to=None, packages_up_to_regex=None, packages_above=None, packages_above_and_dependencies=None, packages_above_depth=None, packages_select_by_dep=None, packages_skip_by_dep=None, packages_skip_up_to=None, packages_select_build_failed=False, packages_skip_build_finished=False, packages_select_test_failures=False, packages_skip_test_passed=False, packages_select=['hand_show'], packages_skip=None, packages_select_regex=None, packages_skip_regex=None, packages_start=None, packages_end=None, allow_overriding=[], cmake_args=None, cmake_target=None, cmake_target_skip_unavailable=False, cmake_clean_cache=False, cmake_clean_first=False, cmake_force_configure=False, ament_cmake_args=None, catkin_cmake_args=None, catkin_skip_building_tests=False, mixin_files=None, mixin=None, verb_parser=<colcon_mixin.mixin.mixin_argument.MixinArgumentDecorator object at 0x71f130e84e80>, verb_extension=<colcon_core.verb.build.BuildVerb object at 0x71f130f89570>, main=<bound method BuildVerb.main of <colcon_core.verb.build.BuildVerb object at 0x71f130f89570>>, mixin_verb=('build',))
[0.230s] Level 1:colcon.colcon_core.package_discovery:discover_packages(colcon_meta) check parameters
[0.230s] Level 1:colcon.colcon_core.package_discovery:discover_packages(recursive) check parameters
[0.230s] Level 1:colcon.colcon_core.package_discovery:discover_packages(ignore) check parameters
[0.230s] Level 1:colcon.colcon_core.package_discovery:discover_packages(path) check parameters
[0.230s] Level 1:colcon.colcon_core.package_discovery:discover_packages(colcon_meta) discover
[0.230s] Level 1:colcon.colcon_core.package_discovery:discover_packages(recursive) discover
[0.230s] INFO:colcon.colcon_core.package_discovery:Crawling recursively for packages in '/home/hosodalab9/Sensor-Glove'
[0.231s] Level 1:colcon.colcon_core.package_identification:_identify(.) by extensions ['ignore', 'ignore_ament_install']
[0.231s] Level 1:colcon.colcon_core.package_identification:_identify(.) by extension 'ignore'
[0.231s] Level 1:colcon.colcon_core.package_identification:_identify(.) by extension 'ignore_ament_install'
[0.231s] Level 1:colcon.colcon_core.package_identification:_identify(.) by extensions ['colcon_pkg']
[0.231s] Level 1:colcon.colcon_core.package_identification:_identify(.) by extension 'colcon_pkg'
[0.231s] Level 1:colcon.colcon_core.package_identification:_identify(.) by extensions ['colcon_meta']
[0.231s] Level 1:colcon.colcon_core.package_identification:_identify(.) by extension 'colcon_meta'
[0.231s] Level 1:colcon.colcon_core.package_identification:_identify(.) by extensions ['ros']
[0.231s] Level 1:colcon.colcon_core.package_identification:_identify(.) by extension 'ros'
[0.252s] Level 1:colcon.colcon_core.package_identification:_identify(.) by extensions ['cmake', 'python']
[0.252s] Level 1:colcon.colcon_core.package_identification:_identify(.) by extension 'cmake'
[0.252s] Level 1:colcon.colcon_core.package_identification:_identify(.) by extension 'python'
[0.252s] Level 1:colcon.colcon_core.package_identification:_identify(.) by extensions ['python_setup_py']
[0.252s] Level 1:colcon.colcon_core.package_identification:_identify(.) by extension 'python_setup_py'
[0.252s] Level 1:colcon.colcon_core.package_identification:_identify(build) by extensions ['ignore', 'ignore_ament_install']
[0.252s] Level 1:colcon.colcon_core.package_identification:_identify(build) by extension 'ignore'
[0.252s] Level 1:colcon.colcon_core.package_identification:_identify(build) ignored
[0.252s] Level 1:colcon.colcon_core.package_identification:_identify(exe) by extensions ['ignore', 'ignore_ament_install']
[0.252s] Level 1:colcon.colcon_core.package_identification:_identify(exe) by extension 'ignore'
[0.252s] Level 1:colcon.colcon_core.package_identification:_identify(exe) by extension 'ignore_ament_install'
[0.253s] Level 1:colcon.colcon_core.package_identification:_identify(exe) by extensions ['colcon_pkg']
[0.253s] Level 1:colcon.colcon_core.package_identification:_identify(exe) by extension 'colcon_pkg'
[0.253s] Level 1:colcon.colcon_core.package_identification:_identify(exe) by extensions ['colcon_meta']
[0.253s] Level 1:colcon.colcon_core.package_identification:_identify(exe) by extension 'colcon_meta'
[0.253s] Level 1:colcon.colcon_core.package_identification:_identify(exe) by extensions ['ros']
[0.253s] Level 1:colcon.colcon_core.package_identification:_identify(exe) by extension 'ros'
[0.253s] Level 1:colcon.colcon_core.package_identification:_identify(exe) by extensions ['cmake', 'python']
[0.253s] Level 1:colcon.colcon_core.package_identification:_identify(exe) by extension 'cmake'
[0.253s] Level 1:colcon.colcon_core.package_identification:_identify(exe) by extension 'python'
[0.253s] Level 1:colcon.colcon_core.package_identification:_identify(exe) by extensions ['python_setup_py']
[0.253s] Level 1:colcon.colcon_core.package_identification:_identify(exe) by extension 'python_setup_py'
[0.253s] Level 1:colcon.colcon_core.package_identification:_identify(exe/bashes) by extensions ['ignore', 'ignore_ament_install']
[0.253s] Level 1:colcon.colcon_core.package_identification:_identify(exe/bashes) by extension 'ignore'
[0.253s] Level 1:colcon.colcon_core.package_identification:_identify(exe/bashes) by extension 'ignore_ament_install'
[0.253s] Level 1:colcon.colcon_core.package_identification:_identify(exe/bashes) by extensions ['colcon_pkg']
[0.253s] Level 1:colcon.colcon_core.package_identification:_identify(exe/bashes) by extension 'colcon_pkg'
[0.253s] Level 1:colcon.colcon_core.package_identification:_identify(exe/bashes) by extensions ['colcon_meta']
[0.253s] Level 1:colcon.colcon_core.package_identification:_identify(exe/bashes) by extension 'colcon_meta'
[0.253s] Level 1:colcon.colcon_core.package_identification:_identify(exe/bashes) by extensions ['ros']
[0.253s] Level 1:colcon.colcon_core.package_identification:_identify(exe/bashes) by extension 'ros'
[0.253s] Level 1:colcon.colcon_core.package_identification:_identify(exe/bashes) by extensions ['cmake', 'python']
[0.253s] Level 1:colcon.colcon_core.package_identification:_identify(exe/bashes) by extension 'cmake'
[0.253s] Level 1:colcon.colcon_core.package_identification:_identify(exe/bashes) by extension 'python'
[0.253s] Level 1:colcon.colcon_core.package_identification:_identify(exe/bashes) by extensions ['python_setup_py']
[0.253s] Level 1:colcon.colcon_core.package_identification:_identify(exe/bashes) by extension 'python_setup_py'
[0.253s] Level 1:colcon.colcon_core.package_identification:_identify(install) by extensions ['ignore', 'ignore_ament_install']
[0.253s] Level 1:colcon.colcon_core.package_identification:_identify(install) by extension 'ignore'
[0.253s] Level 1:colcon.colcon_core.package_identification:_identify(install) ignored
[0.254s] Level 1:colcon.colcon_core.package_identification:_identify(log) by extensions ['ignore', 'ignore_ament_install']
[0.254s] Level 1:colcon.colcon_core.package_identification:_identify(log) by extension 'ignore'
[0.254s] Level 1:colcon.colcon_core.package_identification:_identify(log) ignored
[0.254s] Level 1:colcon.colcon_core.package_identification:_identify(src) by extensions ['ignore', 'ignore_ament_install']
[0.254s] Level 1:colcon.colcon_core.package_identification:_identify(src) by extension 'ignore'
[0.254s] Level 1:colcon.colcon_core.package_identification:_identify(src) by extension 'ignore_ament_install'
[0.254s] Level 1:colcon.colcon_core.package_identification:_identify(src) by extensions ['colcon_pkg']
[0.254s] Level 1:colcon.colcon_core.package_identification:_identify(src) by extension 'colcon_pkg'
[0.254s] Level 1:colcon.colcon_core.package_identification:_identify(src) by extensions ['colcon_meta']
[0.254s] Level 1:colcon.colcon_core.package_identification:_identify(src) by extension 'colcon_meta'
[0.254s] Level 1:colcon.colcon_core.package_identification:_identify(src) by extensions ['ros']
[0.254s] Level 1:colcon.colcon_core.package_identification:_identify(src) by extension 'ros'
[0.254s] Level 1:colcon.colcon_core.package_identification:_identify(src) by extensions ['cmake', 'python']
[0.254s] Level 1:colcon.colcon_core.package_identification:_identify(src) by extension 'cmake'
[0.254s] Level 1:colcon.colcon_core.package_identification:_identify(src) by extension 'python'
[0.254s] Level 1:colcon.colcon_core.package_identification:_identify(src) by extensions ['python_setup_py']
[0.254s] Level 1:colcon.colcon_core.package_identification:_identify(src) by extension 'python_setup_py'
[0.254s] Level 1:colcon.colcon_core.package_identification:_identify(src/build) by extensions ['ignore', 'ignore_ament_install']
[0.254s] Level 1:colcon.colcon_core.package_identification:_identify(src/build) by extension 'ignore'
[0.254s] Level 1:colcon.colcon_core.package_identification:_identify(src/build) ignored
[0.254s] Level 1:colcon.colcon_core.package_identification:_identify(src/data_handler) by extensions ['ignore', 'ignore_ament_install']
[0.254s] Level 1:colcon.colcon_core.package_identification:_identify(src/data_handler) by extension 'ignore'
[0.254s] Level 1:colcon.colcon_core.package_identification:_identify(src/data_handler) by extension 'ignore_ament_install'
[0.254s] Level 1:colcon.colcon_core.package_identification:_identify(src/data_handler) by extensions ['colcon_pkg']
[0.254s] Level 1:colcon.colcon_core.package_identification:_identify(src/data_handler) by extension 'colcon_pkg'
[0.254s] Level 1:colcon.colcon_core.package_identification:_identify(src/data_handler) by extensions ['colcon_meta']
[0.254s] Level 1:colcon.colcon_core.package_identification:_identify(src/data_handler) by extension 'colcon_meta'
[0.255s] Level 1:colcon.colcon_core.package_identification:_identify(src/data_handler) by extensions ['ros']
[0.255s] Level 1:colcon.colcon_core.package_identification:_identify(src/data_handler) by extension 'ros'
[0.256s] DEBUG:colcon.colcon_core.package_identification:Package 'src/data_handler' with type 'ros.ament_cmake' and name 'data_handler'
[0.256s] Level 1:colcon.colcon_core.package_identification:_identify(src/gel_sensor) by extensions ['ignore', 'ignore_ament_install']
[0.256s] Level 1:colcon.colcon_core.package_identification:_identify(src/gel_sensor) by extension 'ignore'
[0.256s] Level 1:colcon.colcon_core.package_identification:_identify(src/gel_sensor) by extension 'ignore_ament_install'
[0.257s] Level 1:colcon.colcon_core.package_identification:_identify(src/gel_sensor) by extensions ['colcon_pkg']
[0.257s] Level 1:colcon.colcon_core.package_identification:_identify(src/gel_sensor) by extension 'colcon_pkg'
[0.257s] Level 1:colcon.colcon_core.package_identification:_identify(src/gel_sensor) by extensions ['colcon_meta']
[0.257s] Level 1:colcon.colcon_core.package_identification:_identify(src/gel_sensor) by extension 'colcon_meta'
[0.257s] Level 1:colcon.colcon_core.package_identification:_identify(src/gel_sensor) by extensions ['ros']
[0.257s] Level 1:colcon.colcon_core.package_identification:_identify(src/gel_sensor) by extension 'ros'
[0.257s] Level 1:colcon.colcon_core.package_identification:_identify(src/gel_sensor) by extensions ['cmake', 'python']
[0.257s] Level 1:colcon.colcon_core.package_identification:_identify(src/gel_sensor) by extension 'cmake'
[0.257s] Level 1:colcon.colcon_core.package_identification:_identify(src/gel_sensor) by extension 'python'
[0.257s] Level 1:colcon.colcon_core.package_identification:_identify(src/gel_sensor) by extensions ['python_setup_py']
[0.257s] Level 1:colcon.colcon_core.package_identification:_identify(src/gel_sensor) by extension 'python_setup_py'
[0.257s] Level 1:colcon.colcon_core.package_identification:_identify(src/gel_sensor/globe_sensor) by extensions ['ignore', 'ignore_ament_install']
[0.257s] Level 1:colcon.colcon_core.package_identification:_identify(src/gel_sensor/globe_sensor) by extension 'ignore'
[0.257s] Level 1:colcon.colcon_core.package_identification:_identify(src/gel_sensor/globe_sensor) by extension 'ignore_ament_install'
[0.257s] Level 1:colcon.colcon_core.package_identification:_identify(src/gel_sensor/globe_sensor) by extensions ['colcon_pkg']
[0.257s] Level 1:colcon.colcon_core.package_identification:_identify(src/gel_sensor/globe_sensor) by extension 'colcon_pkg'
[0.257s] Level 1:colcon.colcon_core.package_identification:_identify(src/gel_sensor/globe_sensor) by extensions ['colcon_meta']
[0.257s] Level 1:colcon.colcon_core.package_identification:_identify(src/gel_sensor/globe_sensor) by extension 'colcon_meta'
[0.257s] Level 1:colcon.colcon_core.package_identification:_identify(src/gel_sensor/globe_sensor) by extensions ['ros']
[0.257s] Level 1:colcon.colcon_core.package_identification:_identify(src/gel_sensor/globe_sensor) by extension 'ros'
[0.257s] Level 1:colcon.colcon_core.package_identification:_identify(src/gel_sensor/globe_sensor) by extensions ['cmake', 'python']
[0.257s] Level 1:colcon.colcon_core.package_identification:_identify(src/gel_sensor/globe_sensor) by extension 'cmake'
[0.257s] Level 1:colcon.colcon_core.package_identification:_identify(src/gel_sensor/globe_sensor) by extension 'python'
[0.257s] Level 1:colcon.colcon_core.package_identification:_identify(src/gel_sensor/globe_sensor) by extensions ['python_setup_py']
[0.257s] Level 1:colcon.colcon_core.package_identification:_identify(src/gel_sensor/globe_sensor) by extension 'python_setup_py'
[0.257s] Level 1:colcon.colcon_core.package_identification:_identify(src/gel_sensor/ros2serial_arduino) by extensions ['ignore', 'ignore_ament_install']
[0.257s] Level 1:colcon.colcon_core.package_identification:_identify(src/gel_sensor/ros2serial_arduino) by extension 'ignore'
[0.258s] Level 1:colcon.colcon_core.package_identification:_identify(src/gel_sensor/ros2serial_arduino) by extension 'ignore_ament_install'
[0.258s] Level 1:colcon.colcon_core.package_identification:_identify(src/gel_sensor/ros2serial_arduino) by extensions ['colcon_pkg']
[0.258s] Level 1:colcon.colcon_core.package_identification:_identify(src/gel_sensor/ros2serial_arduino) by extension 'colcon_pkg'
[0.258s] Level 1:colcon.colcon_core.package_identification:_identify(src/gel_sensor/ros2serial_arduino) by extensions ['colcon_meta']
[0.258s] Level 1:colcon.colcon_core.package_identification:_identify(src/gel_sensor/ros2serial_arduino) by extension 'colcon_meta'
[0.258s] Level 1:colcon.colcon_core.package_identification:_identify(src/gel_sensor/ros2serial_arduino) by extensions ['ros']
[0.258s] Level 1:colcon.colcon_core.package_identification:_identify(src/gel_sensor/ros2serial_arduino) by extension 'ros'
[0.258s] DEBUG:colcon.colcon_core.package_identification:Package 'src/gel_sensor/ros2serial_arduino' with type 'ros.ament_cmake' and name 'ros2serial_arduino'
[0.258s] Level 1:colcon.colcon_core.package_identification:_identify(src/gel_sensor/sample) by extensions ['ignore', 'ignore_ament_install']
[0.258s] Level 1:colcon.colcon_core.package_identification:_identify(src/gel_sensor/sample) by extension 'ignore'
[0.258s] Level 1:colcon.colcon_core.package_identification:_identify(src/gel_sensor/sample) by extension 'ignore_ament_install'
[0.258s] Level 1:colcon.colcon_core.package_identification:_identify(src/gel_sensor/sample) by extensions ['colcon_pkg']
[0.258s] Level 1:colcon.colcon_core.package_identification:_identify(src/gel_sensor/sample) by extension 'colcon_pkg'
[0.258s] Level 1:colcon.colcon_core.package_identification:_identify(src/gel_sensor/sample) by extensions ['colcon_meta']
[0.258s] Level 1:colcon.colcon_core.package_identification:_identify(src/gel_sensor/sample) by extension 'colcon_meta'
[0.258s] Level 1:colcon.colcon_core.package_identification:_identify(src/gel_sensor/sample) by extensions ['ros']
[0.258s] Level 1:colcon.colcon_core.package_identification:_identify(src/gel_sensor/sample) by extension 'ros'
[0.259s] Level 1:colcon.colcon_core.package_identification:_identify(src/gel_sensor/sample) by extensions ['cmake', 'python']
[0.259s] Level 1:colcon.colcon_core.package_identification:_identify(src/gel_sensor/sample) by extension 'cmake'
[0.259s] Level 1:colcon.colcon_core.package_identification:_identify(src/gel_sensor/sample) by extension 'python'
[0.259s] Level 1:colcon.colcon_core.package_identification:_identify(src/gel_sensor/sample) by extensions ['python_setup_py']
[0.259s] Level 1:colcon.colcon_core.package_identification:_identify(src/gel_sensor/sample) by extension 'python_setup_py'
[0.259s] Level 1:colcon.colcon_core.package_identification:_identify(src/gel_sensor/sample1) by extensions ['ignore', 'ignore_ament_install']
[0.259s] Level 1:colcon.colcon_core.package_identification:_identify(src/gel_sensor/sample1) by extension 'ignore'
[0.259s] Level 1:colcon.colcon_core.package_identification:_identify(src/gel_sensor/sample1) by extension 'ignore_ament_install'
[0.259s] Level 1:colcon.colcon_core.package_identification:_identify(src/gel_sensor/sample1) by extensions ['colcon_pkg']
[0.259s] Level 1:colcon.colcon_core.package_identification:_identify(src/gel_sensor/sample1) by extension 'colcon_pkg'
[0.259s] Level 1:colcon.colcon_core.package_identification:_identify(src/gel_sensor/sample1) by extensions ['colcon_meta']
[0.259s] Level 1:colcon.colcon_core.package_identification:_identify(src/gel_sensor/sample1) by extension 'colcon_meta'
[0.259s] Level 1:colcon.colcon_core.package_identification:_identify(src/gel_sensor/sample1) by extensions ['ros']
[0.259s] Level 1:colcon.colcon_core.package_identification:_identify(src/gel_sensor/sample1) by extension 'ros'
[0.259s] Level 1:colcon.colcon_core.package_identification:_identify(src/gel_sensor/sample1) by extensions ['cmake', 'python']
[0.259s] Level 1:colcon.colcon_core.package_identification:_identify(src/gel_sensor/sample1) by extension 'cmake'
[0.259s] Level 1:colcon.colcon_core.package_identification:_identify(src/gel_sensor/sample1) by extension 'python'
[0.259s] Level 1:colcon.colcon_core.package_identification:_identify(src/gel_sensor/sample1) by extensions ['python_setup_py']
[0.259s] Level 1:colcon.colcon_core.package_identification:_identify(src/gel_sensor/sample1) by extension 'python_setup_py'
[0.259s] Level 1:colcon.colcon_core.package_identification:_identify(src/hand_sense_ws) by extensions ['ignore', 'ignore_ament_install']
[0.259s] Level 1:colcon.colcon_core.package_identification:_identify(src/hand_sense_ws) by extension 'ignore'
[0.259s] Level 1:colcon.colcon_core.package_identification:_identify(src/hand_sense_ws) by extension 'ignore_ament_install'
[0.259s] Level 1:colcon.colcon_core.package_identification:_identify(src/hand_sense_ws) by extensions ['colcon_pkg']
[0.259s] Level 1:colcon.colcon_core.package_identification:_identify(src/hand_sense_ws) by extension 'colcon_pkg'
[0.259s] Level 1:colcon.colcon_core.package_identification:_identify(src/hand_sense_ws) by extensions ['colcon_meta']
[0.259s] Level 1:colcon.colcon_core.package_identification:_identify(src/hand_sense_ws) by extension 'colcon_meta'
[0.259s] Level 1:colcon.colcon_core.package_identification:_identify(src/hand_sense_ws) by extensions ['ros']
[0.259s] Level 1:colcon.colcon_core.package_identification:_identify(src/hand_sense_ws) by extension 'ros'
[0.260s] Level 1:colcon.colcon_core.package_identification:_identify(src/hand_sense_ws) by extensions ['cmake', 'python']
[0.260s] Level 1:colcon.colcon_core.package_identification:_identify(src/hand_sense_ws) by extension 'cmake'
[0.260s] Level 1:colcon.colcon_core.package_identification:_identify(src/hand_sense_ws) by extension 'python'
[0.260s] Level 1:colcon.colcon_core.package_identification:_identify(src/hand_sense_ws) by extensions ['python_setup_py']
[0.260s] Level 1:colcon.colcon_core.package_identification:_identify(src/hand_sense_ws) by extension 'python_setup_py'
[0.260s] Level 1:colcon.colcon_core.package_identification:_identify(src/hand_sense_ws/build) by extensions ['ignore', 'ignore_ament_install']
[0.260s] Level 1:colcon.colcon_core.package_identification:_identify(src/hand_sense_ws/build) by extension 'ignore'
[0.260s] Level 1:colcon.colcon_core.package_identification:_identify(src/hand_sense_ws/build) ignored
[0.260s] Level 1:colcon.colcon_core.package_identification:_identify(src/hand_sense_ws/install) by extensions ['ignore', 'ignore_ament_install']
[0.260s] Level 1:colcon.colcon_core.package_identification:_identify(src/hand_sense_ws/install) by extension 'ignore'
[0.260s] Level 1:colcon.colcon_core.package_identification:_identify(src/hand_sense_ws/install) ignored
[0.260s] Level 1:colcon.colcon_core.package_identification:_identify(src/hand_sense_ws/log) by extensions ['ignore', 'ignore_ament_install']
[0.260s] Level 1:colcon.colcon_core.package_identification:_identify(src/hand_sense_ws/log) by extension 'ignore'
[0.260s] Level 1:colcon.colcon_core.package_identification:_identify(src/hand_sense_ws/log) ignored
[0.260s] Level 1:colcon.colcon_core.package_identification:_identify(src/hand_sense_ws/src) by extensions ['ignore', 'ignore_ament_install']
[0.260s] Level 1:colcon.colcon_core.package_identification:_identify(src/hand_sense_ws/src) by extension 'ignore'
[0.260s] Level 1:colcon.colcon_core.package_identification:_identify(src/hand_sense_ws/src) by extension 'ignore_ament_install'
[0.260s] Level 1:colcon.colcon_core.package_identification:_identify(src/hand_sense_ws/src) by extensions ['colcon_pkg']
[0.260s] Level 1:colcon.colcon_core.package_identification:_identify(src/hand_sense_ws/src) by extension 'colcon_pkg'
[0.260s] Level 1:colcon.colcon_core.package_identification:_identify(src/hand_sense_ws/src) by extensions ['colcon_meta']
[0.260s] Level 1:colcon.colcon_core.package_identification:_identify(src/hand_sense_ws/src) by extension 'colcon_meta'
[0.260s] Level 1:colcon.colcon_core.package_identification:_identify(src/hand_sense_ws/src) by extensions ['ros']
[0.260s] Level 1:colcon.colcon_core.package_identification:_identify(src/hand_sense_ws/src) by extension 'ros'
[0.260s] Level 1:colcon.colcon_core.package_identification:_identify(src/hand_sense_ws/src) by extensions ['cmake', 'python']
[0.260s] Level 1:colcon.colcon_core.package_identification:_identify(src/hand_sense_ws/src) by extension 'cmake'
[0.261s] Level 1:colcon.colcon_core.package_identification:_identify(src/hand_sense_ws/src) by extension 'python'
[0.261s] Level 1:colcon.colcon_core.package_identification:_identify(src/hand_sense_ws/src) by extensions ['python_setup_py']
[0.261s] Level 1:colcon.colcon_core.package_identification:_identify(src/hand_sense_ws/src) by extension 'python_setup_py'
[0.261s] Level 1:colcon.colcon_core.package_identification:_identify(src/hand_sense_ws/src/build) by extensions ['ignore', 'ignore_ament_install']
[0.261s] Level 1:colcon.colcon_core.package_identification:_identify(src/hand_sense_ws/src/build) by extension 'ignore'
[0.261s] Level 1:colcon.colcon_core.package_identification:_identify(src/hand_sense_ws/src/build) ignored
[0.261s] Level 1:colcon.colcon_core.package_identification:_identify(src/hand_sense_ws/src/install) by extensions ['ignore', 'ignore_ament_install']
[0.261s] Level 1:colcon.colcon_core.package_identification:_identify(src/hand_sense_ws/src/install) by extension 'ignore'
[0.261s] Level 1:colcon.colcon_core.package_identification:_identify(src/hand_sense_ws/src/install) ignored
[0.261s] Level 1:colcon.colcon_core.package_identification:_identify(src/hand_sense_ws/src/log) by extensions ['ignore', 'ignore_ament_install']
[0.261s] Level 1:colcon.colcon_core.package_identification:_identify(src/hand_sense_ws/src/log) by extension 'ignore'
[0.261s] Level 1:colcon.colcon_core.package_identification:_identify(src/hand_sense_ws/src/log) ignored
[0.261s] Level 1:colcon.colcon_core.package_identification:_identify(src/hand_sense_ws/src/realsense-ros) by extensions ['ignore', 'ignore_ament_install']
[0.261s] Level 1:colcon.colcon_core.package_identification:_identify(src/hand_sense_ws/src/realsense-ros) by extension 'ignore'
[0.261s] Level 1:colcon.colcon_core.package_identification:_identify(src/hand_sense_ws/src/realsense-ros) by extension 'ignore_ament_install'
[0.261s] Level 1:colcon.colcon_core.package_identification:_identify(src/hand_sense_ws/src/realsense-ros) by extensions ['colcon_pkg']
[0.261s] Level 1:colcon.colcon_core.package_identification:_identify(src/hand_sense_ws/src/realsense-ros) by extension 'colcon_pkg'
[0.261s] Level 1:colcon.colcon_core.package_identification:_identify(src/hand_sense_ws/src/realsense-ros) by extensions ['colcon_meta']
[0.261s] Level 1:colcon.colcon_core.package_identification:_identify(src/hand_sense_ws/src/realsense-ros) by extension 'colcon_meta'
[0.261s] Level 1:colcon.colcon_core.package_identification:_identify(src/hand_sense_ws/src/realsense-ros) by extensions ['ros']
[0.261s] Level 1:colcon.colcon_core.package_identification:_identify(src/hand_sense_ws/src/realsense-ros) by extension 'ros'
[0.261s] Level 1:colcon.colcon_core.package_identification:_identify(src/hand_sense_ws/src/realsense-ros) by extensions ['cmake', 'python']
[0.261s] Level 1:colcon.colcon_core.package_identification:_identify(src/hand_sense_ws/src/realsense-ros) by extension 'cmake'
[0.262s] Level 1:colcon.colcon_core.package_identification:_identify(src/hand_sense_ws/src/realsense-ros) by extension 'python'
[0.262s] Level 1:colcon.colcon_core.package_identification:_identify(src/hand_sense_ws/src/realsense-ros) by extensions ['python_setup_py']
[0.262s] Level 1:colcon.colcon_core.package_identification:_identify(src/hand_sense_ws/src/realsense-ros) by extension 'python_setup_py'
[0.262s] Level 1:colcon.colcon_core.package_identification:_identify(src/hand_sense_ws/src/realsense-ros/realsense2_camera) by extensions ['ignore', 'ignore_ament_install']
[0.262s] Level 1:colcon.colcon_core.package_identification:_identify(src/hand_sense_ws/src/realsense-ros/realsense2_camera) by extension 'ignore'
[0.262s] Level 1:colcon.colcon_core.package_identification:_identify(src/hand_sense_ws/src/realsense-ros/realsense2_camera) by extension 'ignore_ament_install'
[0.262s] Level 1:colcon.colcon_core.package_identification:_identify(src/hand_sense_ws/src/realsense-ros/realsense2_camera) by extensions ['colcon_pkg']
[0.262s] Level 1:colcon.colcon_core.package_identification:_identify(src/hand_sense_ws/src/realsense-ros/realsense2_camera) by extension 'colcon_pkg'
[0.262s] Level 1:colcon.colcon_core.package_identification:_identify(src/hand_sense_ws/src/realsense-ros/realsense2_camera) by extensions ['colcon_meta']
[0.262s] Level 1:colcon.colcon_core.package_identification:_identify(src/hand_sense_ws/src/realsense-ros/realsense2_camera) by extension 'colcon_meta'
[0.262s] Level 1:colcon.colcon_core.package_identification:_identify(src/hand_sense_ws/src/realsense-ros/realsense2_camera) by extensions ['ros']
[0.262s] Level 1:colcon.colcon_core.package_identification:_identify(src/hand_sense_ws/src/realsense-ros/realsense2_camera) by extension 'ros'
[0.263s] DEBUG:colcon.colcon_core.package_identification:Package 'src/hand_sense_ws/src/realsense-ros/realsense2_camera' with type 'ros.ament_cmake' and name 'realsense2_camera'
[0.263s] Level 1:colcon.colcon_core.package_identification:_identify(src/hand_sense_ws/src/realsense-ros/realsense2_camera_msgs) by extensions ['ignore', 'ignore_ament_install']
[0.263s] Level 1:colcon.colcon_core.package_identification:_identify(src/hand_sense_ws/src/realsense-ros/realsense2_camera_msgs) by extension 'ignore'
[0.263s] Level 1:colcon.colcon_core.package_identification:_identify(src/hand_sense_ws/src/realsense-ros/realsense2_camera_msgs) by extension 'ignore_ament_install'
[0.263s] Level 1:colcon.colcon_core.package_identification:_identify(src/hand_sense_ws/src/realsense-ros/realsense2_camera_msgs) by extensions ['colcon_pkg']
[0.263s] Level 1:colcon.colcon_core.package_identification:_identify(src/hand_sense_ws/src/realsense-ros/realsense2_camera_msgs) by extension 'colcon_pkg'
[0.263s] Level 1:colcon.colcon_core.package_identification:_identify(src/hand_sense_ws/src/realsense-ros/realsense2_camera_msgs) by extensions ['colcon_meta']
[0.263s] Level 1:colcon.colcon_core.package_identification:_identify(src/hand_sense_ws/src/realsense-ros/realsense2_camera_msgs) by extension 'colcon_meta'
[0.263s] Level 1:colcon.colcon_core.package_identification:_identify(src/hand_sense_ws/src/realsense-ros/realsense2_camera_msgs) by extensions ['ros']
[0.263s] Level 1:colcon.colcon_core.package_identification:_identify(src/hand_sense_ws/src/realsense-ros/realsense2_camera_msgs) by extension 'ros'
[0.264s] DEBUG:colcon.colcon_core.package_identification:Package 'src/hand_sense_ws/src/realsense-ros/realsense2_camera_msgs' with type 'ros.ament_cmake' and name 'realsense2_camera_msgs'
[0.264s] Level 1:colcon.colcon_core.package_identification:_identify(src/hand_sense_ws/src/realsense-ros/realsense2_description) by extensions ['ignore', 'ignore_ament_install']
[0.264s] Level 1:colcon.colcon_core.package_identification:_identify(src/hand_sense_ws/src/realsense-ros/realsense2_description) by extension 'ignore'
[0.264s] Level 1:colcon.colcon_core.package_identification:_identify(src/hand_sense_ws/src/realsense-ros/realsense2_description) by extension 'ignore_ament_install'
[0.264s] Level 1:colcon.colcon_core.package_identification:_identify(src/hand_sense_ws/src/realsense-ros/realsense2_description) by extensions ['colcon_pkg']
[0.264s] Level 1:colcon.colcon_core.package_identification:_identify(src/hand_sense_ws/src/realsense-ros/realsense2_description) by extension 'colcon_pkg'
[0.264s] Level 1:colcon.colcon_core.package_identification:_identify(src/hand_sense_ws/src/realsense-ros/realsense2_description) by extensions ['colcon_meta']
[0.264s] Level 1:colcon.colcon_core.package_identification:_identify(src/hand_sense_ws/src/realsense-ros/realsense2_description) by extension 'colcon_meta'
[0.264s] Level 1:colcon.colcon_core.package_identification:_identify(src/hand_sense_ws/src/realsense-ros/realsense2_description) by extensions ['ros']
[0.264s] Level 1:colcon.colcon_core.package_identification:_identify(src/hand_sense_ws/src/realsense-ros/realsense2_description) by extension 'ros'
[0.265s] DEBUG:colcon.colcon_core.package_identification:Package 'src/hand_sense_ws/src/realsense-ros/realsense2_description' with type 'ros.ament_cmake' and name 'realsense2_description'
[0.265s] Level 1:colcon.colcon_core.package_identification:_identify(src/hand_sense_ws/src/realsense-ros/scripts) by extensions ['ignore', 'ignore_ament_install']
[0.265s] Level 1:colcon.colcon_core.package_identification:_identify(src/hand_sense_ws/src/realsense-ros/scripts) by extension 'ignore'
[0.265s] Level 1:colcon.colcon_core.package_identification:_identify(src/hand_sense_ws/src/realsense-ros/scripts) by extension 'ignore_ament_install'
[0.265s] Level 1:colcon.colcon_core.package_identification:_identify(src/hand_sense_ws/src/realsense-ros/scripts) by extensions ['colcon_pkg']
[0.265s] Level 1:colcon.colcon_core.package_identification:_identify(src/hand_sense_ws/src/realsense-ros/scripts) by extension 'colcon_pkg'
[0.265s] Level 1:colcon.colcon_core.package_identification:_identify(src/hand_sense_ws/src/realsense-ros/scripts) by extensions ['colcon_meta']
[0.265s] Level 1:colcon.colcon_core.package_identification:_identify(src/hand_sense_ws/src/realsense-ros/scripts) by extension 'colcon_meta'
[0.265s] Level 1:colcon.colcon_core.package_identification:_identify(src/hand_sense_ws/src/realsense-ros/scripts) by extensions ['ros']
[0.265s] Level 1:colcon.colcon_core.package_identification:_identify(src/hand_sense_ws/src/realsense-ros/scripts) by extension 'ros'
[0.265s] Level 1:colcon.colcon_core.package_identification:_identify(src/hand_sense_ws/src/realsense-ros/scripts) by extensions ['cmake', 'python']
[0.265s] Level 1:colcon.colcon_core.package_identification:_identify(src/hand_sense_ws/src/realsense-ros/scripts) by extension 'cmake'
[0.265s] Level 1:colcon.colcon_core.package_identification:_identify(src/hand_sense_ws/src/realsense-ros/scripts) by extension 'python'
[0.265s] Level 1:colcon.colcon_core.package_identification:_identify(src/hand_sense_ws/src/realsense-ros/scripts) by extensions ['python_setup_py']
[0.265s] Level 1:colcon.colcon_core.package_identification:_identify(src/hand_sense_ws/src/realsense-ros/scripts) by extension 'python_setup_py'
[0.265s] Level 1:colcon.colcon_core.package_identification:_identify(src/hand_sense_ws/src/subscriber) by extensions ['ignore', 'ignore_ament_install']
[0.265s] Level 1:colcon.colcon_core.package_identification:_identify(src/hand_sense_ws/src/subscriber) by extension 'ignore'
[0.265s] Level 1:colcon.colcon_core.package_identification:_identify(src/hand_sense_ws/src/subscriber) by extension 'ignore_ament_install'
[0.265s] Level 1:colcon.colcon_core.package_identification:_identify(src/hand_sense_ws/src/subscriber) by extensions ['colcon_pkg']
[0.265s] Level 1:colcon.colcon_core.package_identification:_identify(src/hand_sense_ws/src/subscriber) by extension 'colcon_pkg'
[0.265s] Level 1:colcon.colcon_core.package_identification:_identify(src/hand_sense_ws/src/subscriber) by extensions ['colcon_meta']
[0.265s] Level 1:colcon.colcon_core.package_identification:_identify(src/hand_sense_ws/src/subscriber) by extension 'colcon_meta'
[0.266s] Level 1:colcon.colcon_core.package_identification:_identify(src/hand_sense_ws/src/subscriber) by extensions ['ros']
[0.266s] Level 1:colcon.colcon_core.package_identification:_identify(src/hand_sense_ws/src/subscriber) by extension 'ros'
[0.266s] DEBUG:colcon.colcon_core.package_identification:Package 'src/hand_sense_ws/src/subscriber' with type 'ros.ament_python' and name 'subscriber'
[0.266s] Level 1:colcon.colcon_core.package_identification:_identify(src/hand_show) by extensions ['ignore', 'ignore_ament_install']
[0.266s] Level 1:colcon.colcon_core.package_identification:_identify(src/hand_show) by extension 'ignore'
[0.266s] Level 1:colcon.colcon_core.package_identification:_identify(src/hand_show) by extension 'ignore_ament_install'
[0.266s] Level 1:colcon.colcon_core.package_identification:_identify(src/hand_show) by extensions ['colcon_pkg']
[0.266s] Level 1:colcon.colcon_core.package_identification:_identify(src/hand_show) by extension 'colcon_pkg'
[0.266s] Level 1:colcon.colcon_core.package_identification:_identify(src/hand_show) by extensions ['colcon_meta']
[0.266s] Level 1:colcon.colcon_core.package_identification:_identify(src/hand_show) by extension 'colcon_meta'
[0.266s] Level 1:colcon.colcon_core.package_identification:_identify(src/hand_show) by extensions ['ros']
[0.266s] Level 1:colcon.colcon_core.package_identification:_identify(src/hand_show) by extension 'ros'
[0.266s] DEBUG:colcon.colcon_core.package_identification:Package 'src/hand_show' with type 'ros.ament_python' and name 'hand_show'
[0.267s] Level 1:colcon.colcon_core.package_identification:_identify(src/install) by extensions ['ignore', 'ignore_ament_install']
[0.267s] Level 1:colcon.colcon_core.package_identification:_identify(src/install) by extension 'ignore'
[0.267s] Level 1:colcon.colcon_core.package_identification:_identify(src/install) ignored
[0.267s] Level 1:colcon.colcon_core.package_identification:_identify(src/log) by extensions ['ignore', 'ignore_ament_install']
[0.267s] Level 1:colcon.colcon_core.package_identification:_identify(src/log) by extension 'ignore'
[0.267s] Level 1:colcon.colcon_core.package_identification:_identify(src/log) ignored
[0.267s] Level 1:colcon.colcon_core.package_identification:_identify(src/lstm_ae) by extensions ['ignore', 'ignore_ament_install']
[0.267s] Level 1:colcon.colcon_core.package_identification:_identify(src/lstm_ae) by extension 'ignore'
[0.267s] Level 1:colcon.colcon_core.package_identification:_identify(src/lstm_ae) by extension 'ignore_ament_install'
[0.267s] Level 1:colcon.colcon_core.package_identification:_identify(src/lstm_ae) by extensions ['colcon_pkg']
[0.267s] Level 1:colcon.colcon_core.package_identification:_identify(src/lstm_ae) by extension 'colcon_pkg'
[0.267s] Level 1:colcon.colcon_core.package_identification:_identify(src/lstm_ae) by extensions ['colcon_meta']
[0.267s] Level 1:colcon.colcon_core.package_identification:_identify(src/lstm_ae) by extension 'colcon_meta'
[0.267s] Level 1:colcon.colcon_core.package_identification:_identify(src/lstm_ae) by extensions ['ros']
[0.267s] Level 1:colcon.colcon_core.package_identification:_identify(src/lstm_ae) by extension 'ros'
[0.267s] Level 1:colcon.colcon_core.package_identification:_identify(src/lstm_ae) by extensions ['cmake', 'python']
[0.267s] Level 1:colcon.colcon_core.package_identification:_identify(src/lstm_ae) by extension 'cmake'
[0.267s] Level 1:colcon.colcon_core.package_identification:_identify(src/lstm_ae) by extension 'python'
[0.267s] Level 1:colcon.colcon_core.package_identification:_identify(src/lstm_ae) by extensions ['python_setup_py']
[0.267s] Level 1:colcon.colcon_core.package_identification:_identify(src/lstm_ae) by extension 'python_setup_py'
[0.267s] Level 1:colcon.colcon_core.package_identification:_identify(src/lstm_ae/data) by extensions ['ignore', 'ignore_ament_install']
[0.267s] Level 1:colcon.colcon_core.package_identification:_identify(src/lstm_ae/data) by extension 'ignore'
[0.267s] Level 1:colcon.colcon_core.package_identification:_identify(src/lstm_ae/data) by extension 'ignore_ament_install'
[0.267s] Level 1:colcon.colcon_core.package_identification:_identify(src/lstm_ae/data) by extensions ['colcon_pkg']
[0.267s] Level 1:colcon.colcon_core.package_identification:_identify(src/lstm_ae/data) by extension 'colcon_pkg'
[0.267s] Level 1:colcon.colcon_core.package_identification:_identify(src/lstm_ae/data) by extensions ['colcon_meta']
[0.268s] Level 1:colcon.colcon_core.package_identification:_identify(src/lstm_ae/data) by extension 'colcon_meta'
[0.268s] Level 1:colcon.colcon_core.package_identification:_identify(src/lstm_ae/data) by extensions ['ros']
[0.268s] Level 1:colcon.colcon_core.package_identification:_identify(src/lstm_ae/data) by extension 'ros'
[0.268s] Level 1:colcon.colcon_core.package_identification:_identify(src/lstm_ae/data) by extensions ['cmake', 'python']
[0.268s] Level 1:colcon.colcon_core.package_identification:_identify(src/lstm_ae/data) by extension 'cmake'
[0.268s] Level 1:colcon.colcon_core.package_identification:_identify(src/lstm_ae/data) by extension 'python'
[0.268s] Level 1:colcon.colcon_core.package_identification:_identify(src/lstm_ae/data) by extensions ['python_setup_py']
[0.268s] Level 1:colcon.colcon_core.package_identification:_identify(src/lstm_ae/data) by extension 'python_setup_py'
[0.268s] Level 1:colcon.colcon_core.package_identification:_identify(src/lstm_ae/data/0809) by extensions ['ignore', 'ignore_ament_install']
[0.268s] Level 1:colcon.colcon_core.package_identification:_identify(src/lstm_ae/data/0809) by extension 'ignore'
[0.268s] Level 1:colcon.colcon_core.package_identification:_identify(src/lstm_ae/data/0809) by extension 'ignore_ament_install'
[0.268s] Level 1:colcon.colcon_core.package_identification:_identify(src/lstm_ae/data/0809) by extensions ['colcon_pkg']
[0.268s] Level 1:colcon.colcon_core.package_identification:_identify(src/lstm_ae/data/0809) by extension 'colcon_pkg'
[0.268s] Level 1:colcon.colcon_core.package_identification:_identify(src/lstm_ae/data/0809) by extensions ['colcon_meta']
[0.268s] Level 1:colcon.colcon_core.package_identification:_identify(src/lstm_ae/data/0809) by extension 'colcon_meta'
[0.268s] Level 1:colcon.colcon_core.package_identification:_identify(src/lstm_ae/data/0809) by extensions ['ros']
[0.268s] Level 1:colcon.colcon_core.package_identification:_identify(src/lstm_ae/data/0809) by extension 'ros'
[0.268s] Level 1:colcon.colcon_core.package_identification:_identify(src/lstm_ae/data/0809) by extensions ['cmake', 'python']
[0.268s] Level 1:colcon.colcon_core.package_identification:_identify(src/lstm_ae/data/0809) by extension 'cmake'
[0.268s] Level 1:colcon.colcon_core.package_identification:_identify(src/lstm_ae/data/0809) by extension 'python'
[0.268s] Level 1:colcon.colcon_core.package_identification:_identify(src/lstm_ae/data/0809) by extensions ['python_setup_py']
[0.268s] Level 1:colcon.colcon_core.package_identification:_identify(src/lstm_ae/data/0809) by extension 'python_setup_py'
[0.268s] Level 1:colcon.colcon_core.package_identification:_identify(src/lstm_ae/data/0809/1804) by extensions ['ignore', 'ignore_ament_install']
[0.268s] Level 1:colcon.colcon_core.package_identification:_identify(src/lstm_ae/data/0809/1804) by extension 'ignore'
[0.268s] Level 1:colcon.colcon_core.package_identification:_identify(src/lstm_ae/data/0809/1804) by extension 'ignore_ament_install'
[0.268s] Level 1:colcon.colcon_core.package_identification:_identify(src/lstm_ae/data/0809/1804) by extensions ['colcon_pkg']
[0.268s] Level 1:colcon.colcon_core.package_identification:_identify(src/lstm_ae/data/0809/1804) by extension 'colcon_pkg'
[0.268s] Level 1:colcon.colcon_core.package_identification:_identify(src/lstm_ae/data/0809/1804) by extensions ['colcon_meta']
[0.268s] Level 1:colcon.colcon_core.package_identification:_identify(src/lstm_ae/data/0809/1804) by extension 'colcon_meta'
[0.268s] Level 1:colcon.colcon_core.package_identification:_identify(src/lstm_ae/data/0809/1804) by extensions ['ros']
[0.268s] Level 1:colcon.colcon_core.package_identification:_identify(src/lstm_ae/data/0809/1804) by extension 'ros'
[0.269s] Level 1:colcon.colcon_core.package_identification:_identify(src/lstm_ae/data/0809/1804) by extensions ['cmake', 'python']
[0.269s] Level 1:colcon.colcon_core.package_identification:_identify(src/lstm_ae/data/0809/1804) by extension 'cmake'
[0.269s] Level 1:colcon.colcon_core.package_identification:_identify(src/lstm_ae/data/0809/1804) by extension 'python'
[0.269s] Level 1:colcon.colcon_core.package_identification:_identify(src/lstm_ae/data/0809/1804) by extensions ['python_setup_py']
[0.269s] Level 1:colcon.colcon_core.package_identification:_identify(src/lstm_ae/data/0809/1804) by extension 'python_setup_py'
[0.269s] Level 1:colcon.colcon_core.package_identification:_identify(src/lstm_ae/data/0809/1827) by extensions ['ignore', 'ignore_ament_install']
[0.269s] Level 1:colcon.colcon_core.package_identification:_identify(src/lstm_ae/data/0809/1827) by extension 'ignore'
[0.269s] Level 1:colcon.colcon_core.package_identification:_identify(src/lstm_ae/data/0809/1827) by extension 'ignore_ament_install'
[0.269s] Level 1:colcon.colcon_core.package_identification:_identify(src/lstm_ae/data/0809/1827) by extensions ['colcon_pkg']
[0.269s] Level 1:colcon.colcon_core.package_identification:_identify(src/lstm_ae/data/0809/1827) by extension 'colcon_pkg'
[0.269s] Level 1:colcon.colcon_core.package_identification:_identify(src/lstm_ae/data/0809/1827) by extensions ['colcon_meta']
[0.269s] Level 1:colcon.colcon_core.package_identification:_identify(src/lstm_ae/data/0809/1827) by extension 'colcon_meta'
[0.269s] Level 1:colcon.colcon_core.package_identification:_identify(src/lstm_ae/data/0809/1827) by extensions ['ros']
[0.269s] Level 1:colcon.colcon_core.package_identification:_identify(src/lstm_ae/data/0809/1827) by extension 'ros'
[0.269s] Level 1:colcon.colcon_core.package_identification:_identify(src/lstm_ae/data/0809/1827) by extensions ['cmake', 'python']
[0.269s] Level 1:colcon.colcon_core.package_identification:_identify(src/lstm_ae/data/0809/1827) by extension 'cmake'
[0.269s] Level 1:colcon.colcon_core.package_identification:_identify(src/lstm_ae/data/0809/1827) by extension 'python'
[0.269s] Level 1:colcon.colcon_core.package_identification:_identify(src/lstm_ae/data/0809/1827) by extensions ['python_setup_py']
[0.269s] Level 1:colcon.colcon_core.package_identification:_identify(src/lstm_ae/data/0809/1827) by extension 'python_setup_py'
[0.269s] Level 1:colcon.colcon_core.package_identification:_identify(src/lstm_ae/src) by extensions ['ignore', 'ignore_ament_install']
[0.269s] Level 1:colcon.colcon_core.package_identification:_identify(src/lstm_ae/src) by extension 'ignore'
[0.269s] Level 1:colcon.colcon_core.package_identification:_identify(src/lstm_ae/src) by extension 'ignore_ament_install'
[0.269s] Level 1:colcon.colcon_core.package_identification:_identify(src/lstm_ae/src) by extensions ['colcon_pkg']
[0.269s] Level 1:colcon.colcon_core.package_identification:_identify(src/lstm_ae/src) by extension 'colcon_pkg'
[0.269s] Level 1:colcon.colcon_core.package_identification:_identify(src/lstm_ae/src) by extensions ['colcon_meta']
[0.269s] Level 1:colcon.colcon_core.package_identification:_identify(src/lstm_ae/src) by extension 'colcon_meta'
[0.269s] Level 1:colcon.colcon_core.package_identification:_identify(src/lstm_ae/src) by extensions ['ros']
[0.269s] Level 1:colcon.colcon_core.package_identification:_identify(src/lstm_ae/src) by extension 'ros'
[0.270s] Level 1:colcon.colcon_core.package_identification:_identify(src/lstm_ae/src) by extensions ['cmake', 'python']
[0.270s] Level 1:colcon.colcon_core.package_identification:_identify(src/lstm_ae/src) by extension 'cmake'
[0.270s] Level 1:colcon.colcon_core.package_identification:_identify(src/lstm_ae/src) by extension 'python'
[0.270s] Level 1:colcon.colcon_core.package_identification:_identify(src/lstm_ae/src) by extensions ['python_setup_py']
[0.270s] Level 1:colcon.colcon_core.package_identification:_identify(src/lstm_ae/src) by extension 'python_setup_py'
[0.270s] Level 1:colcon.colcon_core.package_identification:_identify(src/lstm_ae/src/__pycache__) by extensions ['ignore', 'ignore_ament_install']
[0.270s] Level 1:colcon.colcon_core.package_identification:_identify(src/lstm_ae/src/__pycache__) by extension 'ignore'
[0.270s] Level 1:colcon.colcon_core.package_identification:_identify(src/lstm_ae/src/__pycache__) by extension 'ignore_ament_install'
[0.270s] Level 1:colcon.colcon_core.package_identification:_identify(src/lstm_ae/src/__pycache__) by extensions ['colcon_pkg']
[0.270s] Level 1:colcon.colcon_core.package_identification:_identify(src/lstm_ae/src/__pycache__) by extension 'colcon_pkg'
[0.270s] Level 1:colcon.colcon_core.package_identification:_identify(src/lstm_ae/src/__pycache__) by extensions ['colcon_meta']
[0.270s] Level 1:colcon.colcon_core.package_identification:_identify(src/lstm_ae/src/__pycache__) by extension 'colcon_meta'
[0.270s] Level 1:colcon.colcon_core.package_identification:_identify(src/lstm_ae/src/__pycache__) by extensions ['ros']
[0.270s] Level 1:colcon.colcon_core.package_identification:_identify(src/lstm_ae/src/__pycache__) by extension 'ros'
[0.270s] Level 1:colcon.colcon_core.package_identification:_identify(src/lstm_ae/src/__pycache__) by extensions ['cmake', 'python']
[0.270s] Level 1:colcon.colcon_core.package_identification:_identify(src/lstm_ae/src/__pycache__) by extension 'cmake'
[0.270s] Level 1:colcon.colcon_core.package_identification:_identify(src/lstm_ae/src/__pycache__) by extension 'python'
[0.270s] Level 1:colcon.colcon_core.package_identification:_identify(src/lstm_ae/src/__pycache__) by extensions ['python_setup_py']
[0.270s] Level 1:colcon.colcon_core.package_identification:_identify(src/lstm_ae/src/__pycache__) by extension 'python_setup_py'
[0.270s] Level 1:colcon.colcon_core.package_identification:_identify(src/lstm_ae/src/sample) by extensions ['ignore', 'ignore_ament_install']
[0.270s] Level 1:colcon.colcon_core.package_identification:_identify(src/lstm_ae/src/sample) by extension 'ignore'
[0.270s] Level 1:colcon.colcon_core.package_identification:_identify(src/lstm_ae/src/sample) by extension 'ignore_ament_install'
[0.270s] Level 1:colcon.colcon_core.package_identification:_identify(src/lstm_ae/src/sample) by extensions ['colcon_pkg']
[0.270s] Level 1:colcon.colcon_core.package_identification:_identify(src/lstm_ae/src/sample) by extension 'colcon_pkg'
[0.270s] Level 1:colcon.colcon_core.package_identification:_identify(src/lstm_ae/src/sample) by extensions ['colcon_meta']
[0.270s] Level 1:colcon.colcon_core.package_identification:_identify(src/lstm_ae/src/sample) by extension 'colcon_meta'
[0.270s] Level 1:colcon.colcon_core.package_identification:_identify(src/lstm_ae/src/sample) by extensions ['ros']
[0.270s] Level 1:colcon.colcon_core.package_identification:_identify(src/lstm_ae/src/sample) by extension 'ros'
[0.270s] Level 1:colcon.colcon_core.package_identification:_identify(src/lstm_ae/src/sample) by extensions ['cmake', 'python']
[0.270s] Level 1:colcon.colcon_core.package_identification:_identify(src/lstm_ae/src/sample) by extension 'cmake'
[0.271s] Level 1:colcon.colcon_core.package_identification:_identify(src/lstm_ae/src/sample) by extension 'python'
[0.271s] Level 1:colcon.colcon_core.package_identification:_identify(src/lstm_ae/src/sample) by extensions ['python_setup_py']
[0.271s] Level 1:colcon.colcon_core.package_identification:_identify(src/lstm_ae/src/sample) by extension 'python_setup_py'
[0.271s] Level 1:colcon.colcon_core.package_identification:_identify(src/lstm_ae/src/test) by extensions ['ignore', 'ignore_ament_install']
[0.271s] Level 1:colcon.colcon_core.package_identification:_identify(src/lstm_ae/src/test) by extension 'ignore'
[0.271s] Level 1:colcon.colcon_core.package_identification:_identify(src/lstm_ae/src/test) by extension 'ignore_ament_install'
[0.271s] Level 1:colcon.colcon_core.package_identification:_identify(src/lstm_ae/src/test) by extensions ['colcon_pkg']
[0.271s] Level 1:colcon.colcon_core.package_identification:_identify(src/lstm_ae/src/test) by extension 'colcon_pkg'
[0.271s] Level 1:colcon.colcon_core.package_identification:_identify(src/lstm_ae/src/test) by extensions ['colcon_meta']
[0.271s] Level 1:colcon.colcon_core.package_identification:_identify(src/lstm_ae/src/test) by extension 'colcon_meta'
[0.271s] Level 1:colcon.colcon_core.package_identification:_identify(src/lstm_ae/src/test) by extensions ['ros']
[0.271s] Level 1:colcon.colcon_core.package_identification:_identify(src/lstm_ae/src/test) by extension 'ros'
[0.271s] Level 1:colcon.colcon_core.package_identification:_identify(src/lstm_ae/src/test) by extensions ['cmake', 'python']
[0.271s] Level 1:colcon.colcon_core.package_identification:_identify(src/lstm_ae/src/test) by extension 'cmake'
[0.271s] Level 1:colcon.colcon_core.package_identification:_identify(src/lstm_ae/src/test) by extension 'python'
[0.271s] Level 1:colcon.colcon_core.package_identification:_identify(src/lstm_ae/src/test) by extensions ['python_setup_py']
[0.271s] Level 1:colcon.colcon_core.package_identification:_identify(src/lstm_ae/src/test) by extension 'python_setup_py'
[0.271s] Level 1:colcon.colcon_core.package_identification:_identify(src/sensor_fusion) by extensions ['ignore', 'ignore_ament_install']
[0.271s] Level 1:colcon.colcon_core.package_identification:_identify(src/sensor_fusion) by extension 'ignore'
[0.271s] Level 1:colcon.colcon_core.package_identification:_identify(src/sensor_fusion) by extension 'ignore_ament_install'
[0.271s] Level 1:colcon.colcon_core.package_identification:_identify(src/sensor_fusion) by extensions ['colcon_pkg']
[0.271s] Level 1:colcon.colcon_core.package_identification:_identify(src/sensor_fusion) by extension 'colcon_pkg'
[0.271s] Level 1:colcon.colcon_core.package_identification:_identify(src/sensor_fusion) by extensions ['colcon_meta']
[0.271s] Level 1:colcon.colcon_core.package_identification:_identify(src/sensor_fusion) by extension 'colcon_meta'
[0.271s] Level 1:colcon.colcon_core.package_identification:_identify(src/sensor_fusion) by extensions ['ros']
[0.271s] Level 1:colcon.colcon_core.package_identification:_identify(src/sensor_fusion) by extension 'ros'
[0.272s] DEBUG:colcon.colcon_core.package_identification:Package 'src/sensor_fusion' with type 'ros.ament_python' and name 'sensor_fusion'
[0.272s] Level 1:colcon.colcon_core.package_discovery:discover_packages(recursive) using defaults
[0.272s] Level 1:colcon.colcon_core.package_discovery:discover_packages(ignore) discover
[0.272s] Level 1:colcon.colcon_core.package_discovery:discover_packages(ignore) using defaults
[0.272s] Level 1:colcon.colcon_core.package_discovery:discover_packages(path) discover
[0.272s] Level 1:colcon.colcon_core.package_discovery:discover_packages(path) using defaults
[0.289s] INFO:colcon.colcon_core.package_selection:Skipping not selected package 'data_handler' in 'src/data_handler'
[0.289s] INFO:colcon.colcon_core.package_selection:Skipping not selected package 'realsense2_camera_msgs' in 'src/hand_sense_ws/src/realsense-ros/realsense2_camera_msgs'
[0.289s] INFO:colcon.colcon_core.package_selection:Skipping not selected package 'ros2serial_arduino' in 'src/gel_sensor/ros2serial_arduino'
[0.289s] INFO:colcon.colcon_core.package_selection:Skipping not selected package 'sensor_fusion' in 'src/sensor_fusion'
[0.289s] INFO:colcon.colcon_core.package_selection:Skipping not selected package 'subscriber' in 'src/hand_sense_ws/src/subscriber'
[0.289s] INFO:colcon.colcon_core.package_selection:Skipping not selected package 'realsense2_camera' in 'src/hand_sense_ws/src/realsense-ros/realsense2_camera'
[0.289s] INFO:colcon.colcon_core.package_selection:Skipping not selected package 'realsense2_description' in 'src/hand_sense_ws/src/realsense-ros/realsense2_description'
[0.289s] Level 1:colcon.colcon_core.package_discovery:discover_packages(prefix_path) check parameters
[0.289s] Level 1:colcon.colcon_core.package_discovery:discover_packages(prefix_path) discover
[0.290s] DEBUG:colcon.colcon_installed_package_information.package_discovery:Found 8 installed packages in /home/hosodalab9/Sensor-Glove/install
[0.292s] DEBUG:colcon.colcon_installed_package_information.package_discovery:Found 346 installed packages in /opt/ros/humble
[0.293s] Level 1:colcon.colcon_core.package_discovery:discover_packages(prefix_path) using defaults
[0.324s] Level 5:colcon.colcon_core.verb:set package 'hand_show' build argument 'cmake_args' from command line to 'None'
[0.324s] Level 5:colcon.colcon_core.verb:set package 'hand_show' build argument 'cmake_target' from command line to 'None'
[0.324s] Level 5:colcon.colcon_core.verb:set package 'hand_show' build argument 'cmake_target_skip_unavailable' from command line to 'False'
[0.324s] Level 5:colcon.colcon_core.verb:set package 'hand_show' build argument 'cmake_clean_cache' from command line to 'False'
[0.324s] Level 5:colcon.colcon_core.verb:set package 'hand_show' build argument 'cmake_clean_first' from command line to 'False'
[0.325s] Level 5:colcon.colcon_core.verb:set package 'hand_show' build argument 'cmake_force_configure' from command line to 'False'
[0.325s] Level 5:colcon.colcon_core.verb:set package 'hand_show' build argument 'ament_cmake_args' from command line to 'None'
[0.325s] Level 5:colcon.colcon_core.verb:set package 'hand_show' build argument 'catkin_cmake_args' from command line to 'None'
[0.325s] Level 5:colcon.colcon_core.verb:set package 'hand_show' build argument 'catkin_skip_building_tests' from command line to 'False'
[0.325s] DEBUG:colcon.colcon_core.verb:Building package 'hand_show' with the following arguments: {'ament_cmake_args': None, 'build_base': '/home/hosodalab9/Sensor-Glove/build/hand_show', 'catkin_cmake_args': None, 'catkin_skip_building_tests': False, 'cmake_args': None, 'cmake_clean_cache': False, 'cmake_clean_first': False, 'cmake_force_configure': False, 'cmake_target': None, 'cmake_target_skip_unavailable': False, 'install_base': '/home/hosodalab9/Sensor-Glove/install/hand_show', 'merge_install': False, 'path': '/home/hosodalab9/Sensor-Glove/src/hand_show', 'symlink_install': False, 'test_result_base': None}
[0.325s] INFO:colcon.colcon_core.executor:Executing jobs using 'parallel' executor
[0.326s] DEBUG:colcon.colcon_parallel_executor.executor.parallel:run_until_complete
[0.326s] INFO:colcon.colcon_ros.task.ament_python.build:Building ROS package in '/home/hosodalab9/Sensor-Glove/src/hand_show' with build type 'ament_python'
[0.326s] Level 1:colcon.colcon_core.shell:create_environment_hook('hand_show', 'ament_prefix_path')
[0.327s] INFO:colcon.colcon_core.plugin_system:Skipping extension 'colcon_core.shell.bat': Not used on non-Windows systems
[0.328s] INFO:colcon.colcon_core.shell:Creating environment hook '/home/hosodalab9/Sensor-Glove/install/hand_show/share/hand_show/hook/ament_prefix_path.ps1'
[0.328s] INFO:colcon.colcon_core.shell:Creating environment descriptor '/home/hosodalab9/Sensor-Glove/install/hand_show/share/hand_show/hook/ament_prefix_path.dsv'
[0.328s] INFO:colcon.colcon_core.shell:Creating environment hook '/home/hosodalab9/Sensor-Glove/install/hand_show/share/hand_show/hook/ament_prefix_path.sh'
[0.329s] INFO:colcon.colcon_core.shell:Skip shell extension 'powershell' for command environment: Not usable outside of PowerShell
[0.329s] DEBUG:colcon.colcon_core.shell:Skip shell extension 'dsv' for command environment
[0.559s] INFO:colcon.colcon_core.task.python.build:Building Python package in '/home/hosodalab9/Sensor-Glove/src/hand_show'
[0.559s] INFO:colcon.colcon_core.shell:Skip shell extension 'powershell' for command environment: Not usable outside of PowerShell
[0.559s] DEBUG:colcon.colcon_core.shell:Skip shell extension 'dsv' for command environment
[0.869s] DEBUG:colcon.colcon_core.event_handler.log_command:Invoking command in '/home/hosodalab9/Sensor-Glove/src/hand_show': PYTHONPATH=/home/hosodalab9/Sensor-Glove/build/hand_show/prefix_override:/usr/lib/python3/dist-packages/colcon_core/task/python/colcon_distutils_commands:/home/hosodalab9/Sensor-Glove/install/hand_show/lib/python3.10/site-packages:${PYTHONPATH} /usr/bin/python3 -W ignore:setup.py install is deprecated setup.py egg_info --egg-base ../../build/hand_show build --build-base /home/hosodalab9/Sensor-Glove/build/hand_show/build install --record /home/hosodalab9/Sensor-Glove/build/hand_show/install.log --single-version-externally-managed install_data
[1.123s] DEBUG:colcon.colcon_core.event_handler.log_command:Invoked command in '/home/hosodalab9/Sensor-Glove/src/hand_show' returned '0': PYTHONPATH=/home/hosodalab9/Sensor-Glove/build/hand_show/prefix_override:/usr/lib/python3/dist-packages/colcon_core/task/python/colcon_distutils_commands:/home/hosodalab9/Sensor-Glove/install/hand_show/lib/python3.10/site-packages:${PYTHONPATH} /usr/bin/python3 -W ignore:setup.py install is deprecated setup.py egg_info --egg-base ../../build/hand_show build --build-base /home/hosodalab9/Sensor-Glove/build/hand_show/build install --record /home/hosodalab9/Sensor-Glove/build/hand_show/install.log --single-version-externally-managed install_data
[1.124s] Level 1:colcon.colcon_core.environment:checking '/home/hosodalab9/Sensor-Glove/install/hand_show' for CMake module files
[1.124s] Level 1:colcon.colcon_core.environment:checking '/home/hosodalab9/Sensor-Glove/install/hand_show' for CMake config files
[1.125s] Level 1:colcon.colcon_core.environment:checking '/home/hosodalab9/Sensor-Glove/install/hand_show/lib'
[1.125s] Level 1:colcon.colcon_core.environment:checking '/home/hosodalab9/Sensor-Glove/install/hand_show/bin'
[1.125s] Level 1:colcon.colcon_core.environment:checking '/home/hosodalab9/Sensor-Glove/install/hand_show/lib/pkgconfig/hand_show.pc'
[1.125s] Level 1:colcon.colcon_core.environment:checking '/home/hosodalab9/Sensor-Glove/install/hand_show/lib/python3.10/site-packages'
[1.125s] Level 1:colcon.colcon_core.shell:create_environment_hook('hand_show', 'pythonpath')
[1.125s] INFO:colcon.colcon_core.shell:Creating environment hook '/home/hosodalab9/Sensor-Glove/install/hand_show/share/hand_show/hook/pythonpath.ps1'
[1.126s] INFO:colcon.colcon_core.shell:Creating environment descriptor '/home/hosodalab9/Sensor-Glove/install/hand_show/share/hand_show/hook/pythonpath.dsv'
[1.126s] INFO:colcon.colcon_core.shell:Creating environment hook '/home/hosodalab9/Sensor-Glove/install/hand_show/share/hand_show/hook/pythonpath.sh'
[1.126s] Level 1:colcon.colcon_core.environment:checking '/home/hosodalab9/Sensor-Glove/install/hand_show/bin'
[1.126s] Level 1:colcon.colcon_core.environment:create_environment_scripts_only(hand_show)
[1.127s] INFO:colcon.colcon_core.shell:Creating package script '/home/hosodalab9/Sensor-Glove/install/hand_show/share/hand_show/package.ps1'
[1.127s] INFO:colcon.colcon_core.shell:Creating package descriptor '/home/hosodalab9/Sensor-Glove/install/hand_show/share/hand_show/package.dsv'
[1.127s] INFO:colcon.colcon_core.shell:Creating package script '/home/hosodalab9/Sensor-Glove/install/hand_show/share/hand_show/package.sh'
[1.128s] INFO:colcon.colcon_core.shell:Creating package script '/home/hosodalab9/Sensor-Glove/install/hand_show/share/hand_show/package.bash'
[1.129s] INFO:colcon.colcon_core.shell:Creating package script '/home/hosodalab9/Sensor-Glove/install/hand_show/share/hand_show/package.zsh'
[1.129s] Level 1:colcon.colcon_core.environment:create_file_with_runtime_dependencies(/home/hosodalab9/Sensor-Glove/install/hand_show/share/colcon-core/packages/hand_show)
[1.129s] DEBUG:colcon.colcon_parallel_executor.executor.parallel:closing loop
[1.129s] DEBUG:colcon.colcon_parallel_executor.executor.parallel:loop closed
[1.129s] DEBUG:colcon.colcon_parallel_executor.executor.parallel:run_until_complete finished with '0'
[1.129s] DEBUG:colcon.colcon_core.event_reactor:joining thread
[1.134s] INFO:colcon.colcon_core.plugin_system:Skipping extension 'colcon_notification.desktop_notification.terminal_notifier': Not used on non-Darwin systems
[1.134s] INFO:colcon.colcon_core.plugin_system:Skipping extension 'colcon_notification.desktop_notification.win32': Not used on non-Windows systems
[1.134s] INFO:colcon.colcon_notification.desktop_notification:Sending desktop notification using 'notify2'
[1.144s] DEBUG:colcon.colcon_core.event_reactor:joined thread
[1.145s] INFO:colcon.colcon_core.shell:Creating prefix script '/home/hosodalab9/Sensor-Glove/install/local_setup.ps1'
[1.146s] INFO:colcon.colcon_core.shell:Creating prefix util module '/home/hosodalab9/Sensor-Glove/install/_local_setup_util_ps1.py'
[1.147s] INFO:colcon.colcon_core.shell:Creating prefix chain script '/home/hosodalab9/Sensor-Glove/install/setup.ps1'
[1.149s] INFO:colcon.colcon_core.shell:Creating prefix script '/home/hosodalab9/Sensor-Glove/install/local_setup.sh'
[1.149s] INFO:colcon.colcon_core.shell:Creating prefix util module '/home/hosodalab9/Sensor-Glove/install/_local_setup_util_sh.py'
[1.149s] INFO:colcon.colcon_core.shell:Creating prefix chain script '/home/hosodalab9/Sensor-Glove/install/setup.sh'
[1.151s] INFO:colcon.colcon_core.shell:Creating prefix script '/home/hosodalab9/Sensor-Glove/install/local_setup.bash'
[1.151s] INFO:colcon.colcon_core.shell:Creating prefix chain script '/home/hosodalab9/Sensor-Glove/install/setup.bash'
[1.152s] INFO:colcon.colcon_core.shell:Creating prefix script '/home/hosodalab9/Sensor-Glove/install/local_setup.zsh'
[1.153s] INFO:colcon.colcon_core.shell:Creating prefix chain script '/home/hosodalab9/Sensor-Glove/install/setup.zsh'
