[  1%] [34m[1mGenerating C code for ROS interfaces[0m
[  3%] [34m[1mGenerating C++ code for ROS interfaces[0m
[  3%] Built target ament_cmake_python_symlink_realsense2_camera_msgs
running egg_info
creating realsense2_camera_msgs.egg-info
writing realsense2_camera_msgs.egg-info/PKG-INFO
writing dependency_links to realsense2_camera_msgs.egg-info/dependency_links.txt
writing top-level names to realsense2_camera_msgs.egg-info/top_level.txt
writing manifest file 'realsense2_camera_msgs.egg-info/SOURCES.txt'
reading manifest file 'realsense2_camera_msgs.egg-info/SOURCES.txt'
writing manifest file 'realsense2_camera_msgs.egg-info/SOURCES.txt'
[  3%] Built target ament_cmake_python_build_realsense2_camera_msgs_egg
[  3%] Built target realsense2_camera_msgs__cpp
[  4%] [34m[1mGenerating C++ type support for eProsima Fast-RTPS[0m
[  7%] [34m[1mGenerating C++ introspection for ROS interfaces[0m
[  7%] [34m[1mGenerating C++ type support dispatch for ROS interfaces[0m
[ 15%] [32mBuilding C object CMakeFiles/realsense2_camera_msgs__rosidl_generator_c.dir/rosidl_generator_c/realsense2_camera_msgs/msg/detail/rgbd__functions.c.o[0m
[ 15%] [32mBuilding C object CMakeFiles/realsense2_camera_msgs__rosidl_generator_c.dir/rosidl_generator_c/realsense2_camera_msgs/msg/detail/extrinsics__functions.c.o[0m
[ 15%] [32mBuilding C object CMakeFiles/realsense2_camera_msgs__rosidl_generator_c.dir/rosidl_generator_c/realsense2_camera_msgs/msg/detail/metadata__functions.c.o[0m
[ 15%] [32mBuilding C object CMakeFiles/realsense2_camera_msgs__rosidl_generator_c.dir/rosidl_generator_c/realsense2_camera_msgs/srv/detail/device_info__functions.c.o[0m
[ 15%] [32mBuilding C object CMakeFiles/realsense2_camera_msgs__rosidl_generator_c.dir/rosidl_generator_c/realsense2_camera_msgs/msg/detail/imu_info__functions.c.o[0m
[ 17%] [32m[1mLinking C shared library librealsense2_camera_msgs__rosidl_generator_c.so[0m
[ 17%] Built target realsense2_camera_msgs__rosidl_generator_c
[ 22%] [34m[1mGenerating C type support dispatch for ROS interfaces[0m
[ 22%] [34m[1mGenerating C introspection for ROS interfaces[0m
[ 22%] [34m[1mGenerating C type support for eProsima Fast-RTPS[0m
[ 25%] [32mBuilding CXX object CMakeFiles/realsense2_camera_msgs__rosidl_typesupport_c.dir/rosidl_typesupport_c/realsense2_camera_msgs/msg/extrinsics__type_support.cpp.o[0m
[ 25%] [32mBuilding CXX object CMakeFiles/realsense2_camera_msgs__rosidl_typesupport_c.dir/rosidl_typesupport_c/realsense2_camera_msgs/msg/rgbd__type_support.cpp.o[0m
[ 28%] [32mBuilding CXX object CMakeFiles/realsense2_camera_msgs__rosidl_typesupport_c.dir/rosidl_typesupport_c/realsense2_camera_msgs/srv/device_info__type_support.cpp.o[0m
[ 28%] [32mBuilding CXX object CMakeFiles/realsense2_camera_msgs__rosidl_typesupport_c.dir/rosidl_typesupport_c/realsense2_camera_msgs/msg/imu_info__type_support.cpp.o[0m
[ 30%] [32mBuilding CXX object CMakeFiles/realsense2_camera_msgs__rosidl_typesupport_c.dir/rosidl_typesupport_c/realsense2_camera_msgs/msg/metadata__type_support.cpp.o[0m
[ 31%] [32mBuilding CXX object CMakeFiles/realsense2_camera_msgs__rosidl_typesupport_cpp.dir/rosidl_typesupport_cpp/realsense2_camera_msgs/msg/imu_info__type_support.cpp.o[0m
[ 33%] [32mBuilding CXX object CMakeFiles/realsense2_camera_msgs__rosidl_typesupport_cpp.dir/rosidl_typesupport_cpp/realsense2_camera_msgs/msg/extrinsics__type_support.cpp.o[0m
[ 34%] [32m[1mLinking CXX shared library librealsense2_camera_msgs__rosidl_typesupport_c.so[0m
[ 36%] [32mBuilding CXX object CMakeFiles/realsense2_camera_msgs__rosidl_typesupport_cpp.dir/rosidl_typesupport_cpp/realsense2_camera_msgs/msg/metadata__type_support.cpp.o[0m
[ 38%] [32mBuilding CXX object CMakeFiles/realsense2_camera_msgs__rosidl_typesupport_cpp.dir/rosidl_typesupport_cpp/realsense2_camera_msgs/srv/device_info__type_support.cpp.o[0m
[ 39%] [32mBuilding CXX object CMakeFiles/realsense2_camera_msgs__rosidl_typesupport_cpp.dir/rosidl_typesupport_cpp/realsense2_camera_msgs/msg/rgbd__type_support.cpp.o[0m
[ 41%] [32mBuilding C object CMakeFiles/realsense2_camera_msgs__rosidl_typesupport_introspection_c.dir/rosidl_typesupport_introspection_c/realsense2_camera_msgs/msg/detail/imu_info__type_support.c.o[0m
[ 44%] [32mBuilding C object CMakeFiles/realsense2_camera_msgs__rosidl_typesupport_introspection_c.dir/rosidl_typesupport_introspection_c/realsense2_camera_msgs/msg/detail/extrinsics__type_support.c.o[0m
[ 44%] [32mBuilding CXX object CMakeFiles/realsense2_camera_msgs__rosidl_typesupport_fastrtps_c.dir/rosidl_typesupport_fastrtps_c/realsense2_camera_msgs/msg/detail/imu_info__type_support_c.cpp.o[0m
[ 46%] [32mBuilding CXX object CMakeFiles/realsense2_camera_msgs__rosidl_typesupport_fastrtps_c.dir/rosidl_typesupport_fastrtps_c/realsense2_camera_msgs/msg/detail/metadata__type_support_c.cpp.o[0m
[ 47%] [32mBuilding CXX object CMakeFiles/realsense2_camera_msgs__rosidl_typesupport_fastrtps_c.dir/rosidl_typesupport_fastrtps_c/realsense2_camera_msgs/msg/detail/extrinsics__type_support_c.cpp.o[0m
[ 49%] [32mBuilding CXX object CMakeFiles/realsense2_camera_msgs__rosidl_typesupport_fastrtps_c.dir/rosidl_typesupport_fastrtps_c/realsense2_camera_msgs/msg/detail/rgbd__type_support_c.cpp.o[0m
[ 50%] [32mBuilding C object CMakeFiles/realsense2_camera_msgs__rosidl_typesupport_introspection_c.dir/rosidl_typesupport_introspection_c/realsense2_camera_msgs/msg/detail/rgbd__type_support.c.o[0m
[ 52%] [32mBuilding C object CMakeFiles/realsense2_camera_msgs__rosidl_typesupport_introspection_c.dir/rosidl_typesupport_introspection_c/realsense2_camera_msgs/msg/detail/metadata__type_support.c.o[0m
[ 52%] Built target realsense2_camera_msgs__rosidl_typesupport_c
[ 53%] [32mBuilding CXX object CMakeFiles/realsense2_camera_msgs__rosidl_typesupport_introspection_cpp.dir/rosidl_typesupport_introspection_cpp/realsense2_camera_msgs/msg/detail/imu_info__type_support.cpp.o[0m
[ 55%] [32mBuilding CXX object CMakeFiles/realsense2_camera_msgs__rosidl_typesupport_introspection_cpp.dir/rosidl_typesupport_introspection_cpp/realsense2_camera_msgs/msg/detail/extrinsics__type_support.cpp.o[0m
[ 57%] [32mBuilding CXX object CMakeFiles/realsense2_camera_msgs__rosidl_typesupport_fastrtps_c.dir/rosidl_typesupport_fastrtps_c/realsense2_camera_msgs/srv/detail/device_info__type_support_c.cpp.o[0m
[ 58%] [32mBuilding CXX object CMakeFiles/realsense2_camera_msgs__rosidl_typesupport_introspection_cpp.dir/rosidl_typesupport_introspection_cpp/realsense2_camera_msgs/msg/detail/metadata__type_support.cpp.o[0m
[ 60%] [32mBuilding CXX object CMakeFiles/realsense2_camera_msgs__rosidl_typesupport_introspection_cpp.dir/rosidl_typesupport_introspection_cpp/realsense2_camera_msgs/msg/detail/rgbd__type_support.cpp.o[0m
[ 61%] [32mBuilding C object CMakeFiles/realsense2_camera_msgs__rosidl_typesupport_introspection_c.dir/rosidl_typesupport_introspection_c/realsense2_camera_msgs/srv/detail/device_info__type_support.c.o[0m
[ 63%] [32m[1mLinking C shared library librealsense2_camera_msgs__rosidl_typesupport_introspection_c.so[0m
[ 65%] [32mBuilding CXX object CMakeFiles/realsense2_camera_msgs__rosidl_typesupport_introspection_cpp.dir/rosidl_typesupport_introspection_cpp/realsense2_camera_msgs/srv/detail/device_info__type_support.cpp.o[0m
[ 66%] [32mBuilding CXX object CMakeFiles/realsense2_camera_msgs__rosidl_typesupport_fastrtps_cpp.dir/rosidl_typesupport_fastrtps_cpp/realsense2_camera_msgs/msg/detail/dds_fastrtps/imu_info__type_support.cpp.o[0m
[ 68%] [32mBuilding CXX object CMakeFiles/realsense2_camera_msgs__rosidl_typesupport_fastrtps_cpp.dir/rosidl_typesupport_fastrtps_cpp/realsense2_camera_msgs/msg/detail/dds_fastrtps/extrinsics__type_support.cpp.o[0m
[ 69%] [32mBuilding CXX object CMakeFiles/realsense2_camera_msgs__rosidl_typesupport_fastrtps_cpp.dir/rosidl_typesupport_fastrtps_cpp/realsense2_camera_msgs/msg/detail/dds_fastrtps/metadata__type_support.cpp.o[0m
[ 71%] [32mBuilding CXX object CMakeFiles/realsense2_camera_msgs__rosidl_typesupport_fastrtps_cpp.dir/rosidl_typesupport_fastrtps_cpp/realsense2_camera_msgs/msg/detail/dds_fastrtps/rgbd__type_support.cpp.o[0m
[ 73%] [32m[1mLinking CXX shared library librealsense2_camera_msgs__rosidl_typesupport_cpp.so[0m
[ 73%] Built target realsense2_camera_msgs__rosidl_typesupport_introspection_c
[ 74%] [32mBuilding CXX object CMakeFiles/realsense2_camera_msgs__rosidl_typesupport_fastrtps_cpp.dir/rosidl_typesupport_fastrtps_cpp/realsense2_camera_msgs/srv/detail/dds_fastrtps/device_info__type_support.cpp.o[0m
[ 74%] Built target realsense2_camera_msgs__rosidl_typesupport_cpp
[ 76%] [32m[1mLinking CXX shared library librealsense2_camera_msgs__rosidl_typesupport_fastrtps_c.so[0m
[ 76%] Built target realsense2_camera_msgs__rosidl_typesupport_fastrtps_c
[ 77%] [32m[1mLinking CXX shared library librealsense2_camera_msgs__rosidl_typesupport_introspection_cpp.so[0m
[ 77%] Built target realsense2_camera_msgs__rosidl_typesupport_introspection_cpp
[ 79%] [32m[1mLinking CXX shared library librealsense2_camera_msgs__rosidl_typesupport_fastrtps_cpp.so[0m
[ 79%] Built target realsense2_camera_msgs__rosidl_typesupport_fastrtps_cpp
[ 79%] Built target realsense2_camera_msgs
[ 80%] [34m[1mGenerating Python code for ROS interfaces[0m
[ 80%] Built target realsense2_camera_msgs__py
[ 85%] [32mBuilding C object CMakeFiles/realsense2_camera_msgs__rosidl_generator_py.dir/rosidl_generator_py/realsense2_camera_msgs/msg/_extrinsics_s.c.o[0m
[ 85%] [32mBuilding C object CMakeFiles/realsense2_camera_msgs__rosidl_generator_py.dir/rosidl_generator_py/realsense2_camera_msgs/msg/_imu_info_s.c.o[0m
[ 85%] [32mBuilding C object CMakeFiles/realsense2_camera_msgs__rosidl_generator_py.dir/rosidl_generator_py/realsense2_camera_msgs/srv/_device_info_s.c.o[0m
[ 87%] [32mBuilding C object CMakeFiles/realsense2_camera_msgs__rosidl_generator_py.dir/rosidl_generator_py/realsense2_camera_msgs/msg/_rgbd_s.c.o[0m
[ 88%] [32mBuilding C object CMakeFiles/realsense2_camera_msgs__rosidl_generator_py.dir/rosidl_generator_py/realsense2_camera_msgs/msg/_metadata_s.c.o[0m
[ 90%] [32m[1mLinking C shared library rosidl_generator_py/realsense2_camera_msgs/librealsense2_camera_msgs__rosidl_generator_py.so[0m
[ 90%] Built target realsense2_camera_msgs__rosidl_generator_py
[ 93%] [32mBuilding C object CMakeFiles/realsense2_camera_msgs__rosidl_typesupport_introspection_c__pyext.dir/rosidl_generator_py/realsense2_camera_msgs/_realsense2_camera_msgs_s.ep.rosidl_typesupport_introspection_c.c.o[0m
[ 93%] [32mBuilding C object CMakeFiles/realsense2_camera_msgs__rosidl_typesupport_c__pyext.dir/rosidl_generator_py/realsense2_camera_msgs/_realsense2_camera_msgs_s.ep.rosidl_typesupport_c.c.o[0m
[ 95%] [32mBuilding C object CMakeFiles/realsense2_camera_msgs__rosidl_typesupport_fastrtps_c__pyext.dir/rosidl_generator_py/realsense2_camera_msgs/_realsense2_camera_msgs_s.ep.rosidl_typesupport_fastrtps_c.c.o[0m
[ 98%] [32m[1mLinking C shared library rosidl_generator_py/realsense2_camera_msgs/realsense2_camera_msgs_s__rosidl_typesupport_c.cpython-310-x86_64-linux-gnu.so[0m
[ 98%] [32m[1mLinking C shared library rosidl_generator_py/realsense2_camera_msgs/realsense2_camera_msgs_s__rosidl_typesupport_introspection_c.cpython-310-x86_64-linux-gnu.so[0m
[100%] [32m[1mLinking C shared library rosidl_generator_py/realsense2_camera_msgs/realsense2_camera_msgs_s__rosidl_typesupport_fastrtps_c.cpython-310-x86_64-linux-gnu.so[0m
[100%] Built target realsense2_camera_msgs__rosidl_typesupport_c__pyext
[100%] Built target realsense2_camera_msgs__rosidl_typesupport_introspection_c__pyext
[100%] Built target realsense2_camera_msgs__rosidl_typesupport_fastrtps_c__pyext
-- Install configuration: ""
-- Execute custom install script
-- Symlinking: /home/hosodalab9/Sensor-Glove/install/realsense2_camera_msgs/share/ament_index/resource_index/rosidl_interfaces/realsense2_camera_msgs
-- Symlinking: /home/hosodalab9/Sensor-Glove/install/realsense2_camera_msgs/include/realsense2_camera_msgs/realsense2_camera_msgs/msg/detail/extrinsics__functions.h
-- Symlinking: /home/hosodalab9/Sensor-Glove/install/realsense2_camera_msgs/include/realsense2_camera_msgs/realsense2_camera_msgs/msg/detail/extrinsics__struct.h
-- Symlinking: /home/hosodalab9/Sensor-Glove/install/realsense2_camera_msgs/include/realsense2_camera_msgs/realsense2_camera_msgs/msg/detail/extrinsics__type_support.h
-- Symlinking: /home/hosodalab9/Sensor-Glove/install/realsense2_camera_msgs/include/realsense2_camera_msgs/realsense2_camera_msgs/msg/detail/imu_info__functions.h
-- Symlinking: /home/hosodalab9/Sensor-Glove/install/realsense2_camera_msgs/include/realsense2_camera_msgs/realsense2_camera_msgs/msg/detail/imu_info__struct.h
-- Symlinking: /home/hosodalab9/Sensor-Glove/install/realsense2_camera_msgs/include/realsense2_camera_msgs/realsense2_camera_msgs/msg/detail/imu_info__type_support.h
-- Symlinking: /home/hosodalab9/Sensor-Glove/install/realsense2_camera_msgs/include/realsense2_camera_msgs/realsense2_camera_msgs/msg/detail/metadata__functions.h
-- Symlinking: /home/hosodalab9/Sensor-Glove/install/realsense2_camera_msgs/include/realsense2_camera_msgs/realsense2_camera_msgs/msg/detail/metadata__struct.h
-- Symlinking: /home/hosodalab9/Sensor-Glove/install/realsense2_camera_msgs/include/realsense2_camera_msgs/realsense2_camera_msgs/msg/detail/metadata__type_support.h
-- Symlinking: /home/hosodalab9/Sensor-Glove/install/realsense2_camera_msgs/include/realsense2_camera_msgs/realsense2_camera_msgs/msg/detail/rgbd__functions.h
-- Symlinking: /home/hosodalab9/Sensor-Glove/install/realsense2_camera_msgs/include/realsense2_camera_msgs/realsense2_camera_msgs/msg/detail/rgbd__struct.h
-- Symlinking: /home/hosodalab9/Sensor-Glove/install/realsense2_camera_msgs/include/realsense2_camera_msgs/realsense2_camera_msgs/msg/detail/rgbd__type_support.h
-- Symlinking: /home/hosodalab9/Sensor-Glove/install/realsense2_camera_msgs/include/realsense2_camera_msgs/realsense2_camera_msgs/msg/extrinsics.h
-- Symlinking: /home/hosodalab9/Sensor-Glove/install/realsense2_camera_msgs/include/realsense2_camera_msgs/realsense2_camera_msgs/msg/imu_info.h
-- Symlinking: /home/hosodalab9/Sensor-Glove/install/realsense2_camera_msgs/include/realsense2_camera_msgs/realsense2_camera_msgs/msg/metadata.h
-- Symlinking: /home/hosodalab9/Sensor-Glove/install/realsense2_camera_msgs/include/realsense2_camera_msgs/realsense2_camera_msgs/msg/rgbd.h
-- Symlinking: /home/hosodalab9/Sensor-Glove/install/realsense2_camera_msgs/include/realsense2_camera_msgs/realsense2_camera_msgs/msg/rosidl_generator_c__visibility_control.h
-- Symlinking: /home/hosodalab9/Sensor-Glove/install/realsense2_camera_msgs/include/realsense2_camera_msgs/realsense2_camera_msgs/srv/detail/device_info__functions.h
-- Symlinking: /home/hosodalab9/Sensor-Glove/install/realsense2_camera_msgs/include/realsense2_camera_msgs/realsense2_camera_msgs/srv/detail/device_info__struct.h
-- Symlinking: /home/hosodalab9/Sensor-Glove/install/realsense2_camera_msgs/include/realsense2_camera_msgs/realsense2_camera_msgs/srv/detail/device_info__type_support.h
-- Symlinking: /home/hosodalab9/Sensor-Glove/install/realsense2_camera_msgs/include/realsense2_camera_msgs/realsense2_camera_msgs/srv/device_info.h
-- Symlinking: /home/hosodalab9/Sensor-Glove/install/realsense2_camera_msgs/share/realsense2_camera_msgs/environment/library_path.sh
-- Symlinking: /home/hosodalab9/Sensor-Glove/install/realsense2_camera_msgs/share/realsense2_camera_msgs/environment/library_path.dsv
-- Symlinking: /home/hosodalab9/Sensor-Glove/install/realsense2_camera_msgs/include/realsense2_camera_msgs/realsense2_camera_msgs/msg/detail/extrinsics__rosidl_typesupport_fastrtps_c.h
-- Symlinking: /home/hosodalab9/Sensor-Glove/install/realsense2_camera_msgs/include/realsense2_camera_msgs/realsense2_camera_msgs/msg/detail/imu_info__rosidl_typesupport_fastrtps_c.h
-- Symlinking: /home/hosodalab9/Sensor-Glove/install/realsense2_camera_msgs/include/realsense2_camera_msgs/realsense2_camera_msgs/msg/detail/metadata__rosidl_typesupport_fastrtps_c.h
-- Symlinking: /home/hosodalab9/Sensor-Glove/install/realsense2_camera_msgs/include/realsense2_camera_msgs/realsense2_camera_msgs/msg/detail/rgbd__rosidl_typesupport_fastrtps_c.h
-- Symlinking: /home/hosodalab9/Sensor-Glove/install/realsense2_camera_msgs/include/realsense2_camera_msgs/realsense2_camera_msgs/msg/rosidl_typesupport_fastrtps_c__visibility_control.h
-- Symlinking: /home/hosodalab9/Sensor-Glove/install/realsense2_camera_msgs/include/realsense2_camera_msgs/realsense2_camera_msgs/srv/detail/device_info__rosidl_typesupport_fastrtps_c.h
-- Symlinking: /home/hosodalab9/Sensor-Glove/install/realsense2_camera_msgs/include/realsense2_camera_msgs/realsense2_camera_msgs/msg/detail/extrinsics__rosidl_typesupport_introspection_c.h
-- Symlinking: /home/hosodalab9/Sensor-Glove/install/realsense2_camera_msgs/include/realsense2_camera_msgs/realsense2_camera_msgs/msg/detail/imu_info__rosidl_typesupport_introspection_c.h
-- Symlinking: /home/hosodalab9/Sensor-Glove/install/realsense2_camera_msgs/include/realsense2_camera_msgs/realsense2_camera_msgs/msg/detail/metadata__rosidl_typesupport_introspection_c.h
-- Symlinking: /home/hosodalab9/Sensor-Glove/install/realsense2_camera_msgs/include/realsense2_camera_msgs/realsense2_camera_msgs/msg/detail/rgbd__rosidl_typesupport_introspection_c.h
-- Symlinking: /home/hosodalab9/Sensor-Glove/install/realsense2_camera_msgs/include/realsense2_camera_msgs/realsense2_camera_msgs/msg/rosidl_typesupport_introspection_c__visibility_control.h
-- Symlinking: /home/hosodalab9/Sensor-Glove/install/realsense2_camera_msgs/include/realsense2_camera_msgs/realsense2_camera_msgs/srv/detail/device_info__rosidl_typesupport_introspection_c.h
-- Symlinking: /home/hosodalab9/Sensor-Glove/install/realsense2_camera_msgs/include/realsense2_camera_msgs/realsense2_camera_msgs/msg/detail/extrinsics__builder.hpp
-- Symlinking: /home/hosodalab9/Sensor-Glove/install/realsense2_camera_msgs/include/realsense2_camera_msgs/realsense2_camera_msgs/msg/detail/extrinsics__struct.hpp
-- Symlinking: /home/hosodalab9/Sensor-Glove/install/realsense2_camera_msgs/include/realsense2_camera_msgs/realsense2_camera_msgs/msg/detail/extrinsics__traits.hpp
-- Symlinking: /home/hosodalab9/Sensor-Glove/install/realsense2_camera_msgs/include/realsense2_camera_msgs/realsense2_camera_msgs/msg/detail/imu_info__builder.hpp
-- Symlinking: /home/hosodalab9/Sensor-Glove/install/realsense2_camera_msgs/include/realsense2_camera_msgs/realsense2_camera_msgs/msg/detail/imu_info__struct.hpp
-- Symlinking: /home/hosodalab9/Sensor-Glove/install/realsense2_camera_msgs/include/realsense2_camera_msgs/realsense2_camera_msgs/msg/detail/imu_info__traits.hpp
-- Symlinking: /home/hosodalab9/Sensor-Glove/install/realsense2_camera_msgs/include/realsense2_camera_msgs/realsense2_camera_msgs/msg/detail/metadata__builder.hpp
-- Symlinking: /home/hosodalab9/Sensor-Glove/install/realsense2_camera_msgs/include/realsense2_camera_msgs/realsense2_camera_msgs/msg/detail/metadata__struct.hpp
-- Symlinking: /home/hosodalab9/Sensor-Glove/install/realsense2_camera_msgs/include/realsense2_camera_msgs/realsense2_camera_msgs/msg/detail/metadata__traits.hpp
-- Symlinking: /home/hosodalab9/Sensor-Glove/install/realsense2_camera_msgs/include/realsense2_camera_msgs/realsense2_camera_msgs/msg/detail/rgbd__builder.hpp
-- Symlinking: /home/hosodalab9/Sensor-Glove/install/realsense2_camera_msgs/include/realsense2_camera_msgs/realsense2_camera_msgs/msg/detail/rgbd__struct.hpp
-- Symlinking: /home/hosodalab9/Sensor-Glove/install/realsense2_camera_msgs/include/realsense2_camera_msgs/realsense2_camera_msgs/msg/detail/rgbd__traits.hpp
-- Symlinking: /home/hosodalab9/Sensor-Glove/install/realsense2_camera_msgs/include/realsense2_camera_msgs/realsense2_camera_msgs/msg/extrinsics.hpp
-- Symlinking: /home/hosodalab9/Sensor-Glove/install/realsense2_camera_msgs/include/realsense2_camera_msgs/realsense2_camera_msgs/msg/imu_info.hpp
-- Symlinking: /home/hosodalab9/Sensor-Glove/install/realsense2_camera_msgs/include/realsense2_camera_msgs/realsense2_camera_msgs/msg/metadata.hpp
-- Symlinking: /home/hosodalab9/Sensor-Glove/install/realsense2_camera_msgs/include/realsense2_camera_msgs/realsense2_camera_msgs/msg/rgbd.hpp
-- Symlinking: /home/hosodalab9/Sensor-Glove/install/realsense2_camera_msgs/include/realsense2_camera_msgs/realsense2_camera_msgs/srv/detail/device_info__builder.hpp
-- Symlinking: /home/hosodalab9/Sensor-Glove/install/realsense2_camera_msgs/include/realsense2_camera_msgs/realsense2_camera_msgs/srv/detail/device_info__struct.hpp
-- Symlinking: /home/hosodalab9/Sensor-Glove/install/realsense2_camera_msgs/include/realsense2_camera_msgs/realsense2_camera_msgs/srv/detail/device_info__traits.hpp
-- Symlinking: /home/hosodalab9/Sensor-Glove/install/realsense2_camera_msgs/include/realsense2_camera_msgs/realsense2_camera_msgs/srv/device_info.hpp
-- Symlinking: /home/hosodalab9/Sensor-Glove/install/realsense2_camera_msgs/include/realsense2_camera_msgs/realsense2_camera_msgs/msg/detail/extrinsics__rosidl_typesupport_fastrtps_cpp.hpp
-- Symlinking: /home/hosodalab9/Sensor-Glove/install/realsense2_camera_msgs/include/realsense2_camera_msgs/realsense2_camera_msgs/msg/detail/imu_info__rosidl_typesupport_fastrtps_cpp.hpp
-- Symlinking: /home/hosodalab9/Sensor-Glove/install/realsense2_camera_msgs/include/realsense2_camera_msgs/realsense2_camera_msgs/msg/detail/metadata__rosidl_typesupport_fastrtps_cpp.hpp
-- Symlinking: /home/hosodalab9/Sensor-Glove/install/realsense2_camera_msgs/include/realsense2_camera_msgs/realsense2_camera_msgs/msg/detail/rgbd__rosidl_typesupport_fastrtps_cpp.hpp
-- Symlinking: /home/hosodalab9/Sensor-Glove/install/realsense2_camera_msgs/include/realsense2_camera_msgs/realsense2_camera_msgs/msg/rosidl_typesupport_fastrtps_cpp__visibility_control.h
-- Symlinking: /home/hosodalab9/Sensor-Glove/install/realsense2_camera_msgs/include/realsense2_camera_msgs/realsense2_camera_msgs/srv/detail/device_info__rosidl_typesupport_fastrtps_cpp.hpp
-- Symlinking: /home/hosodalab9/Sensor-Glove/install/realsense2_camera_msgs/include/realsense2_camera_msgs/realsense2_camera_msgs/msg/detail/extrinsics__rosidl_typesupport_introspection_cpp.hpp
-- Symlinking: /home/hosodalab9/Sensor-Glove/install/realsense2_camera_msgs/include/realsense2_camera_msgs/realsense2_camera_msgs/msg/detail/imu_info__rosidl_typesupport_introspection_cpp.hpp
-- Symlinking: /home/hosodalab9/Sensor-Glove/install/realsense2_camera_msgs/include/realsense2_camera_msgs/realsense2_camera_msgs/msg/detail/metadata__rosidl_typesupport_introspection_cpp.hpp
-- Symlinking: /home/hosodalab9/Sensor-Glove/install/realsense2_camera_msgs/include/realsense2_camera_msgs/realsense2_camera_msgs/msg/detail/rgbd__rosidl_typesupport_introspection_cpp.hpp
-- Symlinking: /home/hosodalab9/Sensor-Glove/install/realsense2_camera_msgs/include/realsense2_camera_msgs/realsense2_camera_msgs/srv/detail/device_info__rosidl_typesupport_introspection_cpp.hpp
-- Symlinking: /home/hosodalab9/Sensor-Glove/install/realsense2_camera_msgs/share/realsense2_camera_msgs/environment/pythonpath.sh
-- Symlinking: /home/hosodalab9/Sensor-Glove/install/realsense2_camera_msgs/share/realsense2_camera_msgs/environment/pythonpath.dsv
-- Symlinking: /home/hosodalab9/Sensor-Glove/install/realsense2_camera_msgs/local/lib/python3.10/dist-packages/realsense2_camera_msgs-4.54.1-py3.10.egg-info/PKG-INFO
-- Symlinking: /home/hosodalab9/Sensor-Glove/install/realsense2_camera_msgs/local/lib/python3.10/dist-packages/realsense2_camera_msgs-4.54.1-py3.10.egg-info/SOURCES.txt
-- Symlinking: /home/hosodalab9/Sensor-Glove/install/realsense2_camera_msgs/local/lib/python3.10/dist-packages/realsense2_camera_msgs-4.54.1-py3.10.egg-info/dependency_links.txt
-- Symlinking: /home/hosodalab9/Sensor-Glove/install/realsense2_camera_msgs/local/lib/python3.10/dist-packages/realsense2_camera_msgs-4.54.1-py3.10.egg-info/top_level.txt
-- Symlinking: /home/hosodalab9/Sensor-Glove/install/realsense2_camera_msgs/local/lib/python3.10/dist-packages/realsense2_camera_msgs/__init__.py
-- Symlinking: /home/hosodalab9/Sensor-Glove/install/realsense2_camera_msgs/local/lib/python3.10/dist-packages/realsense2_camera_msgs/_realsense2_camera_msgs_s.ep.rosidl_typesupport_c.c
-- Symlinking: /home/hosodalab9/Sensor-Glove/install/realsense2_camera_msgs/local/lib/python3.10/dist-packages/realsense2_camera_msgs/_realsense2_camera_msgs_s.ep.rosidl_typesupport_fastrtps_c.c
-- Symlinking: /home/hosodalab9/Sensor-Glove/install/realsense2_camera_msgs/local/lib/python3.10/dist-packages/realsense2_camera_msgs/_realsense2_camera_msgs_s.ep.rosidl_typesupport_introspection_c.c
-- Symlinking: /home/hosodalab9/Sensor-Glove/install/realsense2_camera_msgs/local/lib/python3.10/dist-packages/realsense2_camera_msgs/librealsense2_camera_msgs__rosidl_generator_py.so
-- Symlinking: /home/hosodalab9/Sensor-Glove/install/realsense2_camera_msgs/local/lib/python3.10/dist-packages/realsense2_camera_msgs/msg/__init__.py
-- Symlinking: /home/hosodalab9/Sensor-Glove/install/realsense2_camera_msgs/local/lib/python3.10/dist-packages/realsense2_camera_msgs/msg/_extrinsics.py
-- Symlinking: /home/hosodalab9/Sensor-Glove/install/realsense2_camera_msgs/local/lib/python3.10/dist-packages/realsense2_camera_msgs/msg/_extrinsics_s.c
-- Symlinking: /home/hosodalab9/Sensor-Glove/install/realsense2_camera_msgs/local/lib/python3.10/dist-packages/realsense2_camera_msgs/msg/_imu_info.py
-- Symlinking: /home/hosodalab9/Sensor-Glove/install/realsense2_camera_msgs/local/lib/python3.10/dist-packages/realsense2_camera_msgs/msg/_imu_info_s.c
-- Symlinking: /home/hosodalab9/Sensor-Glove/install/realsense2_camera_msgs/local/lib/python3.10/dist-packages/realsense2_camera_msgs/msg/_metadata.py
-- Symlinking: /home/hosodalab9/Sensor-Glove/install/realsense2_camera_msgs/local/lib/python3.10/dist-packages/realsense2_camera_msgs/msg/_metadata_s.c
-- Symlinking: /home/hosodalab9/Sensor-Glove/install/realsense2_camera_msgs/local/lib/python3.10/dist-packages/realsense2_camera_msgs/msg/_rgbd.py
-- Symlinking: /home/hosodalab9/Sensor-Glove/install/realsense2_camera_msgs/local/lib/python3.10/dist-packages/realsense2_camera_msgs/msg/_rgbd_s.c
-- Symlinking: /home/hosodalab9/Sensor-Glove/install/realsense2_camera_msgs/local/lib/python3.10/dist-packages/realsense2_camera_msgs/realsense2_camera_msgs_s__rosidl_typesupport_c.cpython-310-x86_64-linux-gnu.so
-- Symlinking: /home/hosodalab9/Sensor-Glove/install/realsense2_camera_msgs/local/lib/python3.10/dist-packages/realsense2_camera_msgs/realsense2_camera_msgs_s__rosidl_typesupport_fastrtps_c.cpython-310-x86_64-linux-gnu.so
-- Symlinking: /home/hosodalab9/Sensor-Glove/install/realsense2_camera_msgs/local/lib/python3.10/dist-packages/realsense2_camera_msgs/realsense2_camera_msgs_s__rosidl_typesupport_introspection_c.cpython-310-x86_64-linux-gnu.so
-- Symlinking: /home/hosodalab9/Sensor-Glove/install/realsense2_camera_msgs/local/lib/python3.10/dist-packages/realsense2_camera_msgs/srv/__init__.py
-- Symlinking: /home/hosodalab9/Sensor-Glove/install/realsense2_camera_msgs/local/lib/python3.10/dist-packages/realsense2_camera_msgs/srv/_device_info.py
-- Symlinking: /home/hosodalab9/Sensor-Glove/install/realsense2_camera_msgs/local/lib/python3.10/dist-packages/realsense2_camera_msgs/srv/_device_info_s.c
-- Up-to-date symlink: /home/hosodalab9/Sensor-Glove/install/realsense2_camera_msgs/local/lib/python3.10/dist-packages/realsense2_camera_msgs/realsense2_camera_msgs_s__rosidl_typesupport_fastrtps_c.cpython-310-x86_64-linux-gnu.so
-- Up-to-date symlink: /home/hosodalab9/Sensor-Glove/install/realsense2_camera_msgs/local/lib/python3.10/dist-packages/realsense2_camera_msgs/realsense2_camera_msgs_s__rosidl_typesupport_introspection_c.cpython-310-x86_64-linux-gnu.so
-- Up-to-date symlink: /home/hosodalab9/Sensor-Glove/install/realsense2_camera_msgs/local/lib/python3.10/dist-packages/realsense2_camera_msgs/realsense2_camera_msgs_s__rosidl_typesupport_c.cpython-310-x86_64-linux-gnu.so
-- Symlinking: /home/hosodalab9/Sensor-Glove/install/realsense2_camera_msgs/share/realsense2_camera_msgs/msg/IMUInfo.idl
-- Symlinking: /home/hosodalab9/Sensor-Glove/install/realsense2_camera_msgs/share/realsense2_camera_msgs/msg/Extrinsics.idl
-- Symlinking: /home/hosodalab9/Sensor-Glove/install/realsense2_camera_msgs/share/realsense2_camera_msgs/msg/Metadata.idl
-- Symlinking: /home/hosodalab9/Sensor-Glove/install/realsense2_camera_msgs/share/realsense2_camera_msgs/msg/RGBD.idl
-- Symlinking: /home/hosodalab9/Sensor-Glove/install/realsense2_camera_msgs/share/realsense2_camera_msgs/srv/DeviceInfo.idl
-- Symlinking: /home/hosodalab9/Sensor-Glove/install/realsense2_camera_msgs/share/realsense2_camera_msgs/msg/IMUInfo.msg
-- Symlinking: /home/hosodalab9/Sensor-Glove/install/realsense2_camera_msgs/share/realsense2_camera_msgs/msg/Extrinsics.msg
-- Symlinking: /home/hosodalab9/Sensor-Glove/install/realsense2_camera_msgs/share/realsense2_camera_msgs/msg/Metadata.msg
-- Symlinking: /home/hosodalab9/Sensor-Glove/install/realsense2_camera_msgs/share/realsense2_camera_msgs/msg/RGBD.msg
-- Symlinking: /home/hosodalab9/Sensor-Glove/install/realsense2_camera_msgs/share/realsense2_camera_msgs/srv/DeviceInfo.srv
-- Symlinking: /home/hosodalab9/Sensor-Glove/install/realsense2_camera_msgs/share/realsense2_camera_msgs/srv/DeviceInfo_Request.msg
-- Symlinking: /home/hosodalab9/Sensor-Glove/install/realsense2_camera_msgs/share/realsense2_camera_msgs/srv/DeviceInfo_Response.msg
-- Symlinking: /home/hosodalab9/Sensor-Glove/install/realsense2_camera_msgs/share/ament_index/resource_index/package_run_dependencies/realsense2_camera_msgs
-- Symlinking: /home/hosodalab9/Sensor-Glove/install/realsense2_camera_msgs/share/ament_index/resource_index/parent_prefix_path/realsense2_camera_msgs
-- Symlinking: /home/hosodalab9/Sensor-Glove/install/realsense2_camera_msgs/share/realsense2_camera_msgs/environment/ament_prefix_path.sh
-- Symlinking: /home/hosodalab9/Sensor-Glove/install/realsense2_camera_msgs/share/realsense2_camera_msgs/environment/ament_prefix_path.dsv
-- Symlinking: /home/hosodalab9/Sensor-Glove/install/realsense2_camera_msgs/share/realsense2_camera_msgs/environment/path.sh
-- Symlinking: /home/hosodalab9/Sensor-Glove/install/realsense2_camera_msgs/share/realsense2_camera_msgs/environment/path.dsv
-- Symlinking: /home/hosodalab9/Sensor-Glove/install/realsense2_camera_msgs/share/realsense2_camera_msgs/local_setup.bash
-- Symlinking: /home/hosodalab9/Sensor-Glove/install/realsense2_camera_msgs/share/realsense2_camera_msgs/local_setup.sh
-- Symlinking: /home/hosodalab9/Sensor-Glove/install/realsense2_camera_msgs/share/realsense2_camera_msgs/local_setup.zsh
-- Symlinking: /home/hosodalab9/Sensor-Glove/install/realsense2_camera_msgs/share/realsense2_camera_msgs/local_setup.dsv
-- Symlinking: /home/hosodalab9/Sensor-Glove/install/realsense2_camera_msgs/share/realsense2_camera_msgs/package.dsv
-- Symlinking: /home/hosodalab9/Sensor-Glove/install/realsense2_camera_msgs/share/ament_index/resource_index/packages/realsense2_camera_msgs
-- Symlinking: /home/hosodalab9/Sensor-Glove/install/realsense2_camera_msgs/share/realsense2_camera_msgs/cmake/rosidl_cmake-extras.cmake
-- Symlinking: /home/hosodalab9/Sensor-Glove/install/realsense2_camera_msgs/share/realsense2_camera_msgs/cmake/ament_cmake_export_dependencies-extras.cmake
-- Symlinking: /home/hosodalab9/Sensor-Glove/install/realsense2_camera_msgs/share/realsense2_camera_msgs/cmake/ament_cmake_export_include_directories-extras.cmake
-- Symlinking: /home/hosodalab9/Sensor-Glove/install/realsense2_camera_msgs/share/realsense2_camera_msgs/cmake/ament_cmake_export_libraries-extras.cmake
-- Symlinking: /home/hosodalab9/Sensor-Glove/install/realsense2_camera_msgs/share/realsense2_camera_msgs/cmake/ament_cmake_export_targets-extras.cmake
-- Symlinking: /home/hosodalab9/Sensor-Glove/install/realsense2_camera_msgs/share/realsense2_camera_msgs/cmake/rosidl_cmake_export_typesupport_targets-extras.cmake
-- Symlinking: /home/hosodalab9/Sensor-Glove/install/realsense2_camera_msgs/share/realsense2_camera_msgs/cmake/rosidl_cmake_export_typesupport_libraries-extras.cmake
-- Symlinking: /home/hosodalab9/Sensor-Glove/install/realsense2_camera_msgs/share/realsense2_camera_msgs/cmake/realsense2_camera_msgsConfig.cmake
-- Symlinking: /home/hosodalab9/Sensor-Glove/install/realsense2_camera_msgs/share/realsense2_camera_msgs/cmake/realsense2_camera_msgsConfig-version.cmake
-- Symlinking: /home/hosodalab9/Sensor-Glove/install/realsense2_camera_msgs/share/realsense2_camera_msgs/package.xml
-- Installing: /home/hosodalab9/Sensor-Glove/install/realsense2_camera_msgs/lib/librealsense2_camera_msgs__rosidl_generator_c.so
-- Set runtime path of "/home/hosodalab9/Sensor-Glove/install/realsense2_camera_msgs/lib/librealsense2_camera_msgs__rosidl_generator_c.so" to ""
-- Installing: /home/hosodalab9/Sensor-Glove/install/realsense2_camera_msgs/lib/librealsense2_camera_msgs__rosidl_typesupport_fastrtps_c.so
-- Set runtime path of "/home/hosodalab9/Sensor-Glove/install/realsense2_camera_msgs/lib/librealsense2_camera_msgs__rosidl_typesupport_fastrtps_c.so" to ""
-- Installing: /home/hosodalab9/Sensor-Glove/install/realsense2_camera_msgs/lib/librealsense2_camera_msgs__rosidl_typesupport_introspection_c.so
-- Set runtime path of "/home/hosodalab9/Sensor-Glove/install/realsense2_camera_msgs/lib/librealsense2_camera_msgs__rosidl_typesupport_introspection_c.so" to ""
-- Installing: /home/hosodalab9/Sensor-Glove/install/realsense2_camera_msgs/lib/librealsense2_camera_msgs__rosidl_typesupport_c.so
-- Set runtime path of "/home/hosodalab9/Sensor-Glove/install/realsense2_camera_msgs/lib/librealsense2_camera_msgs__rosidl_typesupport_c.so" to ""
-- Installing: /home/hosodalab9/Sensor-Glove/install/realsense2_camera_msgs/lib/librealsense2_camera_msgs__rosidl_typesupport_fastrtps_cpp.so
-- Set runtime path of "/home/hosodalab9/Sensor-Glove/install/realsense2_camera_msgs/lib/librealsense2_camera_msgs__rosidl_typesupport_fastrtps_cpp.so" to ""
-- Installing: /home/hosodalab9/Sensor-Glove/install/realsense2_camera_msgs/lib/librealsense2_camera_msgs__rosidl_typesupport_introspection_cpp.so
-- Set runtime path of "/home/hosodalab9/Sensor-Glove/install/realsense2_camera_msgs/lib/librealsense2_camera_msgs__rosidl_typesupport_introspection_cpp.so" to ""
-- Installing: /home/hosodalab9/Sensor-Glove/install/realsense2_camera_msgs/lib/librealsense2_camera_msgs__rosidl_typesupport_cpp.so
-- Set runtime path of "/home/hosodalab9/Sensor-Glove/install/realsense2_camera_msgs/lib/librealsense2_camera_msgs__rosidl_typesupport_cpp.so" to ""
Listing '/home/hosodalab9/Sensor-Glove/install/realsense2_camera_msgs/local/lib/python3.10/dist-packages/realsense2_camera_msgs'...
Compiling '/home/hosodalab9/Sensor-Glove/install/realsense2_camera_msgs/local/lib/python3.10/dist-packages/realsense2_camera_msgs/__init__.py'...
Listing '/home/hosodalab9/Sensor-Glove/install/realsense2_camera_msgs/local/lib/python3.10/dist-packages/realsense2_camera_msgs/msg'...
Compiling '/home/hosodalab9/Sensor-Glove/install/realsense2_camera_msgs/local/lib/python3.10/dist-packages/realsense2_camera_msgs/msg/__init__.py'...
Compiling '/home/hosodalab9/Sensor-Glove/install/realsense2_camera_msgs/local/lib/python3.10/dist-packages/realsense2_camera_msgs/msg/_extrinsics.py'...
Compiling '/home/hosodalab9/Sensor-Glove/install/realsense2_camera_msgs/local/lib/python3.10/dist-packages/realsense2_camera_msgs/msg/_imu_info.py'...
Compiling '/home/hosodalab9/Sensor-Glove/install/realsense2_camera_msgs/local/lib/python3.10/dist-packages/realsense2_camera_msgs/msg/_metadata.py'...
Compiling '/home/hosodalab9/Sensor-Glove/install/realsense2_camera_msgs/local/lib/python3.10/dist-packages/realsense2_camera_msgs/msg/_rgbd.py'...
Listing '/home/hosodalab9/Sensor-Glove/install/realsense2_camera_msgs/local/lib/python3.10/dist-packages/realsense2_camera_msgs/srv'...
Compiling '/home/hosodalab9/Sensor-Glove/install/realsense2_camera_msgs/local/lib/python3.10/dist-packages/realsense2_camera_msgs/srv/__init__.py'...
Compiling '/home/hosodalab9/Sensor-Glove/install/realsense2_camera_msgs/local/lib/python3.10/dist-packages/realsense2_camera_msgs/srv/_device_info.py'...
-- Installing: /home/hosodalab9/Sensor-Glove/install/realsense2_camera_msgs/lib/librealsense2_camera_msgs__rosidl_generator_py.so
-- Set runtime path of "/home/hosodalab9/Sensor-Glove/install/realsense2_camera_msgs/lib/librealsense2_camera_msgs__rosidl_generator_py.so" to ""
-- Installing: /home/hosodalab9/Sensor-Glove/install/realsense2_camera_msgs/share/realsense2_camera_msgs/cmake/export_realsense2_camera_msgs__rosidl_generator_cExport.cmake
-- Installing: /home/hosodalab9/Sensor-Glove/install/realsense2_camera_msgs/share/realsense2_camera_msgs/cmake/export_realsense2_camera_msgs__rosidl_generator_cExport-noconfig.cmake
-- Installing: /home/hosodalab9/Sensor-Glove/install/realsense2_camera_msgs/share/realsense2_camera_msgs/cmake/export_realsense2_camera_msgs__rosidl_typesupport_fastrtps_cExport.cmake
-- Installing: /home/hosodalab9/Sensor-Glove/install/realsense2_camera_msgs/share/realsense2_camera_msgs/cmake/export_realsense2_camera_msgs__rosidl_typesupport_fastrtps_cExport-noconfig.cmake
-- Installing: /home/hosodalab9/Sensor-Glove/install/realsense2_camera_msgs/share/realsense2_camera_msgs/cmake/realsense2_camera_msgs__rosidl_typesupport_introspection_cExport.cmake
-- Installing: /home/hosodalab9/Sensor-Glove/install/realsense2_camera_msgs/share/realsense2_camera_msgs/cmake/realsense2_camera_msgs__rosidl_typesupport_introspection_cExport-noconfig.cmake
-- Installing: /home/hosodalab9/Sensor-Glove/install/realsense2_camera_msgs/share/realsense2_camera_msgs/cmake/realsense2_camera_msgs__rosidl_typesupport_cExport.cmake
-- Installing: /home/hosodalab9/Sensor-Glove/install/realsense2_camera_msgs/share/realsense2_camera_msgs/cmake/realsense2_camera_msgs__rosidl_typesupport_cExport-noconfig.cmake
-- Installing: /home/hosodalab9/Sensor-Glove/install/realsense2_camera_msgs/share/realsense2_camera_msgs/cmake/export_realsense2_camera_msgs__rosidl_generator_cppExport.cmake
-- Installing: /home/hosodalab9/Sensor-Glove/install/realsense2_camera_msgs/share/realsense2_camera_msgs/cmake/export_realsense2_camera_msgs__rosidl_typesupport_fastrtps_cppExport.cmake
-- Installing: /home/hosodalab9/Sensor-Glove/install/realsense2_camera_msgs/share/realsense2_camera_msgs/cmake/export_realsense2_camera_msgs__rosidl_typesupport_fastrtps_cppExport-noconfig.cmake
-- Installing: /home/hosodalab9/Sensor-Glove/install/realsense2_camera_msgs/share/realsense2_camera_msgs/cmake/realsense2_camera_msgs__rosidl_typesupport_introspection_cppExport.cmake
-- Installing: /home/hosodalab9/Sensor-Glove/install/realsense2_camera_msgs/share/realsense2_camera_msgs/cmake/realsense2_camera_msgs__rosidl_typesupport_introspection_cppExport-noconfig.cmake
-- Installing: /home/hosodalab9/Sensor-Glove/install/realsense2_camera_msgs/share/realsense2_camera_msgs/cmake/realsense2_camera_msgs__rosidl_typesupport_cppExport.cmake
-- Installing: /home/hosodalab9/Sensor-Glove/install/realsense2_camera_msgs/share/realsense2_camera_msgs/cmake/realsense2_camera_msgs__rosidl_typesupport_cppExport-noconfig.cmake
-- Installing: /home/hosodalab9/Sensor-Glove/install/realsense2_camera_msgs/share/realsense2_camera_msgs/cmake/export_realsense2_camera_msgs__rosidl_generator_pyExport.cmake
-- Installing: /home/hosodalab9/Sensor-Glove/install/realsense2_camera_msgs/share/realsense2_camera_msgs/cmake/export_realsense2_camera_msgs__rosidl_generator_pyExport-noconfig.cmake
