[0.021s] Invoking command in '/home/hosodalab9/Sensor-Glove/build/realsense2_camera_msgs': CMAKE_PREFIX_PATH=/opt/ros/humble /usr/bin/cmake --build /home/hosodalab9/Sensor-Glove/build/realsense2_camera_msgs -- -j16 -l16
[0.089s] [  1%] [34m[1mGenerating C code for ROS interfaces[0m
[0.102s] [  3%] [34m[1mGenerating C++ code for ROS interfaces[0m
[0.113s] [  3%] Built target ament_cmake_python_symlink_realsense2_camera_msgs
[0.400s] running egg_info
[0.401s] creating realsense2_camera_msgs.egg-info
[0.401s] writing realsense2_camera_msgs.egg-info/PKG-INFO
[0.401s] writing dependency_links to realsense2_camera_msgs.egg-info/dependency_links.txt
[0.401s] writing top-level names to realsense2_camera_msgs.egg-info/top_level.txt
[0.401s] writing manifest file 'realsense2_camera_msgs.egg-info/SOURCES.txt'
[0.404s] reading manifest file 'realsense2_camera_msgs.egg-info/SOURCES.txt'
[0.405s] writing manifest file 'realsense2_camera_msgs.egg-info/SOURCES.txt'
[0.431s] [  3%] Built target ament_cmake_python_build_realsense2_camera_msgs_egg
[0.562s] [  3%] Built target realsense2_camera_msgs__cpp
[0.572s] [  4%] [34m[1mGenerating C++ type support for eProsima Fast-RTPS[0m
[0.572s] [  7%] [34m[1mGenerating C++ introspection for ROS interfaces[0m
[0.572s] [  7%] [34m[1mGenerating C++ type support dispatch for ROS interfaces[0m
[0.578s] [ 15%] [32mBuilding C object CMakeFiles/realsense2_camera_msgs__rosidl_generator_c.dir/rosidl_generator_c/realsense2_camera_msgs/msg/detail/rgbd__functions.c.o[0m
[0.578s] [ 15%] [32mBuilding C object CMakeFiles/realsense2_camera_msgs__rosidl_generator_c.dir/rosidl_generator_c/realsense2_camera_msgs/msg/detail/extrinsics__functions.c.o[0m
[0.578s] [ 15%] [32mBuilding C object CMakeFiles/realsense2_camera_msgs__rosidl_generator_c.dir/rosidl_generator_c/realsense2_camera_msgs/msg/detail/metadata__functions.c.o[0m
[0.578s] [ 15%] [32mBuilding C object CMakeFiles/realsense2_camera_msgs__rosidl_generator_c.dir/rosidl_generator_c/realsense2_camera_msgs/srv/detail/device_info__functions.c.o[0m
[0.578s] [ 15%] [32mBuilding C object CMakeFiles/realsense2_camera_msgs__rosidl_generator_c.dir/rosidl_generator_c/realsense2_camera_msgs/msg/detail/imu_info__functions.c.o[0m
[0.630s] [ 17%] [32m[1mLinking C shared library librealsense2_camera_msgs__rosidl_generator_c.so[0m
[0.673s] [ 17%] Built target realsense2_camera_msgs__rosidl_generator_c
[0.683s] [ 22%] [34m[1mGenerating C type support dispatch for ROS interfaces[0m
[0.683s] [ 22%] [34m[1mGenerating C introspection for ROS interfaces[0m
[0.683s] [ 22%] [34m[1mGenerating C type support for eProsima Fast-RTPS[0m
[1.008s] [ 25%] [32mBuilding CXX object CMakeFiles/realsense2_camera_msgs__rosidl_typesupport_c.dir/rosidl_typesupport_c/realsense2_camera_msgs/msg/extrinsics__type_support.cpp.o[0m
[1.008s] [ 25%] [32mBuilding CXX object CMakeFiles/realsense2_camera_msgs__rosidl_typesupport_c.dir/rosidl_typesupport_c/realsense2_camera_msgs/msg/rgbd__type_support.cpp.o[0m
[1.011s] [ 28%] [32mBuilding CXX object CMakeFiles/realsense2_camera_msgs__rosidl_typesupport_c.dir/rosidl_typesupport_c/realsense2_camera_msgs/srv/device_info__type_support.cpp.o[0m
[1.011s] [ 28%] [32mBuilding CXX object CMakeFiles/realsense2_camera_msgs__rosidl_typesupport_c.dir/rosidl_typesupport_c/realsense2_camera_msgs/msg/imu_info__type_support.cpp.o[0m
[1.012s] [ 30%] [32mBuilding CXX object CMakeFiles/realsense2_camera_msgs__rosidl_typesupport_c.dir/rosidl_typesupport_c/realsense2_camera_msgs/msg/metadata__type_support.cpp.o[0m
[1.043s] [ 31%] [32mBuilding CXX object CMakeFiles/realsense2_camera_msgs__rosidl_typesupport_cpp.dir/rosidl_typesupport_cpp/realsense2_camera_msgs/msg/imu_info__type_support.cpp.o[0m
[1.052s] [ 33%] [32mBuilding CXX object CMakeFiles/realsense2_camera_msgs__rosidl_typesupport_cpp.dir/rosidl_typesupport_cpp/realsense2_camera_msgs/msg/extrinsics__type_support.cpp.o[0m
[1.054s] [ 34%] [32m[1mLinking CXX shared library librealsense2_camera_msgs__rosidl_typesupport_c.so[0m
[1.055s] [ 36%] [32mBuilding CXX object CMakeFiles/realsense2_camera_msgs__rosidl_typesupport_cpp.dir/rosidl_typesupport_cpp/realsense2_camera_msgs/msg/metadata__type_support.cpp.o[0m
[1.069s] [ 38%] [32mBuilding CXX object CMakeFiles/realsense2_camera_msgs__rosidl_typesupport_cpp.dir/rosidl_typesupport_cpp/realsense2_camera_msgs/srv/device_info__type_support.cpp.o[0m
[1.070s] [ 39%] [32mBuilding CXX object CMakeFiles/realsense2_camera_msgs__rosidl_typesupport_cpp.dir/rosidl_typesupport_cpp/realsense2_camera_msgs/msg/rgbd__type_support.cpp.o[0m
[1.111s] [ 41%] [32mBuilding C object CMakeFiles/realsense2_camera_msgs__rosidl_typesupport_introspection_c.dir/rosidl_typesupport_introspection_c/realsense2_camera_msgs/msg/detail/imu_info__type_support.c.o[0m
[1.119s] [ 44%] [32mBuilding C object CMakeFiles/realsense2_camera_msgs__rosidl_typesupport_introspection_c.dir/rosidl_typesupport_introspection_c/realsense2_camera_msgs/msg/detail/extrinsics__type_support.c.o[0m
[1.120s] [ 44%] [32mBuilding CXX object CMakeFiles/realsense2_camera_msgs__rosidl_typesupport_fastrtps_c.dir/rosidl_typesupport_fastrtps_c/realsense2_camera_msgs/msg/detail/imu_info__type_support_c.cpp.o[0m
[1.121s] [ 46%] [32mBuilding CXX object CMakeFiles/realsense2_camera_msgs__rosidl_typesupport_fastrtps_c.dir/rosidl_typesupport_fastrtps_c/realsense2_camera_msgs/msg/detail/metadata__type_support_c.cpp.o[0m
[1.124s] [ 47%] [32mBuilding CXX object CMakeFiles/realsense2_camera_msgs__rosidl_typesupport_fastrtps_c.dir/rosidl_typesupport_fastrtps_c/realsense2_camera_msgs/msg/detail/extrinsics__type_support_c.cpp.o[0m
[1.133s] [ 49%] [32mBuilding CXX object CMakeFiles/realsense2_camera_msgs__rosidl_typesupport_fastrtps_c.dir/rosidl_typesupport_fastrtps_c/realsense2_camera_msgs/msg/detail/rgbd__type_support_c.cpp.o[0m
[1.133s] [ 50%] [32mBuilding C object CMakeFiles/realsense2_camera_msgs__rosidl_typesupport_introspection_c.dir/rosidl_typesupport_introspection_c/realsense2_camera_msgs/msg/detail/rgbd__type_support.c.o[0m
[1.139s] [ 52%] [32mBuilding C object CMakeFiles/realsense2_camera_msgs__rosidl_typesupport_introspection_c.dir/rosidl_typesupport_introspection_c/realsense2_camera_msgs/msg/detail/metadata__type_support.c.o[0m
[1.146s] [ 52%] Built target realsense2_camera_msgs__rosidl_typesupport_c
[1.158s] [ 53%] [32mBuilding CXX object CMakeFiles/realsense2_camera_msgs__rosidl_typesupport_introspection_cpp.dir/rosidl_typesupport_introspection_cpp/realsense2_camera_msgs/msg/detail/imu_info__type_support.cpp.o[0m
[1.164s] [ 55%] [32mBuilding CXX object CMakeFiles/realsense2_camera_msgs__rosidl_typesupport_introspection_cpp.dir/rosidl_typesupport_introspection_cpp/realsense2_camera_msgs/msg/detail/extrinsics__type_support.cpp.o[0m
[1.222s] [ 57%] [32mBuilding CXX object CMakeFiles/realsense2_camera_msgs__rosidl_typesupport_fastrtps_c.dir/rosidl_typesupport_fastrtps_c/realsense2_camera_msgs/srv/detail/device_info__type_support_c.cpp.o[0m
[1.222s] [ 58%] [32mBuilding CXX object CMakeFiles/realsense2_camera_msgs__rosidl_typesupport_introspection_cpp.dir/rosidl_typesupport_introspection_cpp/realsense2_camera_msgs/msg/detail/metadata__type_support.cpp.o[0m
[1.237s] [ 60%] [32mBuilding CXX object CMakeFiles/realsense2_camera_msgs__rosidl_typesupport_introspection_cpp.dir/rosidl_typesupport_introspection_cpp/realsense2_camera_msgs/msg/detail/rgbd__type_support.cpp.o[0m
[1.240s] [ 61%] [32mBuilding C object CMakeFiles/realsense2_camera_msgs__rosidl_typesupport_introspection_c.dir/rosidl_typesupport_introspection_c/realsense2_camera_msgs/srv/detail/device_info__type_support.c.o[0m
[1.425s] [ 63%] [32m[1mLinking C shared library librealsense2_camera_msgs__rosidl_typesupport_introspection_c.so[0m
[1.461s] [ 65%] [32mBuilding CXX object CMakeFiles/realsense2_camera_msgs__rosidl_typesupport_introspection_cpp.dir/rosidl_typesupport_introspection_cpp/realsense2_camera_msgs/srv/detail/device_info__type_support.cpp.o[0m
[1.470s] [ 66%] [32mBuilding CXX object CMakeFiles/realsense2_camera_msgs__rosidl_typesupport_fastrtps_cpp.dir/rosidl_typesupport_fastrtps_cpp/realsense2_camera_msgs/msg/detail/dds_fastrtps/imu_info__type_support.cpp.o[0m
[1.487s] [ 68%] [32mBuilding CXX object CMakeFiles/realsense2_camera_msgs__rosidl_typesupport_fastrtps_cpp.dir/rosidl_typesupport_fastrtps_cpp/realsense2_camera_msgs/msg/detail/dds_fastrtps/extrinsics__type_support.cpp.o[0m
[1.513s] [ 69%] [32mBuilding CXX object CMakeFiles/realsense2_camera_msgs__rosidl_typesupport_fastrtps_cpp.dir/rosidl_typesupport_fastrtps_cpp/realsense2_camera_msgs/msg/detail/dds_fastrtps/metadata__type_support.cpp.o[0m
[1.528s] [ 71%] [32mBuilding CXX object CMakeFiles/realsense2_camera_msgs__rosidl_typesupport_fastrtps_cpp.dir/rosidl_typesupport_fastrtps_cpp/realsense2_camera_msgs/msg/detail/dds_fastrtps/rgbd__type_support.cpp.o[0m
[1.540s] [ 73%] [32m[1mLinking CXX shared library librealsense2_camera_msgs__rosidl_typesupport_cpp.so[0m
[1.561s] [ 73%] Built target realsense2_camera_msgs__rosidl_typesupport_introspection_c
[1.612s] [ 74%] [32mBuilding CXX object CMakeFiles/realsense2_camera_msgs__rosidl_typesupport_fastrtps_cpp.dir/rosidl_typesupport_fastrtps_cpp/realsense2_camera_msgs/srv/detail/dds_fastrtps/device_info__type_support.cpp.o[0m
[1.710s] [ 74%] Built target realsense2_camera_msgs__rosidl_typesupport_cpp
[1.833s] [ 76%] [32m[1mLinking CXX shared library librealsense2_camera_msgs__rosidl_typesupport_fastrtps_c.so[0m
[1.978s] [ 76%] Built target realsense2_camera_msgs__rosidl_typesupport_fastrtps_c
[1.978s] [ 77%] [32m[1mLinking CXX shared library librealsense2_camera_msgs__rosidl_typesupport_introspection_cpp.so[0m
[2.059s] [ 77%] Built target realsense2_camera_msgs__rosidl_typesupport_introspection_cpp
[2.123s] [ 79%] [32m[1mLinking CXX shared library librealsense2_camera_msgs__rosidl_typesupport_fastrtps_cpp.so[0m
[2.213s] [ 79%] Built target realsense2_camera_msgs__rosidl_typesupport_fastrtps_cpp
[2.235s] [ 79%] Built target realsense2_camera_msgs
[2.259s] [ 80%] [34m[1mGenerating Python code for ROS interfaces[0m
[2.826s] [ 80%] Built target realsense2_camera_msgs__py
[2.846s] [ 85%] [32mBuilding C object CMakeFiles/realsense2_camera_msgs__rosidl_generator_py.dir/rosidl_generator_py/realsense2_camera_msgs/msg/_extrinsics_s.c.o[0m
[2.847s] [ 85%] [32mBuilding C object CMakeFiles/realsense2_camera_msgs__rosidl_generator_py.dir/rosidl_generator_py/realsense2_camera_msgs/msg/_imu_info_s.c.o[0m
[2.847s] [ 85%] [32mBuilding C object CMakeFiles/realsense2_camera_msgs__rosidl_generator_py.dir/rosidl_generator_py/realsense2_camera_msgs/srv/_device_info_s.c.o[0m
[2.847s] [ 87%] [32mBuilding C object CMakeFiles/realsense2_camera_msgs__rosidl_generator_py.dir/rosidl_generator_py/realsense2_camera_msgs/msg/_rgbd_s.c.o[0m
[2.849s] [ 88%] [32mBuilding C object CMakeFiles/realsense2_camera_msgs__rosidl_generator_py.dir/rosidl_generator_py/realsense2_camera_msgs/msg/_metadata_s.c.o[0m
[3.005s] [ 90%] [32m[1mLinking C shared library rosidl_generator_py/realsense2_camera_msgs/librealsense2_camera_msgs__rosidl_generator_py.so[0m
[3.063s] [ 90%] Built target realsense2_camera_msgs__rosidl_generator_py
[3.083s] [ 93%] [32mBuilding C object CMakeFiles/realsense2_camera_msgs__rosidl_typesupport_introspection_c__pyext.dir/rosidl_generator_py/realsense2_camera_msgs/_realsense2_camera_msgs_s.ep.rosidl_typesupport_introspection_c.c.o[0m
[3.084s] [ 93%] [32mBuilding C object CMakeFiles/realsense2_camera_msgs__rosidl_typesupport_c__pyext.dir/rosidl_generator_py/realsense2_camera_msgs/_realsense2_camera_msgs_s.ep.rosidl_typesupport_c.c.o[0m
[3.084s] [ 95%] [32mBuilding C object CMakeFiles/realsense2_camera_msgs__rosidl_typesupport_fastrtps_c__pyext.dir/rosidl_generator_py/realsense2_camera_msgs/_realsense2_camera_msgs_s.ep.rosidl_typesupport_fastrtps_c.c.o[0m
[3.176s] [ 98%] [32m[1mLinking C shared library rosidl_generator_py/realsense2_camera_msgs/realsense2_camera_msgs_s__rosidl_typesupport_c.cpython-310-x86_64-linux-gnu.so[0m
[3.176s] [ 98%] [32m[1mLinking C shared library rosidl_generator_py/realsense2_camera_msgs/realsense2_camera_msgs_s__rosidl_typesupport_introspection_c.cpython-310-x86_64-linux-gnu.so[0m
[3.203s] [100%] [32m[1mLinking C shared library rosidl_generator_py/realsense2_camera_msgs/realsense2_camera_msgs_s__rosidl_typesupport_fastrtps_c.cpython-310-x86_64-linux-gnu.so[0m
[3.220s] [100%] Built target realsense2_camera_msgs__rosidl_typesupport_c__pyext
[3.221s] [100%] Built target realsense2_camera_msgs__rosidl_typesupport_introspection_c__pyext
[3.243s] [100%] Built target realsense2_camera_msgs__rosidl_typesupport_fastrtps_c__pyext
[3.257s] Invoked command in '/home/hosodalab9/Sensor-Glove/build/realsense2_camera_msgs' returned '0': CMAKE_PREFIX_PATH=/opt/ros/humble /usr/bin/cmake --build /home/hosodalab9/Sensor-Glove/build/realsense2_camera_msgs -- -j16 -l16
[3.428s] Invoking command in '/home/hosodalab9/Sensor-Glove/build/realsense2_camera_msgs': CMAKE_PREFIX_PATH=/opt/ros/humble /usr/bin/cmake --install /home/hosodalab9/Sensor-Glove/build/realsense2_camera_msgs
[3.435s] -- Install configuration: ""
[3.435s] -- Execute custom install script
[3.435s] -- Symlinking: /home/hosodalab9/Sensor-Glove/install/realsense2_camera_msgs/share/ament_index/resource_index/rosidl_interfaces/realsense2_camera_msgs
[3.445s] -- Symlinking: /home/hosodalab9/Sensor-Glove/install/realsense2_camera_msgs/include/realsense2_camera_msgs/realsense2_camera_msgs/msg/detail/extrinsics__functions.h
[3.455s] -- Symlinking: /home/hosodalab9/Sensor-Glove/install/realsense2_camera_msgs/include/realsense2_camera_msgs/realsense2_camera_msgs/msg/detail/extrinsics__struct.h
[3.465s] -- Symlinking: /home/hosodalab9/Sensor-Glove/install/realsense2_camera_msgs/include/realsense2_camera_msgs/realsense2_camera_msgs/msg/detail/extrinsics__type_support.h
[3.475s] -- Symlinking: /home/hosodalab9/Sensor-Glove/install/realsense2_camera_msgs/include/realsense2_camera_msgs/realsense2_camera_msgs/msg/detail/imu_info__functions.h
[3.485s] -- Symlinking: /home/hosodalab9/Sensor-Glove/install/realsense2_camera_msgs/include/realsense2_camera_msgs/realsense2_camera_msgs/msg/detail/imu_info__struct.h
[3.494s] -- Symlinking: /home/hosodalab9/Sensor-Glove/install/realsense2_camera_msgs/include/realsense2_camera_msgs/realsense2_camera_msgs/msg/detail/imu_info__type_support.h
[3.504s] -- Symlinking: /home/hosodalab9/Sensor-Glove/install/realsense2_camera_msgs/include/realsense2_camera_msgs/realsense2_camera_msgs/msg/detail/metadata__functions.h
[3.513s] -- Symlinking: /home/hosodalab9/Sensor-Glove/install/realsense2_camera_msgs/include/realsense2_camera_msgs/realsense2_camera_msgs/msg/detail/metadata__struct.h
[3.522s] -- Symlinking: /home/hosodalab9/Sensor-Glove/install/realsense2_camera_msgs/include/realsense2_camera_msgs/realsense2_camera_msgs/msg/detail/metadata__type_support.h
[3.532s] -- Symlinking: /home/hosodalab9/Sensor-Glove/install/realsense2_camera_msgs/include/realsense2_camera_msgs/realsense2_camera_msgs/msg/detail/rgbd__functions.h
[3.541s] -- Symlinking: /home/hosodalab9/Sensor-Glove/install/realsense2_camera_msgs/include/realsense2_camera_msgs/realsense2_camera_msgs/msg/detail/rgbd__struct.h
[3.550s] -- Symlinking: /home/hosodalab9/Sensor-Glove/install/realsense2_camera_msgs/include/realsense2_camera_msgs/realsense2_camera_msgs/msg/detail/rgbd__type_support.h
[3.559s] -- Symlinking: /home/hosodalab9/Sensor-Glove/install/realsense2_camera_msgs/include/realsense2_camera_msgs/realsense2_camera_msgs/msg/extrinsics.h
[3.571s] -- Symlinking: /home/hosodalab9/Sensor-Glove/install/realsense2_camera_msgs/include/realsense2_camera_msgs/realsense2_camera_msgs/msg/imu_info.h
[3.580s] -- Symlinking: /home/hosodalab9/Sensor-Glove/install/realsense2_camera_msgs/include/realsense2_camera_msgs/realsense2_camera_msgs/msg/metadata.h
[3.590s] -- Symlinking: /home/hosodalab9/Sensor-Glove/install/realsense2_camera_msgs/include/realsense2_camera_msgs/realsense2_camera_msgs/msg/rgbd.h
[3.600s] -- Symlinking: /home/hosodalab9/Sensor-Glove/install/realsense2_camera_msgs/include/realsense2_camera_msgs/realsense2_camera_msgs/msg/rosidl_generator_c__visibility_control.h
[3.610s] -- Symlinking: /home/hosodalab9/Sensor-Glove/install/realsense2_camera_msgs/include/realsense2_camera_msgs/realsense2_camera_msgs/srv/detail/device_info__functions.h
[3.619s] -- Symlinking: /home/hosodalab9/Sensor-Glove/install/realsense2_camera_msgs/include/realsense2_camera_msgs/realsense2_camera_msgs/srv/detail/device_info__struct.h
[3.629s] -- Symlinking: /home/hosodalab9/Sensor-Glove/install/realsense2_camera_msgs/include/realsense2_camera_msgs/realsense2_camera_msgs/srv/detail/device_info__type_support.h
[3.638s] -- Symlinking: /home/hosodalab9/Sensor-Glove/install/realsense2_camera_msgs/include/realsense2_camera_msgs/realsense2_camera_msgs/srv/device_info.h
[3.648s] -- Symlinking: /home/hosodalab9/Sensor-Glove/install/realsense2_camera_msgs/share/realsense2_camera_msgs/environment/library_path.sh
[3.660s] -- Symlinking: /home/hosodalab9/Sensor-Glove/install/realsense2_camera_msgs/share/realsense2_camera_msgs/environment/library_path.dsv
[3.670s] -- Symlinking: /home/hosodalab9/Sensor-Glove/install/realsense2_camera_msgs/include/realsense2_camera_msgs/realsense2_camera_msgs/msg/detail/extrinsics__rosidl_typesupport_fastrtps_c.h
[3.679s] -- Symlinking: /home/hosodalab9/Sensor-Glove/install/realsense2_camera_msgs/include/realsense2_camera_msgs/realsense2_camera_msgs/msg/detail/imu_info__rosidl_typesupport_fastrtps_c.h
[3.692s] -- Symlinking: /home/hosodalab9/Sensor-Glove/install/realsense2_camera_msgs/include/realsense2_camera_msgs/realsense2_camera_msgs/msg/detail/metadata__rosidl_typesupport_fastrtps_c.h
[3.702s] -- Symlinking: /home/hosodalab9/Sensor-Glove/install/realsense2_camera_msgs/include/realsense2_camera_msgs/realsense2_camera_msgs/msg/detail/rgbd__rosidl_typesupport_fastrtps_c.h
[3.711s] -- Symlinking: /home/hosodalab9/Sensor-Glove/install/realsense2_camera_msgs/include/realsense2_camera_msgs/realsense2_camera_msgs/msg/rosidl_typesupport_fastrtps_c__visibility_control.h
[3.720s] -- Symlinking: /home/hosodalab9/Sensor-Glove/install/realsense2_camera_msgs/include/realsense2_camera_msgs/realsense2_camera_msgs/srv/detail/device_info__rosidl_typesupport_fastrtps_c.h
[3.730s] -- Symlinking: /home/hosodalab9/Sensor-Glove/install/realsense2_camera_msgs/include/realsense2_camera_msgs/realsense2_camera_msgs/msg/detail/extrinsics__rosidl_typesupport_introspection_c.h
[3.740s] -- Symlinking: /home/hosodalab9/Sensor-Glove/install/realsense2_camera_msgs/include/realsense2_camera_msgs/realsense2_camera_msgs/msg/detail/imu_info__rosidl_typesupport_introspection_c.h
[3.749s] -- Symlinking: /home/hosodalab9/Sensor-Glove/install/realsense2_camera_msgs/include/realsense2_camera_msgs/realsense2_camera_msgs/msg/detail/metadata__rosidl_typesupport_introspection_c.h
[3.760s] -- Symlinking: /home/hosodalab9/Sensor-Glove/install/realsense2_camera_msgs/include/realsense2_camera_msgs/realsense2_camera_msgs/msg/detail/rgbd__rosidl_typesupport_introspection_c.h
[3.770s] -- Symlinking: /home/hosodalab9/Sensor-Glove/install/realsense2_camera_msgs/include/realsense2_camera_msgs/realsense2_camera_msgs/msg/rosidl_typesupport_introspection_c__visibility_control.h
[3.778s] -- Symlinking: /home/hosodalab9/Sensor-Glove/install/realsense2_camera_msgs/include/realsense2_camera_msgs/realsense2_camera_msgs/srv/detail/device_info__rosidl_typesupport_introspection_c.h
[3.789s] -- Symlinking: /home/hosodalab9/Sensor-Glove/install/realsense2_camera_msgs/include/realsense2_camera_msgs/realsense2_camera_msgs/msg/detail/extrinsics__builder.hpp
[3.798s] -- Symlinking: /home/hosodalab9/Sensor-Glove/install/realsense2_camera_msgs/include/realsense2_camera_msgs/realsense2_camera_msgs/msg/detail/extrinsics__struct.hpp
[3.807s] -- Symlinking: /home/hosodalab9/Sensor-Glove/install/realsense2_camera_msgs/include/realsense2_camera_msgs/realsense2_camera_msgs/msg/detail/extrinsics__traits.hpp
[3.817s] -- Symlinking: /home/hosodalab9/Sensor-Glove/install/realsense2_camera_msgs/include/realsense2_camera_msgs/realsense2_camera_msgs/msg/detail/imu_info__builder.hpp
[3.826s] -- Symlinking: /home/hosodalab9/Sensor-Glove/install/realsense2_camera_msgs/include/realsense2_camera_msgs/realsense2_camera_msgs/msg/detail/imu_info__struct.hpp
[3.836s] -- Symlinking: /home/hosodalab9/Sensor-Glove/install/realsense2_camera_msgs/include/realsense2_camera_msgs/realsense2_camera_msgs/msg/detail/imu_info__traits.hpp
[3.845s] -- Symlinking: /home/hosodalab9/Sensor-Glove/install/realsense2_camera_msgs/include/realsense2_camera_msgs/realsense2_camera_msgs/msg/detail/metadata__builder.hpp
[3.856s] -- Symlinking: /home/hosodalab9/Sensor-Glove/install/realsense2_camera_msgs/include/realsense2_camera_msgs/realsense2_camera_msgs/msg/detail/metadata__struct.hpp
[3.866s] -- Symlinking: /home/hosodalab9/Sensor-Glove/install/realsense2_camera_msgs/include/realsense2_camera_msgs/realsense2_camera_msgs/msg/detail/metadata__traits.hpp
[3.874s] -- Symlinking: /home/hosodalab9/Sensor-Glove/install/realsense2_camera_msgs/include/realsense2_camera_msgs/realsense2_camera_msgs/msg/detail/rgbd__builder.hpp
[3.884s] -- Symlinking: /home/hosodalab9/Sensor-Glove/install/realsense2_camera_msgs/include/realsense2_camera_msgs/realsense2_camera_msgs/msg/detail/rgbd__struct.hpp
[3.893s] -- Symlinking: /home/hosodalab9/Sensor-Glove/install/realsense2_camera_msgs/include/realsense2_camera_msgs/realsense2_camera_msgs/msg/detail/rgbd__traits.hpp
[3.901s] -- Symlinking: /home/hosodalab9/Sensor-Glove/install/realsense2_camera_msgs/include/realsense2_camera_msgs/realsense2_camera_msgs/msg/extrinsics.hpp
[3.910s] -- Symlinking: /home/hosodalab9/Sensor-Glove/install/realsense2_camera_msgs/include/realsense2_camera_msgs/realsense2_camera_msgs/msg/imu_info.hpp
[3.919s] -- Symlinking: /home/hosodalab9/Sensor-Glove/install/realsense2_camera_msgs/include/realsense2_camera_msgs/realsense2_camera_msgs/msg/metadata.hpp
[3.928s] -- Symlinking: /home/hosodalab9/Sensor-Glove/install/realsense2_camera_msgs/include/realsense2_camera_msgs/realsense2_camera_msgs/msg/rgbd.hpp
[3.937s] -- Symlinking: /home/hosodalab9/Sensor-Glove/install/realsense2_camera_msgs/include/realsense2_camera_msgs/realsense2_camera_msgs/srv/detail/device_info__builder.hpp
[3.948s] -- Symlinking: /home/hosodalab9/Sensor-Glove/install/realsense2_camera_msgs/include/realsense2_camera_msgs/realsense2_camera_msgs/srv/detail/device_info__struct.hpp
[3.958s] -- Symlinking: /home/hosodalab9/Sensor-Glove/install/realsense2_camera_msgs/include/realsense2_camera_msgs/realsense2_camera_msgs/srv/detail/device_info__traits.hpp
[3.967s] -- Symlinking: /home/hosodalab9/Sensor-Glove/install/realsense2_camera_msgs/include/realsense2_camera_msgs/realsense2_camera_msgs/srv/device_info.hpp
[3.978s] -- Symlinking: /home/hosodalab9/Sensor-Glove/install/realsense2_camera_msgs/include/realsense2_camera_msgs/realsense2_camera_msgs/msg/detail/extrinsics__rosidl_typesupport_fastrtps_cpp.hpp
[3.987s] -- Symlinking: /home/hosodalab9/Sensor-Glove/install/realsense2_camera_msgs/include/realsense2_camera_msgs/realsense2_camera_msgs/msg/detail/imu_info__rosidl_typesupport_fastrtps_cpp.hpp
[3.996s] -- Symlinking: /home/hosodalab9/Sensor-Glove/install/realsense2_camera_msgs/include/realsense2_camera_msgs/realsense2_camera_msgs/msg/detail/metadata__rosidl_typesupport_fastrtps_cpp.hpp
[4.004s] -- Symlinking: /home/hosodalab9/Sensor-Glove/install/realsense2_camera_msgs/include/realsense2_camera_msgs/realsense2_camera_msgs/msg/detail/rgbd__rosidl_typesupport_fastrtps_cpp.hpp
[4.013s] -- Symlinking: /home/hosodalab9/Sensor-Glove/install/realsense2_camera_msgs/include/realsense2_camera_msgs/realsense2_camera_msgs/msg/rosidl_typesupport_fastrtps_cpp__visibility_control.h
[4.022s] -- Symlinking: /home/hosodalab9/Sensor-Glove/install/realsense2_camera_msgs/include/realsense2_camera_msgs/realsense2_camera_msgs/srv/detail/device_info__rosidl_typesupport_fastrtps_cpp.hpp
[4.031s] -- Symlinking: /home/hosodalab9/Sensor-Glove/install/realsense2_camera_msgs/include/realsense2_camera_msgs/realsense2_camera_msgs/msg/detail/extrinsics__rosidl_typesupport_introspection_cpp.hpp
[4.041s] -- Symlinking: /home/hosodalab9/Sensor-Glove/install/realsense2_camera_msgs/include/realsense2_camera_msgs/realsense2_camera_msgs/msg/detail/imu_info__rosidl_typesupport_introspection_cpp.hpp
[4.051s] -- Symlinking: /home/hosodalab9/Sensor-Glove/install/realsense2_camera_msgs/include/realsense2_camera_msgs/realsense2_camera_msgs/msg/detail/metadata__rosidl_typesupport_introspection_cpp.hpp
[4.061s] -- Symlinking: /home/hosodalab9/Sensor-Glove/install/realsense2_camera_msgs/include/realsense2_camera_msgs/realsense2_camera_msgs/msg/detail/rgbd__rosidl_typesupport_introspection_cpp.hpp
[4.071s] -- Symlinking: /home/hosodalab9/Sensor-Glove/install/realsense2_camera_msgs/include/realsense2_camera_msgs/realsense2_camera_msgs/srv/detail/device_info__rosidl_typesupport_introspection_cpp.hpp
[4.080s] -- Symlinking: /home/hosodalab9/Sensor-Glove/install/realsense2_camera_msgs/share/realsense2_camera_msgs/environment/pythonpath.sh
[4.089s] -- Symlinking: /home/hosodalab9/Sensor-Glove/install/realsense2_camera_msgs/share/realsense2_camera_msgs/environment/pythonpath.dsv
[4.098s] -- Symlinking: /home/hosodalab9/Sensor-Glove/install/realsense2_camera_msgs/local/lib/python3.10/dist-packages/realsense2_camera_msgs-4.54.1-py3.10.egg-info/PKG-INFO
[4.107s] -- Symlinking: /home/hosodalab9/Sensor-Glove/install/realsense2_camera_msgs/local/lib/python3.10/dist-packages/realsense2_camera_msgs-4.54.1-py3.10.egg-info/SOURCES.txt
[4.116s] -- Symlinking: /home/hosodalab9/Sensor-Glove/install/realsense2_camera_msgs/local/lib/python3.10/dist-packages/realsense2_camera_msgs-4.54.1-py3.10.egg-info/dependency_links.txt
[4.125s] -- Symlinking: /home/hosodalab9/Sensor-Glove/install/realsense2_camera_msgs/local/lib/python3.10/dist-packages/realsense2_camera_msgs-4.54.1-py3.10.egg-info/top_level.txt
[4.135s] -- Symlinking: /home/hosodalab9/Sensor-Glove/install/realsense2_camera_msgs/local/lib/python3.10/dist-packages/realsense2_camera_msgs/__init__.py
[4.144s] -- Symlinking: /home/hosodalab9/Sensor-Glove/install/realsense2_camera_msgs/local/lib/python3.10/dist-packages/realsense2_camera_msgs/_realsense2_camera_msgs_s.ep.rosidl_typesupport_c.c
[4.153s] -- Symlinking: /home/hosodalab9/Sensor-Glove/install/realsense2_camera_msgs/local/lib/python3.10/dist-packages/realsense2_camera_msgs/_realsense2_camera_msgs_s.ep.rosidl_typesupport_fastrtps_c.c
[4.162s] -- Symlinking: /home/hosodalab9/Sensor-Glove/install/realsense2_camera_msgs/local/lib/python3.10/dist-packages/realsense2_camera_msgs/_realsense2_camera_msgs_s.ep.rosidl_typesupport_introspection_c.c
[4.172s] -- Symlinking: /home/hosodalab9/Sensor-Glove/install/realsense2_camera_msgs/local/lib/python3.10/dist-packages/realsense2_camera_msgs/librealsense2_camera_msgs__rosidl_generator_py.so
[4.182s] -- Symlinking: /home/hosodalab9/Sensor-Glove/install/realsense2_camera_msgs/local/lib/python3.10/dist-packages/realsense2_camera_msgs/msg/__init__.py
[4.192s] -- Symlinking: /home/hosodalab9/Sensor-Glove/install/realsense2_camera_msgs/local/lib/python3.10/dist-packages/realsense2_camera_msgs/msg/_extrinsics.py
[4.201s] -- Symlinking: /home/hosodalab9/Sensor-Glove/install/realsense2_camera_msgs/local/lib/python3.10/dist-packages/realsense2_camera_msgs/msg/_extrinsics_s.c
[4.210s] -- Symlinking: /home/hosodalab9/Sensor-Glove/install/realsense2_camera_msgs/local/lib/python3.10/dist-packages/realsense2_camera_msgs/msg/_imu_info.py
[4.219s] -- Symlinking: /home/hosodalab9/Sensor-Glove/install/realsense2_camera_msgs/local/lib/python3.10/dist-packages/realsense2_camera_msgs/msg/_imu_info_s.c
[4.228s] -- Symlinking: /home/hosodalab9/Sensor-Glove/install/realsense2_camera_msgs/local/lib/python3.10/dist-packages/realsense2_camera_msgs/msg/_metadata.py
[4.238s] -- Symlinking: /home/hosodalab9/Sensor-Glove/install/realsense2_camera_msgs/local/lib/python3.10/dist-packages/realsense2_camera_msgs/msg/_metadata_s.c
[4.246s] -- Symlinking: /home/hosodalab9/Sensor-Glove/install/realsense2_camera_msgs/local/lib/python3.10/dist-packages/realsense2_camera_msgs/msg/_rgbd.py
[4.255s] -- Symlinking: /home/hosodalab9/Sensor-Glove/install/realsense2_camera_msgs/local/lib/python3.10/dist-packages/realsense2_camera_msgs/msg/_rgbd_s.c
[4.265s] -- Symlinking: /home/hosodalab9/Sensor-Glove/install/realsense2_camera_msgs/local/lib/python3.10/dist-packages/realsense2_camera_msgs/realsense2_camera_msgs_s__rosidl_typesupport_c.cpython-310-x86_64-linux-gnu.so
[4.276s] -- Symlinking: /home/hosodalab9/Sensor-Glove/install/realsense2_camera_msgs/local/lib/python3.10/dist-packages/realsense2_camera_msgs/realsense2_camera_msgs_s__rosidl_typesupport_fastrtps_c.cpython-310-x86_64-linux-gnu.so
[4.285s] -- Symlinking: /home/hosodalab9/Sensor-Glove/install/realsense2_camera_msgs/local/lib/python3.10/dist-packages/realsense2_camera_msgs/realsense2_camera_msgs_s__rosidl_typesupport_introspection_c.cpython-310-x86_64-linux-gnu.so
[4.295s] -- Symlinking: /home/hosodalab9/Sensor-Glove/install/realsense2_camera_msgs/local/lib/python3.10/dist-packages/realsense2_camera_msgs/srv/__init__.py
[4.304s] -- Symlinking: /home/hosodalab9/Sensor-Glove/install/realsense2_camera_msgs/local/lib/python3.10/dist-packages/realsense2_camera_msgs/srv/_device_info.py
[4.312s] -- Symlinking: /home/hosodalab9/Sensor-Glove/install/realsense2_camera_msgs/local/lib/python3.10/dist-packages/realsense2_camera_msgs/srv/_device_info_s.c
[4.321s] -- Up-to-date symlink: /home/hosodalab9/Sensor-Glove/install/realsense2_camera_msgs/local/lib/python3.10/dist-packages/realsense2_camera_msgs/realsense2_camera_msgs_s__rosidl_typesupport_fastrtps_c.cpython-310-x86_64-linux-gnu.so
[4.321s] -- Up-to-date symlink: /home/hosodalab9/Sensor-Glove/install/realsense2_camera_msgs/local/lib/python3.10/dist-packages/realsense2_camera_msgs/realsense2_camera_msgs_s__rosidl_typesupport_introspection_c.cpython-310-x86_64-linux-gnu.so
[4.321s] -- Up-to-date symlink: /home/hosodalab9/Sensor-Glove/install/realsense2_camera_msgs/local/lib/python3.10/dist-packages/realsense2_camera_msgs/realsense2_camera_msgs_s__rosidl_typesupport_c.cpython-310-x86_64-linux-gnu.so
[4.322s] -- Symlinking: /home/hosodalab9/Sensor-Glove/install/realsense2_camera_msgs/share/realsense2_camera_msgs/msg/IMUInfo.idl
[4.331s] -- Symlinking: /home/hosodalab9/Sensor-Glove/install/realsense2_camera_msgs/share/realsense2_camera_msgs/msg/Extrinsics.idl
[4.340s] -- Symlinking: /home/hosodalab9/Sensor-Glove/install/realsense2_camera_msgs/share/realsense2_camera_msgs/msg/Metadata.idl
[4.349s] -- Symlinking: /home/hosodalab9/Sensor-Glove/install/realsense2_camera_msgs/share/realsense2_camera_msgs/msg/RGBD.idl
[4.357s] -- Symlinking: /home/hosodalab9/Sensor-Glove/install/realsense2_camera_msgs/share/realsense2_camera_msgs/srv/DeviceInfo.idl
[4.368s] -- Symlinking: /home/hosodalab9/Sensor-Glove/install/realsense2_camera_msgs/share/realsense2_camera_msgs/msg/IMUInfo.msg
[4.378s] -- Symlinking: /home/hosodalab9/Sensor-Glove/install/realsense2_camera_msgs/share/realsense2_camera_msgs/msg/Extrinsics.msg
[4.386s] -- Symlinking: /home/hosodalab9/Sensor-Glove/install/realsense2_camera_msgs/share/realsense2_camera_msgs/msg/Metadata.msg
[4.396s] -- Symlinking: /home/hosodalab9/Sensor-Glove/install/realsense2_camera_msgs/share/realsense2_camera_msgs/msg/RGBD.msg
[4.404s] -- Symlinking: /home/hosodalab9/Sensor-Glove/install/realsense2_camera_msgs/share/realsense2_camera_msgs/srv/DeviceInfo.srv
[4.413s] -- Symlinking: /home/hosodalab9/Sensor-Glove/install/realsense2_camera_msgs/share/realsense2_camera_msgs/srv/DeviceInfo_Request.msg
[4.421s] -- Symlinking: /home/hosodalab9/Sensor-Glove/install/realsense2_camera_msgs/share/realsense2_camera_msgs/srv/DeviceInfo_Response.msg
[4.430s] -- Symlinking: /home/hosodalab9/Sensor-Glove/install/realsense2_camera_msgs/share/ament_index/resource_index/package_run_dependencies/realsense2_camera_msgs
[4.439s] -- Symlinking: /home/hosodalab9/Sensor-Glove/install/realsense2_camera_msgs/share/ament_index/resource_index/parent_prefix_path/realsense2_camera_msgs
[4.448s] -- Symlinking: /home/hosodalab9/Sensor-Glove/install/realsense2_camera_msgs/share/realsense2_camera_msgs/environment/ament_prefix_path.sh
[4.459s] -- Symlinking: /home/hosodalab9/Sensor-Glove/install/realsense2_camera_msgs/share/realsense2_camera_msgs/environment/ament_prefix_path.dsv
[4.469s] -- Symlinking: /home/hosodalab9/Sensor-Glove/install/realsense2_camera_msgs/share/realsense2_camera_msgs/environment/path.sh
[4.478s] -- Symlinking: /home/hosodalab9/Sensor-Glove/install/realsense2_camera_msgs/share/realsense2_camera_msgs/environment/path.dsv
[4.487s] -- Symlinking: /home/hosodalab9/Sensor-Glove/install/realsense2_camera_msgs/share/realsense2_camera_msgs/local_setup.bash
[4.496s] -- Symlinking: /home/hosodalab9/Sensor-Glove/install/realsense2_camera_msgs/share/realsense2_camera_msgs/local_setup.sh
[4.504s] -- Symlinking: /home/hosodalab9/Sensor-Glove/install/realsense2_camera_msgs/share/realsense2_camera_msgs/local_setup.zsh
[4.512s] -- Symlinking: /home/hosodalab9/Sensor-Glove/install/realsense2_camera_msgs/share/realsense2_camera_msgs/local_setup.dsv
[4.521s] -- Symlinking: /home/hosodalab9/Sensor-Glove/install/realsense2_camera_msgs/share/realsense2_camera_msgs/package.dsv
[4.529s] -- Symlinking: /home/hosodalab9/Sensor-Glove/install/realsense2_camera_msgs/share/ament_index/resource_index/packages/realsense2_camera_msgs
[4.538s] -- Symlinking: /home/hosodalab9/Sensor-Glove/install/realsense2_camera_msgs/share/realsense2_camera_msgs/cmake/rosidl_cmake-extras.cmake
[4.547s] -- Symlinking: /home/hosodalab9/Sensor-Glove/install/realsense2_camera_msgs/share/realsense2_camera_msgs/cmake/ament_cmake_export_dependencies-extras.cmake
[4.558s] -- Symlinking: /home/hosodalab9/Sensor-Glove/install/realsense2_camera_msgs/share/realsense2_camera_msgs/cmake/ament_cmake_export_include_directories-extras.cmake
[4.568s] -- Symlinking: /home/hosodalab9/Sensor-Glove/install/realsense2_camera_msgs/share/realsense2_camera_msgs/cmake/ament_cmake_export_libraries-extras.cmake
[4.577s] -- Symlinking: /home/hosodalab9/Sensor-Glove/install/realsense2_camera_msgs/share/realsense2_camera_msgs/cmake/ament_cmake_export_targets-extras.cmake
[4.587s] -- Symlinking: /home/hosodalab9/Sensor-Glove/install/realsense2_camera_msgs/share/realsense2_camera_msgs/cmake/rosidl_cmake_export_typesupport_targets-extras.cmake
[4.596s] -- Symlinking: /home/hosodalab9/Sensor-Glove/install/realsense2_camera_msgs/share/realsense2_camera_msgs/cmake/rosidl_cmake_export_typesupport_libraries-extras.cmake
[4.606s] -- Symlinking: /home/hosodalab9/Sensor-Glove/install/realsense2_camera_msgs/share/realsense2_camera_msgs/cmake/realsense2_camera_msgsConfig.cmake
[4.615s] -- Symlinking: /home/hosodalab9/Sensor-Glove/install/realsense2_camera_msgs/share/realsense2_camera_msgs/cmake/realsense2_camera_msgsConfig-version.cmake
[4.625s] -- Symlinking: /home/hosodalab9/Sensor-Glove/install/realsense2_camera_msgs/share/realsense2_camera_msgs/package.xml
[4.634s] -- Installing: /home/hosodalab9/Sensor-Glove/install/realsense2_camera_msgs/lib/librealsense2_camera_msgs__rosidl_generator_c.so
[4.634s] -- Set runtime path of "/home/hosodalab9/Sensor-Glove/install/realsense2_camera_msgs/lib/librealsense2_camera_msgs__rosidl_generator_c.so" to ""
[4.634s] -- Installing: /home/hosodalab9/Sensor-Glove/install/realsense2_camera_msgs/lib/librealsense2_camera_msgs__rosidl_typesupport_fastrtps_c.so
[4.634s] -- Set runtime path of "/home/hosodalab9/Sensor-Glove/install/realsense2_camera_msgs/lib/librealsense2_camera_msgs__rosidl_typesupport_fastrtps_c.so" to ""
[4.635s] -- Installing: /home/hosodalab9/Sensor-Glove/install/realsense2_camera_msgs/lib/librealsense2_camera_msgs__rosidl_typesupport_introspection_c.so
[4.635s] -- Set runtime path of "/home/hosodalab9/Sensor-Glove/install/realsense2_camera_msgs/lib/librealsense2_camera_msgs__rosidl_typesupport_introspection_c.so" to ""
[4.635s] -- Installing: /home/hosodalab9/Sensor-Glove/install/realsense2_camera_msgs/lib/librealsense2_camera_msgs__rosidl_typesupport_c.so
[4.635s] -- Set runtime path of "/home/hosodalab9/Sensor-Glove/install/realsense2_camera_msgs/lib/librealsense2_camera_msgs__rosidl_typesupport_c.so" to ""
[4.636s] -- Installing: /home/hosodalab9/Sensor-Glove/install/realsense2_camera_msgs/lib/librealsense2_camera_msgs__rosidl_typesupport_fastrtps_cpp.so
[4.636s] -- Set runtime path of "/home/hosodalab9/Sensor-Glove/install/realsense2_camera_msgs/lib/librealsense2_camera_msgs__rosidl_typesupport_fastrtps_cpp.so" to ""
[4.636s] -- Installing: /home/hosodalab9/Sensor-Glove/install/realsense2_camera_msgs/lib/librealsense2_camera_msgs__rosidl_typesupport_introspection_cpp.so
[4.637s] -- Set runtime path of "/home/hosodalab9/Sensor-Glove/install/realsense2_camera_msgs/lib/librealsense2_camera_msgs__rosidl_typesupport_introspection_cpp.so" to ""
[4.637s] -- Installing: /home/hosodalab9/Sensor-Glove/install/realsense2_camera_msgs/lib/librealsense2_camera_msgs__rosidl_typesupport_cpp.so
[4.637s] -- Set runtime path of "/home/hosodalab9/Sensor-Glove/install/realsense2_camera_msgs/lib/librealsense2_camera_msgs__rosidl_typesupport_cpp.so" to ""
[4.673s] Listing '/home/hosodalab9/Sensor-Glove/install/realsense2_camera_msgs/local/lib/python3.10/dist-packages/realsense2_camera_msgs'...
[4.674s] Compiling '/home/hosodalab9/Sensor-Glove/install/realsense2_camera_msgs/local/lib/python3.10/dist-packages/realsense2_camera_msgs/__init__.py'...
[4.674s] Listing '/home/hosodalab9/Sensor-Glove/install/realsense2_camera_msgs/local/lib/python3.10/dist-packages/realsense2_camera_msgs/msg'...
[4.674s] Compiling '/home/hosodalab9/Sensor-Glove/install/realsense2_camera_msgs/local/lib/python3.10/dist-packages/realsense2_camera_msgs/msg/__init__.py'...
[4.674s] Compiling '/home/hosodalab9/Sensor-Glove/install/realsense2_camera_msgs/local/lib/python3.10/dist-packages/realsense2_camera_msgs/msg/_extrinsics.py'...
[4.674s] Compiling '/home/hosodalab9/Sensor-Glove/install/realsense2_camera_msgs/local/lib/python3.10/dist-packages/realsense2_camera_msgs/msg/_imu_info.py'...
[4.674s] Compiling '/home/hosodalab9/Sensor-Glove/install/realsense2_camera_msgs/local/lib/python3.10/dist-packages/realsense2_camera_msgs/msg/_metadata.py'...
[4.674s] Compiling '/home/hosodalab9/Sensor-Glove/install/realsense2_camera_msgs/local/lib/python3.10/dist-packages/realsense2_camera_msgs/msg/_rgbd.py'...
[4.674s] Listing '/home/hosodalab9/Sensor-Glove/install/realsense2_camera_msgs/local/lib/python3.10/dist-packages/realsense2_camera_msgs/srv'...
[4.674s] Compiling '/home/hosodalab9/Sensor-Glove/install/realsense2_camera_msgs/local/lib/python3.10/dist-packages/realsense2_camera_msgs/srv/__init__.py'...
[4.674s] Compiling '/home/hosodalab9/Sensor-Glove/install/realsense2_camera_msgs/local/lib/python3.10/dist-packages/realsense2_camera_msgs/srv/_device_info.py'...
[4.677s] -- Installing: /home/hosodalab9/Sensor-Glove/install/realsense2_camera_msgs/lib/librealsense2_camera_msgs__rosidl_generator_py.so
[4.678s] -- Set runtime path of "/home/hosodalab9/Sensor-Glove/install/realsense2_camera_msgs/lib/librealsense2_camera_msgs__rosidl_generator_py.so" to ""
[4.678s] -- Installing: /home/hosodalab9/Sensor-Glove/install/realsense2_camera_msgs/share/realsense2_camera_msgs/cmake/export_realsense2_camera_msgs__rosidl_generator_cExport.cmake
[4.678s] -- Installing: /home/hosodalab9/Sensor-Glove/install/realsense2_camera_msgs/share/realsense2_camera_msgs/cmake/export_realsense2_camera_msgs__rosidl_generator_cExport-noconfig.cmake
[4.678s] -- Installing: /home/hosodalab9/Sensor-Glove/install/realsense2_camera_msgs/share/realsense2_camera_msgs/cmake/export_realsense2_camera_msgs__rosidl_typesupport_fastrtps_cExport.cmake
[4.678s] -- Installing: /home/hosodalab9/Sensor-Glove/install/realsense2_camera_msgs/share/realsense2_camera_msgs/cmake/export_realsense2_camera_msgs__rosidl_typesupport_fastrtps_cExport-noconfig.cmake
[4.678s] -- Installing: /home/hosodalab9/Sensor-Glove/install/realsense2_camera_msgs/share/realsense2_camera_msgs/cmake/realsense2_camera_msgs__rosidl_typesupport_introspection_cExport.cmake
[4.678s] -- Installing: /home/hosodalab9/Sensor-Glove/install/realsense2_camera_msgs/share/realsense2_camera_msgs/cmake/realsense2_camera_msgs__rosidl_typesupport_introspection_cExport-noconfig.cmake
[4.679s] -- Installing: /home/hosodalab9/Sensor-Glove/install/realsense2_camera_msgs/share/realsense2_camera_msgs/cmake/realsense2_camera_msgs__rosidl_typesupport_cExport.cmake
[4.679s] -- Installing: /home/hosodalab9/Sensor-Glove/install/realsense2_camera_msgs/share/realsense2_camera_msgs/cmake/realsense2_camera_msgs__rosidl_typesupport_cExport-noconfig.cmake
[4.679s] -- Installing: /home/hosodalab9/Sensor-Glove/install/realsense2_camera_msgs/share/realsense2_camera_msgs/cmake/export_realsense2_camera_msgs__rosidl_generator_cppExport.cmake
[4.679s] -- Installing: /home/hosodalab9/Sensor-Glove/install/realsense2_camera_msgs/share/realsense2_camera_msgs/cmake/export_realsense2_camera_msgs__rosidl_typesupport_fastrtps_cppExport.cmake
[4.679s] -- Installing: /home/hosodalab9/Sensor-Glove/install/realsense2_camera_msgs/share/realsense2_camera_msgs/cmake/export_realsense2_camera_msgs__rosidl_typesupport_fastrtps_cppExport-noconfig.cmake
[4.679s] -- Installing: /home/hosodalab9/Sensor-Glove/install/realsense2_camera_msgs/share/realsense2_camera_msgs/cmake/realsense2_camera_msgs__rosidl_typesupport_introspection_cppExport.cmake
[4.680s] -- Installing: /home/hosodalab9/Sensor-Glove/install/realsense2_camera_msgs/share/realsense2_camera_msgs/cmake/realsense2_camera_msgs__rosidl_typesupport_introspection_cppExport-noconfig.cmake
[4.680s] -- Installing: /home/hosodalab9/Sensor-Glove/install/realsense2_camera_msgs/share/realsense2_camera_msgs/cmake/realsense2_camera_msgs__rosidl_typesupport_cppExport.cmake
[4.680s] -- Installing: /home/hosodalab9/Sensor-Glove/install/realsense2_camera_msgs/share/realsense2_camera_msgs/cmake/realsense2_camera_msgs__rosidl_typesupport_cppExport-noconfig.cmake
[4.680s] -- Installing: /home/hosodalab9/Sensor-Glove/install/realsense2_camera_msgs/share/realsense2_camera_msgs/cmake/export_realsense2_camera_msgs__rosidl_generator_pyExport.cmake
[4.680s] -- Installing: /home/hosodalab9/Sensor-Glove/install/realsense2_camera_msgs/share/realsense2_camera_msgs/cmake/export_realsense2_camera_msgs__rosidl_generator_pyExport-noconfig.cmake
[4.684s] Invoked command in '/home/hosodalab9/Sensor-Glove/build/realsense2_camera_msgs' returned '0': CMAKE_PREFIX_PATH=/opt/ros/humble /usr/bin/cmake --install /home/hosodalab9/Sensor-Glove/build/realsense2_camera_msgs
