[0.039s] Invoking command in '/home/hosodalab9/Sensor-Glove/build/realsense2_camera_msgs': CMAKE_PREFIX_PATH=${CMAKE_PREFIX_PATH}:/home/hosodalab9/Sensor-Glove/install/subscriber:/opt/ros/humble /usr/bin/cmake --build /home/hosodalab9/Sensor-Glove/build/realsense2_camera_msgs -- -j16 -l16
[0.566s] -- Found ament_cmake: 1.3.10 (/opt/ros/humble/share/ament_cmake/cmake)
[0.566s] -- Override CMake install command with custom implementation using symlinks instead of copying resources
[0.566s] -- Found rosidl_default_generators: 1.2.0 (/opt/ros/humble/share/rosidl_default_generators/cmake)
[0.567s] -- Using all available rosidl_typesupport_c: rosidl_typesupport_fastrtps_c;rosidl_typesupport_introspection_c
[0.567s] -- Found rosidl_adapter: 3.1.5 (/opt/ros/humble/share/rosidl_adapter/cmake)
[0.567s] -- Using all available rosidl_typesupport_cpp: rosidl_typesupport_fastrtps_cpp;rosidl_typesupport_introspection_cpp
[0.567s] -- Found builtin_interfaces: 1.2.1 (/opt/ros/humble/share/builtin_interfaces/cmake)
[0.568s] -- Found std_msgs: 4.2.4 (/opt/ros/humble/share/std_msgs/cmake)
[0.568s] -- Found sensor_msgs: 4.2.4 (/opt/ros/humble/share/sensor_msgs/cmake)
[0.692s] -- Found ament_cmake_cppcheck: 0.12.11 (/opt/ros/humble/share/ament_cmake_cppcheck/cmake)
[0.693s] -- Found ament_cmake_cpplint: 0.12.11 (/opt/ros/humble/share/ament_cmake_cpplint/cmake)
[0.694s] -- Found ament_cmake_uncrustify: 0.12.11 (/opt/ros/humble/share/ament_cmake_uncrustify/cmake)
[0.695s] -- Found ament_cmake_ros: 0.10.0 (/opt/ros/humble/share/ament_cmake_ros/cmake)
[0.944s] -- Using all available rosidl_typesupport_c: rosidl_typesupport_fastrtps_c;rosidl_typesupport_introspection_c
[1.242s] -- Using all available rosidl_typesupport_cpp: rosidl_typesupport_fastrtps_cpp;rosidl_typesupport_introspection_cpp
[1.264s] -- Found python_cmake_module: 0.10.0 (/opt/ros/humble/share/python_cmake_module/cmake)
[1.286s] -- Using PYTHON_EXECUTABLE: /usr/bin/python3
[1.286s] -- Using PYTHON_INCLUDE_DIRS: /usr/include/python3.10
[1.286s] -- Using PYTHON_LIBRARIES: /usr/lib/x86_64-linux-gnu/libpython3.10.so
[1.325s] -- Found ament_cmake_flake8: 0.12.11 (/opt/ros/humble/share/ament_cmake_flake8/cmake)
[1.326s] -- Found ament_cmake_pep257: 0.12.11 (/opt/ros/humble/share/ament_cmake_pep257/cmake)
[1.340s] -- Configuring done
[1.407s] -- Generating done
[1.410s] -- Build files have been written to: /home/hosodalab9/Sensor-Glove/build/realsense2_camera_msgs
[1.441s] [35m[1mConsolidate compiler generated dependencies of target realsense2_camera_msgs__rosidl_generator_c[0m
[1.447s] [  1%] Built target realsense2_camera_msgs__cpp
[1.454s] [  1%] Built target ament_cmake_python_symlink_realsense2_camera_msgs
[1.459s] [35m[1mConsolidate compiler generated dependencies of target realsense2_camera_msgs__rosidl_typesupport_fastrtps_cpp[0m
[1.459s] [35m[1mConsolidate compiler generated dependencies of target realsense2_camera_msgs__rosidl_typesupport_introspection_cpp[0m
[1.460s] [35m[1mConsolidate compiler generated dependencies of target realsense2_camera_msgs__rosidl_typesupport_cpp[0m
[1.460s] [ 12%] Built target realsense2_camera_msgs__rosidl_generator_c
[1.476s] [35m[1mConsolidate compiler generated dependencies of target realsense2_camera_msgs__rosidl_typesupport_c[0m
[1.477s] [35m[1mConsolidate compiler generated dependencies of target realsense2_camera_msgs__rosidl_typesupport_introspection_c[0m
[1.478s] [35m[1mConsolidate compiler generated dependencies of target realsense2_camera_msgs__rosidl_typesupport_fastrtps_c[0m
[1.481s] [ 34%] Built target realsense2_camera_msgs__rosidl_typesupport_introspection_cpp
[1.481s] [ 34%] Built target realsense2_camera_msgs__rosidl_typesupport_fastrtps_cpp
[1.483s] [ 46%] Built target realsense2_camera_msgs__rosidl_typesupport_cpp
[1.492s] [ 57%] Built target realsense2_camera_msgs__rosidl_typesupport_c
[1.494s] [ 68%] Built target realsense2_camera_msgs__rosidl_typesupport_introspection_c
[1.504s] [ 79%] Built target realsense2_camera_msgs__rosidl_typesupport_fastrtps_c
[1.529s] [ 79%] Built target realsense2_camera_msgs
[1.554s] [ 80%] Built target realsense2_camera_msgs__py
[1.568s] [35m[1mConsolidate compiler generated dependencies of target realsense2_camera_msgs__rosidl_generator_py[0m
[1.590s] [ 90%] Built target realsense2_camera_msgs__rosidl_generator_py
[1.602s] [35m[1mConsolidate compiler generated dependencies of target realsense2_camera_msgs__rosidl_typesupport_c__pyext[0m
[1.602s] [35m[1mConsolidate compiler generated dependencies of target realsense2_camera_msgs__rosidl_typesupport_fastrtps_c__pyext[0m
[1.602s] [35m[1mConsolidate compiler generated dependencies of target realsense2_camera_msgs__rosidl_typesupport_introspection_c__pyext[0m
[1.617s] [100%] Built target realsense2_camera_msgs__rosidl_typesupport_c__pyext
[1.617s] [100%] Built target realsense2_camera_msgs__rosidl_typesupport_fastrtps_c__pyext
[1.617s] [100%] Built target realsense2_camera_msgs__rosidl_typesupport_introspection_c__pyext
[1.717s] running egg_info
[1.717s] writing realsense2_camera_msgs.egg-info/PKG-INFO
[1.718s] writing dependency_links to realsense2_camera_msgs.egg-info/dependency_links.txt
[1.718s] writing top-level names to realsense2_camera_msgs.egg-info/top_level.txt
[1.719s] reading manifest file 'realsense2_camera_msgs.egg-info/SOURCES.txt'
[1.720s] writing manifest file 'realsense2_camera_msgs.egg-info/SOURCES.txt'
[1.743s] [100%] Built target ament_cmake_python_build_realsense2_camera_msgs_egg
[1.754s] Invoked command in '/home/hosodalab9/Sensor-Glove/build/realsense2_camera_msgs' returned '0': CMAKE_PREFIX_PATH=${CMAKE_PREFIX_PATH}:/home/hosodalab9/Sensor-Glove/install/subscriber:/opt/ros/humble /usr/bin/cmake --build /home/hosodalab9/Sensor-Glove/build/realsense2_camera_msgs -- -j16 -l16
[1.944s] Invoking command in '/home/hosodalab9/Sensor-Glove/build/realsense2_camera_msgs': CMAKE_PREFIX_PATH=${CMAKE_PREFIX_PATH}:/home/hosodalab9/Sensor-Glove/install/subscriber:/opt/ros/humble /usr/bin/cmake --install /home/hosodalab9/Sensor-Glove/build/realsense2_camera_msgs
[1.952s] -- Install configuration: ""
[1.952s] -- Execute custom install script
[1.952s] -- Up-to-date symlink: /home/hosodalab9/Sensor-Glove/install/realsense2_camera_msgs/share/ament_index/resource_index/rosidl_interfaces/realsense2_camera_msgs
[1.953s] -- Up-to-date symlink: /home/hosodalab9/Sensor-Glove/install/realsense2_camera_msgs/include/realsense2_camera_msgs/realsense2_camera_msgs/msg/detail/extrinsics__functions.h
[1.953s] -- Up-to-date symlink: /home/hosodalab9/Sensor-Glove/install/realsense2_camera_msgs/include/realsense2_camera_msgs/realsense2_camera_msgs/msg/detail/extrinsics__struct.h
[1.953s] -- Up-to-date symlink: /home/hosodalab9/Sensor-Glove/install/realsense2_camera_msgs/include/realsense2_camera_msgs/realsense2_camera_msgs/msg/detail/extrinsics__type_support.h
[1.953s] -- Up-to-date symlink: /home/hosodalab9/Sensor-Glove/install/realsense2_camera_msgs/include/realsense2_camera_msgs/realsense2_camera_msgs/msg/detail/imu_info__functions.h
[1.953s] -- Up-to-date symlink: /home/hosodalab9/Sensor-Glove/install/realsense2_camera_msgs/include/realsense2_camera_msgs/realsense2_camera_msgs/msg/detail/imu_info__struct.h
[1.953s] -- Up-to-date symlink: /home/hosodalab9/Sensor-Glove/install/realsense2_camera_msgs/include/realsense2_camera_msgs/realsense2_camera_msgs/msg/detail/imu_info__type_support.h
[1.953s] -- Up-to-date symlink: /home/hosodalab9/Sensor-Glove/install/realsense2_camera_msgs/include/realsense2_camera_msgs/realsense2_camera_msgs/msg/detail/metadata__functions.h
[1.953s] -- Up-to-date symlink: /home/hosodalab9/Sensor-Glove/install/realsense2_camera_msgs/include/realsense2_camera_msgs/realsense2_camera_msgs/msg/detail/metadata__struct.h
[1.953s] -- Up-to-date symlink: /home/hosodalab9/Sensor-Glove/install/realsense2_camera_msgs/include/realsense2_camera_msgs/realsense2_camera_msgs/msg/detail/metadata__type_support.h
[1.954s] -- Up-to-date symlink: /home/hosodalab9/Sensor-Glove/install/realsense2_camera_msgs/include/realsense2_camera_msgs/realsense2_camera_msgs/msg/detail/rgbd__functions.h
[1.954s] -- Up-to-date symlink: /home/hosodalab9/Sensor-Glove/install/realsense2_camera_msgs/include/realsense2_camera_msgs/realsense2_camera_msgs/msg/detail/rgbd__struct.h
[1.954s] -- Up-to-date symlink: /home/hosodalab9/Sensor-Glove/install/realsense2_camera_msgs/include/realsense2_camera_msgs/realsense2_camera_msgs/msg/detail/rgbd__type_support.h
[1.954s] -- Up-to-date symlink: /home/hosodalab9/Sensor-Glove/install/realsense2_camera_msgs/include/realsense2_camera_msgs/realsense2_camera_msgs/msg/extrinsics.h
[1.954s] -- Up-to-date symlink: /home/hosodalab9/Sensor-Glove/install/realsense2_camera_msgs/include/realsense2_camera_msgs/realsense2_camera_msgs/msg/imu_info.h
[1.954s] -- Up-to-date symlink: /home/hosodalab9/Sensor-Glove/install/realsense2_camera_msgs/include/realsense2_camera_msgs/realsense2_camera_msgs/msg/metadata.h
[1.954s] -- Up-to-date symlink: /home/hosodalab9/Sensor-Glove/install/realsense2_camera_msgs/include/realsense2_camera_msgs/realsense2_camera_msgs/msg/rgbd.h
[1.954s] -- Up-to-date symlink: /home/hosodalab9/Sensor-Glove/install/realsense2_camera_msgs/include/realsense2_camera_msgs/realsense2_camera_msgs/msg/rosidl_generator_c__visibility_control.h
[1.954s] -- Up-to-date symlink: /home/hosodalab9/Sensor-Glove/install/realsense2_camera_msgs/include/realsense2_camera_msgs/realsense2_camera_msgs/srv/detail/device_info__functions.h
[1.954s] -- Up-to-date symlink: /home/hosodalab9/Sensor-Glove/install/realsense2_camera_msgs/include/realsense2_camera_msgs/realsense2_camera_msgs/srv/detail/device_info__struct.h
[1.954s] -- Up-to-date symlink: /home/hosodalab9/Sensor-Glove/install/realsense2_camera_msgs/include/realsense2_camera_msgs/realsense2_camera_msgs/srv/detail/device_info__type_support.h
[1.955s] -- Up-to-date symlink: /home/hosodalab9/Sensor-Glove/install/realsense2_camera_msgs/include/realsense2_camera_msgs/realsense2_camera_msgs/srv/device_info.h
[1.955s] -- Up-to-date symlink: /home/hosodalab9/Sensor-Glove/install/realsense2_camera_msgs/share/realsense2_camera_msgs/environment/library_path.sh
[1.955s] -- Up-to-date symlink: /home/hosodalab9/Sensor-Glove/install/realsense2_camera_msgs/share/realsense2_camera_msgs/environment/library_path.dsv
[1.955s] -- Up-to-date symlink: /home/hosodalab9/Sensor-Glove/install/realsense2_camera_msgs/include/realsense2_camera_msgs/realsense2_camera_msgs/msg/detail/extrinsics__rosidl_typesupport_fastrtps_c.h
[1.955s] -- Up-to-date symlink: /home/hosodalab9/Sensor-Glove/install/realsense2_camera_msgs/include/realsense2_camera_msgs/realsense2_camera_msgs/msg/detail/imu_info__rosidl_typesupport_fastrtps_c.h
[1.955s] -- Up-to-date symlink: /home/hosodalab9/Sensor-Glove/install/realsense2_camera_msgs/include/realsense2_camera_msgs/realsense2_camera_msgs/msg/detail/metadata__rosidl_typesupport_fastrtps_c.h
[1.955s] -- Up-to-date symlink: /home/hosodalab9/Sensor-Glove/install/realsense2_camera_msgs/include/realsense2_camera_msgs/realsense2_camera_msgs/msg/detail/rgbd__rosidl_typesupport_fastrtps_c.h
[1.955s] -- Up-to-date symlink: /home/hosodalab9/Sensor-Glove/install/realsense2_camera_msgs/include/realsense2_camera_msgs/realsense2_camera_msgs/msg/rosidl_typesupport_fastrtps_c__visibility_control.h
[1.956s] -- Up-to-date symlink: /home/hosodalab9/Sensor-Glove/install/realsense2_camera_msgs/include/realsense2_camera_msgs/realsense2_camera_msgs/srv/detail/device_info__rosidl_typesupport_fastrtps_c.h
[1.956s] -- Up-to-date symlink: /home/hosodalab9/Sensor-Glove/install/realsense2_camera_msgs/include/realsense2_camera_msgs/realsense2_camera_msgs/msg/detail/extrinsics__rosidl_typesupport_introspection_c.h
[1.956s] -- Up-to-date symlink: /home/hosodalab9/Sensor-Glove/install/realsense2_camera_msgs/include/realsense2_camera_msgs/realsense2_camera_msgs/msg/detail/imu_info__rosidl_typesupport_introspection_c.h
[1.956s] -- Up-to-date symlink: /home/hosodalab9/Sensor-Glove/install/realsense2_camera_msgs/include/realsense2_camera_msgs/realsense2_camera_msgs/msg/detail/metadata__rosidl_typesupport_introspection_c.h
[1.956s] -- Up-to-date symlink: /home/hosodalab9/Sensor-Glove/install/realsense2_camera_msgs/include/realsense2_camera_msgs/realsense2_camera_msgs/msg/detail/rgbd__rosidl_typesupport_introspection_c.h
[1.956s] -- Up-to-date symlink: /home/hosodalab9/Sensor-Glove/install/realsense2_camera_msgs/include/realsense2_camera_msgs/realsense2_camera_msgs/msg/rosidl_typesupport_introspection_c__visibility_control.h
[1.956s] -- Up-to-date symlink: /home/hosodalab9/Sensor-Glove/install/realsense2_camera_msgs/include/realsense2_camera_msgs/realsense2_camera_msgs/srv/detail/device_info__rosidl_typesupport_introspection_c.h
[1.957s] -- Up-to-date symlink: /home/hosodalab9/Sensor-Glove/install/realsense2_camera_msgs/include/realsense2_camera_msgs/realsense2_camera_msgs/msg/detail/extrinsics__builder.hpp
[1.957s] -- Up-to-date symlink: /home/hosodalab9/Sensor-Glove/install/realsense2_camera_msgs/include/realsense2_camera_msgs/realsense2_camera_msgs/msg/detail/extrinsics__struct.hpp
[1.957s] -- Up-to-date symlink: /home/hosodalab9/Sensor-Glove/install/realsense2_camera_msgs/include/realsense2_camera_msgs/realsense2_camera_msgs/msg/detail/extrinsics__traits.hpp
[1.957s] -- Up-to-date symlink: /home/hosodalab9/Sensor-Glove/install/realsense2_camera_msgs/include/realsense2_camera_msgs/realsense2_camera_msgs/msg/detail/imu_info__builder.hpp
[1.957s] -- Up-to-date symlink: /home/hosodalab9/Sensor-Glove/install/realsense2_camera_msgs/include/realsense2_camera_msgs/realsense2_camera_msgs/msg/detail/imu_info__struct.hpp
[1.957s] -- Up-to-date symlink: /home/hosodalab9/Sensor-Glove/install/realsense2_camera_msgs/include/realsense2_camera_msgs/realsense2_camera_msgs/msg/detail/imu_info__traits.hpp
[1.957s] -- Up-to-date symlink: /home/hosodalab9/Sensor-Glove/install/realsense2_camera_msgs/include/realsense2_camera_msgs/realsense2_camera_msgs/msg/detail/metadata__builder.hpp
[1.957s] -- Up-to-date symlink: /home/hosodalab9/Sensor-Glove/install/realsense2_camera_msgs/include/realsense2_camera_msgs/realsense2_camera_msgs/msg/detail/metadata__struct.hpp
[1.957s] -- Up-to-date symlink: /home/hosodalab9/Sensor-Glove/install/realsense2_camera_msgs/include/realsense2_camera_msgs/realsense2_camera_msgs/msg/detail/metadata__traits.hpp
[1.958s] -- Up-to-date symlink: /home/hosodalab9/Sensor-Glove/install/realsense2_camera_msgs/include/realsense2_camera_msgs/realsense2_camera_msgs/msg/detail/rgbd__builder.hpp
[1.958s] -- Up-to-date symlink: /home/hosodalab9/Sensor-Glove/install/realsense2_camera_msgs/include/realsense2_camera_msgs/realsense2_camera_msgs/msg/detail/rgbd__struct.hpp
[1.958s] -- Up-to-date symlink: /home/hosodalab9/Sensor-Glove/install/realsense2_camera_msgs/include/realsense2_camera_msgs/realsense2_camera_msgs/msg/detail/rgbd__traits.hpp
[1.958s] -- Up-to-date symlink: /home/hosodalab9/Sensor-Glove/install/realsense2_camera_msgs/include/realsense2_camera_msgs/realsense2_camera_msgs/msg/extrinsics.hpp
[1.958s] -- Up-to-date symlink: /home/hosodalab9/Sensor-Glove/install/realsense2_camera_msgs/include/realsense2_camera_msgs/realsense2_camera_msgs/msg/imu_info.hpp
[1.958s] -- Up-to-date symlink: /home/hosodalab9/Sensor-Glove/install/realsense2_camera_msgs/include/realsense2_camera_msgs/realsense2_camera_msgs/msg/metadata.hpp
[1.958s] -- Up-to-date symlink: /home/hosodalab9/Sensor-Glove/install/realsense2_camera_msgs/include/realsense2_camera_msgs/realsense2_camera_msgs/msg/rgbd.hpp
[1.958s] -- Up-to-date symlink: /home/hosodalab9/Sensor-Glove/install/realsense2_camera_msgs/include/realsense2_camera_msgs/realsense2_camera_msgs/srv/detail/device_info__builder.hpp
[1.958s] -- Up-to-date symlink: /home/hosodalab9/Sensor-Glove/install/realsense2_camera_msgs/include/realsense2_camera_msgs/realsense2_camera_msgs/srv/detail/device_info__struct.hpp
[1.958s] -- Up-to-date symlink: /home/hosodalab9/Sensor-Glove/install/realsense2_camera_msgs/include/realsense2_camera_msgs/realsense2_camera_msgs/srv/detail/device_info__traits.hpp
[1.958s] -- Up-to-date symlink: /home/hosodalab9/Sensor-Glove/install/realsense2_camera_msgs/include/realsense2_camera_msgs/realsense2_camera_msgs/srv/device_info.hpp
[1.959s] -- Up-to-date symlink: /home/hosodalab9/Sensor-Glove/install/realsense2_camera_msgs/include/realsense2_camera_msgs/realsense2_camera_msgs/msg/detail/extrinsics__rosidl_typesupport_fastrtps_cpp.hpp
[1.959s] -- Up-to-date symlink: /home/hosodalab9/Sensor-Glove/install/realsense2_camera_msgs/include/realsense2_camera_msgs/realsense2_camera_msgs/msg/detail/imu_info__rosidl_typesupport_fastrtps_cpp.hpp
[1.959s] -- Up-to-date symlink: /home/hosodalab9/Sensor-Glove/install/realsense2_camera_msgs/include/realsense2_camera_msgs/realsense2_camera_msgs/msg/detail/metadata__rosidl_typesupport_fastrtps_cpp.hpp
[1.959s] -- Up-to-date symlink: /home/hosodalab9/Sensor-Glove/install/realsense2_camera_msgs/include/realsense2_camera_msgs/realsense2_camera_msgs/msg/detail/rgbd__rosidl_typesupport_fastrtps_cpp.hpp
[1.959s] -- Up-to-date symlink: /home/hosodalab9/Sensor-Glove/install/realsense2_camera_msgs/include/realsense2_camera_msgs/realsense2_camera_msgs/msg/rosidl_typesupport_fastrtps_cpp__visibility_control.h
[1.959s] -- Up-to-date symlink: /home/hosodalab9/Sensor-Glove/install/realsense2_camera_msgs/include/realsense2_camera_msgs/realsense2_camera_msgs/srv/detail/device_info__rosidl_typesupport_fastrtps_cpp.hpp
[1.960s] -- Up-to-date symlink: /home/hosodalab9/Sensor-Glove/install/realsense2_camera_msgs/include/realsense2_camera_msgs/realsense2_camera_msgs/msg/detail/extrinsics__rosidl_typesupport_introspection_cpp.hpp
[1.960s] -- Up-to-date symlink: /home/hosodalab9/Sensor-Glove/install/realsense2_camera_msgs/include/realsense2_camera_msgs/realsense2_camera_msgs/msg/detail/imu_info__rosidl_typesupport_introspection_cpp.hpp
[1.960s] -- Up-to-date symlink: /home/hosodalab9/Sensor-Glove/install/realsense2_camera_msgs/include/realsense2_camera_msgs/realsense2_camera_msgs/msg/detail/metadata__rosidl_typesupport_introspection_cpp.hpp
[1.960s] -- Up-to-date symlink: /home/hosodalab9/Sensor-Glove/install/realsense2_camera_msgs/include/realsense2_camera_msgs/realsense2_camera_msgs/msg/detail/rgbd__rosidl_typesupport_introspection_cpp.hpp
[1.960s] -- Up-to-date symlink: /home/hosodalab9/Sensor-Glove/install/realsense2_camera_msgs/include/realsense2_camera_msgs/realsense2_camera_msgs/srv/detail/device_info__rosidl_typesupport_introspection_cpp.hpp
[1.960s] -- Up-to-date symlink: /home/hosodalab9/Sensor-Glove/install/realsense2_camera_msgs/share/realsense2_camera_msgs/environment/pythonpath.sh
[1.960s] -- Up-to-date symlink: /home/hosodalab9/Sensor-Glove/install/realsense2_camera_msgs/share/realsense2_camera_msgs/environment/pythonpath.dsv
[1.960s] -- Up-to-date symlink: /home/hosodalab9/Sensor-Glove/install/realsense2_camera_msgs/local/lib/python3.10/dist-packages/realsense2_camera_msgs-4.54.1-py3.10.egg-info/PKG-INFO
[1.960s] -- Up-to-date symlink: /home/hosodalab9/Sensor-Glove/install/realsense2_camera_msgs/local/lib/python3.10/dist-packages/realsense2_camera_msgs-4.54.1-py3.10.egg-info/SOURCES.txt
[1.961s] -- Up-to-date symlink: /home/hosodalab9/Sensor-Glove/install/realsense2_camera_msgs/local/lib/python3.10/dist-packages/realsense2_camera_msgs-4.54.1-py3.10.egg-info/dependency_links.txt
[1.961s] -- Up-to-date symlink: /home/hosodalab9/Sensor-Glove/install/realsense2_camera_msgs/local/lib/python3.10/dist-packages/realsense2_camera_msgs-4.54.1-py3.10.egg-info/top_level.txt
[1.961s] -- Up-to-date symlink: /home/hosodalab9/Sensor-Glove/install/realsense2_camera_msgs/local/lib/python3.10/dist-packages/realsense2_camera_msgs/__init__.py
[1.961s] -- Up-to-date symlink: /home/hosodalab9/Sensor-Glove/install/realsense2_camera_msgs/local/lib/python3.10/dist-packages/realsense2_camera_msgs/_realsense2_camera_msgs_s.ep.rosidl_typesupport_c.c
[1.961s] -- Up-to-date symlink: /home/hosodalab9/Sensor-Glove/install/realsense2_camera_msgs/local/lib/python3.10/dist-packages/realsense2_camera_msgs/_realsense2_camera_msgs_s.ep.rosidl_typesupport_fastrtps_c.c
[1.961s] -- Up-to-date symlink: /home/hosodalab9/Sensor-Glove/install/realsense2_camera_msgs/local/lib/python3.10/dist-packages/realsense2_camera_msgs/_realsense2_camera_msgs_s.ep.rosidl_typesupport_introspection_c.c
[1.961s] -- Up-to-date symlink: /home/hosodalab9/Sensor-Glove/install/realsense2_camera_msgs/local/lib/python3.10/dist-packages/realsense2_camera_msgs/librealsense2_camera_msgs__rosidl_generator_py.so
[1.962s] -- Up-to-date symlink: /home/hosodalab9/Sensor-Glove/install/realsense2_camera_msgs/local/lib/python3.10/dist-packages/realsense2_camera_msgs/msg/__init__.py
[1.962s] -- Up-to-date symlink: /home/hosodalab9/Sensor-Glove/install/realsense2_camera_msgs/local/lib/python3.10/dist-packages/realsense2_camera_msgs/msg/_extrinsics.py
[1.962s] -- Up-to-date symlink: /home/hosodalab9/Sensor-Glove/install/realsense2_camera_msgs/local/lib/python3.10/dist-packages/realsense2_camera_msgs/msg/_extrinsics_s.c
[1.962s] -- Up-to-date symlink: /home/hosodalab9/Sensor-Glove/install/realsense2_camera_msgs/local/lib/python3.10/dist-packages/realsense2_camera_msgs/msg/_imu_info.py
[1.962s] -- Up-to-date symlink: /home/hosodalab9/Sensor-Glove/install/realsense2_camera_msgs/local/lib/python3.10/dist-packages/realsense2_camera_msgs/msg/_imu_info_s.c
[1.962s] -- Up-to-date symlink: /home/hosodalab9/Sensor-Glove/install/realsense2_camera_msgs/local/lib/python3.10/dist-packages/realsense2_camera_msgs/msg/_metadata.py
[1.962s] -- Up-to-date symlink: /home/hosodalab9/Sensor-Glove/install/realsense2_camera_msgs/local/lib/python3.10/dist-packages/realsense2_camera_msgs/msg/_metadata_s.c
[1.962s] -- Up-to-date symlink: /home/hosodalab9/Sensor-Glove/install/realsense2_camera_msgs/local/lib/python3.10/dist-packages/realsense2_camera_msgs/msg/_rgbd.py
[1.962s] -- Up-to-date symlink: /home/hosodalab9/Sensor-Glove/install/realsense2_camera_msgs/local/lib/python3.10/dist-packages/realsense2_camera_msgs/msg/_rgbd_s.c
[1.962s] -- Up-to-date symlink: /home/hosodalab9/Sensor-Glove/install/realsense2_camera_msgs/local/lib/python3.10/dist-packages/realsense2_camera_msgs/realsense2_camera_msgs_s__rosidl_typesupport_c.cpython-310-x86_64-linux-gnu.so
[1.962s] -- Up-to-date symlink: /home/hosodalab9/Sensor-Glove/install/realsense2_camera_msgs/local/lib/python3.10/dist-packages/realsense2_camera_msgs/realsense2_camera_msgs_s__rosidl_typesupport_fastrtps_c.cpython-310-x86_64-linux-gnu.so
[1.963s] -- Up-to-date symlink: /home/hosodalab9/Sensor-Glove/install/realsense2_camera_msgs/local/lib/python3.10/dist-packages/realsense2_camera_msgs/realsense2_camera_msgs_s__rosidl_typesupport_introspection_c.cpython-310-x86_64-linux-gnu.so
[1.963s] -- Up-to-date symlink: /home/hosodalab9/Sensor-Glove/install/realsense2_camera_msgs/local/lib/python3.10/dist-packages/realsense2_camera_msgs/srv/__init__.py
[1.963s] -- Up-to-date symlink: /home/hosodalab9/Sensor-Glove/install/realsense2_camera_msgs/local/lib/python3.10/dist-packages/realsense2_camera_msgs/srv/_device_info.py
[1.963s] -- Up-to-date symlink: /home/hosodalab9/Sensor-Glove/install/realsense2_camera_msgs/local/lib/python3.10/dist-packages/realsense2_camera_msgs/srv/_device_info_s.c
[1.963s] -- Up-to-date symlink: /home/hosodalab9/Sensor-Glove/install/realsense2_camera_msgs/local/lib/python3.10/dist-packages/realsense2_camera_msgs/realsense2_camera_msgs_s__rosidl_typesupport_fastrtps_c.cpython-310-x86_64-linux-gnu.so
[1.963s] -- Up-to-date symlink: /home/hosodalab9/Sensor-Glove/install/realsense2_camera_msgs/local/lib/python3.10/dist-packages/realsense2_camera_msgs/realsense2_camera_msgs_s__rosidl_typesupport_introspection_c.cpython-310-x86_64-linux-gnu.so
[1.963s] -- Up-to-date symlink: /home/hosodalab9/Sensor-Glove/install/realsense2_camera_msgs/local/lib/python3.10/dist-packages/realsense2_camera_msgs/realsense2_camera_msgs_s__rosidl_typesupport_c.cpython-310-x86_64-linux-gnu.so
[1.963s] -- Up-to-date symlink: /home/hosodalab9/Sensor-Glove/install/realsense2_camera_msgs/share/realsense2_camera_msgs/msg/IMUInfo.idl
[1.964s] -- Up-to-date symlink: /home/hosodalab9/Sensor-Glove/install/realsense2_camera_msgs/share/realsense2_camera_msgs/msg/Extrinsics.idl
[1.964s] -- Up-to-date symlink: /home/hosodalab9/Sensor-Glove/install/realsense2_camera_msgs/share/realsense2_camera_msgs/msg/Metadata.idl
[1.964s] -- Up-to-date symlink: /home/hosodalab9/Sensor-Glove/install/realsense2_camera_msgs/share/realsense2_camera_msgs/msg/RGBD.idl
[1.964s] -- Up-to-date symlink: /home/hosodalab9/Sensor-Glove/install/realsense2_camera_msgs/share/realsense2_camera_msgs/srv/DeviceInfo.idl
[1.964s] -- Up-to-date symlink: /home/hosodalab9/Sensor-Glove/install/realsense2_camera_msgs/share/realsense2_camera_msgs/msg/IMUInfo.msg
[1.964s] -- Up-to-date symlink: /home/hosodalab9/Sensor-Glove/install/realsense2_camera_msgs/share/realsense2_camera_msgs/msg/Extrinsics.msg
[1.964s] -- Up-to-date symlink: /home/hosodalab9/Sensor-Glove/install/realsense2_camera_msgs/share/realsense2_camera_msgs/msg/Metadata.msg
[1.964s] -- Up-to-date symlink: /home/hosodalab9/Sensor-Glove/install/realsense2_camera_msgs/share/realsense2_camera_msgs/msg/RGBD.msg
[1.964s] -- Up-to-date symlink: /home/hosodalab9/Sensor-Glove/install/realsense2_camera_msgs/share/realsense2_camera_msgs/srv/DeviceInfo.srv
[1.965s] -- Up-to-date symlink: /home/hosodalab9/Sensor-Glove/install/realsense2_camera_msgs/share/realsense2_camera_msgs/srv/DeviceInfo_Request.msg
[1.965s] -- Up-to-date symlink: /home/hosodalab9/Sensor-Glove/install/realsense2_camera_msgs/share/realsense2_camera_msgs/srv/DeviceInfo_Response.msg
[1.965s] -- Up-to-date symlink: /home/hosodalab9/Sensor-Glove/install/realsense2_camera_msgs/share/ament_index/resource_index/package_run_dependencies/realsense2_camera_msgs
[1.965s] -- Up-to-date symlink: /home/hosodalab9/Sensor-Glove/install/realsense2_camera_msgs/share/ament_index/resource_index/parent_prefix_path/realsense2_camera_msgs
[1.965s] -- Up-to-date symlink: /home/hosodalab9/Sensor-Glove/install/realsense2_camera_msgs/share/realsense2_camera_msgs/environment/ament_prefix_path.sh
[1.965s] -- Up-to-date symlink: /home/hosodalab9/Sensor-Glove/install/realsense2_camera_msgs/share/realsense2_camera_msgs/environment/ament_prefix_path.dsv
[1.965s] -- Up-to-date symlink: /home/hosodalab9/Sensor-Glove/install/realsense2_camera_msgs/share/realsense2_camera_msgs/environment/path.sh
[1.965s] -- Up-to-date symlink: /home/hosodalab9/Sensor-Glove/install/realsense2_camera_msgs/share/realsense2_camera_msgs/environment/path.dsv
[1.965s] -- Up-to-date symlink: /home/hosodalab9/Sensor-Glove/install/realsense2_camera_msgs/share/realsense2_camera_msgs/local_setup.bash
[1.966s] -- Up-to-date symlink: /home/hosodalab9/Sensor-Glove/install/realsense2_camera_msgs/share/realsense2_camera_msgs/local_setup.sh
[1.966s] -- Up-to-date symlink: /home/hosodalab9/Sensor-Glove/install/realsense2_camera_msgs/share/realsense2_camera_msgs/local_setup.zsh
[1.966s] -- Up-to-date symlink: /home/hosodalab9/Sensor-Glove/install/realsense2_camera_msgs/share/realsense2_camera_msgs/local_setup.dsv
[1.966s] -- Symlinking: /home/hosodalab9/Sensor-Glove/install/realsense2_camera_msgs/share/realsense2_camera_msgs/package.dsv
[1.976s] -- Up-to-date symlink: /home/hosodalab9/Sensor-Glove/install/realsense2_camera_msgs/share/ament_index/resource_index/packages/realsense2_camera_msgs
[1.976s] -- Up-to-date symlink: /home/hosodalab9/Sensor-Glove/install/realsense2_camera_msgs/share/realsense2_camera_msgs/cmake/rosidl_cmake-extras.cmake
[1.976s] -- Up-to-date symlink: /home/hosodalab9/Sensor-Glove/install/realsense2_camera_msgs/share/realsense2_camera_msgs/cmake/ament_cmake_export_dependencies-extras.cmake
[1.976s] -- Up-to-date symlink: /home/hosodalab9/Sensor-Glove/install/realsense2_camera_msgs/share/realsense2_camera_msgs/cmake/ament_cmake_export_include_directories-extras.cmake
[1.976s] -- Up-to-date symlink: /home/hosodalab9/Sensor-Glove/install/realsense2_camera_msgs/share/realsense2_camera_msgs/cmake/ament_cmake_export_libraries-extras.cmake
[1.976s] -- Up-to-date symlink: /home/hosodalab9/Sensor-Glove/install/realsense2_camera_msgs/share/realsense2_camera_msgs/cmake/ament_cmake_export_targets-extras.cmake
[1.977s] -- Up-to-date symlink: /home/hosodalab9/Sensor-Glove/install/realsense2_camera_msgs/share/realsense2_camera_msgs/cmake/rosidl_cmake_export_typesupport_targets-extras.cmake
[1.977s] -- Up-to-date symlink: /home/hosodalab9/Sensor-Glove/install/realsense2_camera_msgs/share/realsense2_camera_msgs/cmake/rosidl_cmake_export_typesupport_libraries-extras.cmake
[1.977s] -- Up-to-date symlink: /home/hosodalab9/Sensor-Glove/install/realsense2_camera_msgs/share/realsense2_camera_msgs/cmake/realsense2_camera_msgsConfig.cmake
[1.977s] -- Up-to-date symlink: /home/hosodalab9/Sensor-Glove/install/realsense2_camera_msgs/share/realsense2_camera_msgs/cmake/realsense2_camera_msgsConfig-version.cmake
[1.977s] -- Up-to-date symlink: /home/hosodalab9/Sensor-Glove/install/realsense2_camera_msgs/share/realsense2_camera_msgs/package.xml
[1.978s] -- Up-to-date: /home/hosodalab9/Sensor-Glove/install/realsense2_camera_msgs/lib/librealsense2_camera_msgs__rosidl_generator_c.so
[1.978s] -- Up-to-date: /home/hosodalab9/Sensor-Glove/install/realsense2_camera_msgs/lib/librealsense2_camera_msgs__rosidl_typesupport_fastrtps_c.so
[1.978s] -- Up-to-date: /home/hosodalab9/Sensor-Glove/install/realsense2_camera_msgs/lib/librealsense2_camera_msgs__rosidl_typesupport_introspection_c.so
[1.979s] -- Up-to-date: /home/hosodalab9/Sensor-Glove/install/realsense2_camera_msgs/lib/librealsense2_camera_msgs__rosidl_typesupport_c.so
[1.979s] -- Up-to-date: /home/hosodalab9/Sensor-Glove/install/realsense2_camera_msgs/lib/librealsense2_camera_msgs__rosidl_typesupport_fastrtps_cpp.so
[1.979s] -- Up-to-date: /home/hosodalab9/Sensor-Glove/install/realsense2_camera_msgs/lib/librealsense2_camera_msgs__rosidl_typesupport_introspection_cpp.so
[1.980s] -- Up-to-date: /home/hosodalab9/Sensor-Glove/install/realsense2_camera_msgs/lib/librealsense2_camera_msgs__rosidl_typesupport_cpp.so
[2.012s] Listing '/home/hosodalab9/Sensor-Glove/install/realsense2_camera_msgs/local/lib/python3.10/dist-packages/realsense2_camera_msgs'...
[2.012s] Compiling '/home/hosodalab9/Sensor-Glove/install/realsense2_camera_msgs/local/lib/python3.10/dist-packages/realsense2_camera_msgs/__init__.py'...
[2.012s] Listing '/home/hosodalab9/Sensor-Glove/install/realsense2_camera_msgs/local/lib/python3.10/dist-packages/realsense2_camera_msgs/msg'...
[2.012s] Listing '/home/hosodalab9/Sensor-Glove/install/realsense2_camera_msgs/local/lib/python3.10/dist-packages/realsense2_camera_msgs/srv'...
[2.016s] -- Up-to-date: /home/hosodalab9/Sensor-Glove/install/realsense2_camera_msgs/lib/librealsense2_camera_msgs__rosidl_generator_py.so
[2.018s] -- Up-to-date: /home/hosodalab9/Sensor-Glove/install/realsense2_camera_msgs/share/realsense2_camera_msgs/cmake/export_realsense2_camera_msgs__rosidl_generator_cExport.cmake
[2.018s] -- Up-to-date: /home/hosodalab9/Sensor-Glove/install/realsense2_camera_msgs/share/realsense2_camera_msgs/cmake/export_realsense2_camera_msgs__rosidl_generator_cExport-noconfig.cmake
[2.018s] -- Up-to-date: /home/hosodalab9/Sensor-Glove/install/realsense2_camera_msgs/share/realsense2_camera_msgs/cmake/export_realsense2_camera_msgs__rosidl_typesupport_fastrtps_cExport.cmake
[2.019s] -- Up-to-date: /home/hosodalab9/Sensor-Glove/install/realsense2_camera_msgs/share/realsense2_camera_msgs/cmake/export_realsense2_camera_msgs__rosidl_typesupport_fastrtps_cExport-noconfig.cmake
[2.019s] -- Up-to-date: /home/hosodalab9/Sensor-Glove/install/realsense2_camera_msgs/share/realsense2_camera_msgs/cmake/realsense2_camera_msgs__rosidl_typesupport_introspection_cExport.cmake
[2.019s] -- Up-to-date: /home/hosodalab9/Sensor-Glove/install/realsense2_camera_msgs/share/realsense2_camera_msgs/cmake/realsense2_camera_msgs__rosidl_typesupport_introspection_cExport-noconfig.cmake
[2.019s] -- Up-to-date: /home/hosodalab9/Sensor-Glove/install/realsense2_camera_msgs/share/realsense2_camera_msgs/cmake/realsense2_camera_msgs__rosidl_typesupport_cExport.cmake
[2.019s] -- Up-to-date: /home/hosodalab9/Sensor-Glove/install/realsense2_camera_msgs/share/realsense2_camera_msgs/cmake/realsense2_camera_msgs__rosidl_typesupport_cExport-noconfig.cmake
[2.020s] -- Up-to-date: /home/hosodalab9/Sensor-Glove/install/realsense2_camera_msgs/share/realsense2_camera_msgs/cmake/export_realsense2_camera_msgs__rosidl_generator_cppExport.cmake
[2.020s] -- Up-to-date: /home/hosodalab9/Sensor-Glove/install/realsense2_camera_msgs/share/realsense2_camera_msgs/cmake/export_realsense2_camera_msgs__rosidl_typesupport_fastrtps_cppExport.cmake
[2.020s] -- Up-to-date: /home/hosodalab9/Sensor-Glove/install/realsense2_camera_msgs/share/realsense2_camera_msgs/cmake/export_realsense2_camera_msgs__rosidl_typesupport_fastrtps_cppExport-noconfig.cmake
[2.020s] -- Up-to-date: /home/hosodalab9/Sensor-Glove/install/realsense2_camera_msgs/share/realsense2_camera_msgs/cmake/realsense2_camera_msgs__rosidl_typesupport_introspection_cppExport.cmake
[2.020s] -- Up-to-date: /home/hosodalab9/Sensor-Glove/install/realsense2_camera_msgs/share/realsense2_camera_msgs/cmake/realsense2_camera_msgs__rosidl_typesupport_introspection_cppExport-noconfig.cmake
[2.020s] -- Up-to-date: /home/hosodalab9/Sensor-Glove/install/realsense2_camera_msgs/share/realsense2_camera_msgs/cmake/realsense2_camera_msgs__rosidl_typesupport_cppExport.cmake
[2.021s] -- Up-to-date: /home/hosodalab9/Sensor-Glove/install/realsense2_camera_msgs/share/realsense2_camera_msgs/cmake/realsense2_camera_msgs__rosidl_typesupport_cppExport-noconfig.cmake
[2.021s] -- Up-to-date: /home/hosodalab9/Sensor-Glove/install/realsense2_camera_msgs/share/realsense2_camera_msgs/cmake/export_realsense2_camera_msgs__rosidl_generator_pyExport.cmake
[2.021s] -- Up-to-date: /home/hosodalab9/Sensor-Glove/install/realsense2_camera_msgs/share/realsense2_camera_msgs/cmake/export_realsense2_camera_msgs__rosidl_generator_pyExport-noconfig.cmake
[2.024s] Invoked command in '/home/hosodalab9/Sensor-Glove/build/realsense2_camera_msgs' returned '0': CMAKE_PREFIX_PATH=${CMAKE_PREFIX_PATH}:/home/hosodalab9/Sensor-Glove/install/subscriber:/opt/ros/humble /usr/bin/cmake --install /home/hosodalab9/Sensor-Glove/build/realsense2_camera_msgs
