running egg_info
creating ../../../build/hand_show/hand_show.egg-info
writing ../../../build/hand_show/hand_show.egg-info/PKG-INFO
writing dependency_links to ../../../build/hand_show/hand_show.egg-info/dependency_links.txt
writing entry points to ../../../build/hand_show/hand_show.egg-info/entry_points.txt
writing requirements to ../../../build/hand_show/hand_show.egg-info/requires.txt
writing top-level names to ../../../build/hand_show/hand_show.egg-info/top_level.txt
writing manifest file '../../../build/hand_show/hand_show.egg-info/SOURCES.txt'
reading manifest file '../../../build/hand_show/hand_show.egg-info/SOURCES.txt'
writing manifest file '../../../build/hand_show/hand_show.egg-info/SOURCES.txt'
running build
running install
running install_data
creating /home/hosodalab9/Sensor-Glove/src/install/hand_show/share
creating /home/hosodalab9/Sensor-Glove/src/install/hand_show/share/hand_show
copying package.xml -> /home/hosodalab9/Sensor-Glove/src/install/hand_show/share/hand_show
running install_egg_info
Copying ../../../build/hand_show/hand_show.egg-info to /home/hosodalab9/Sensor-Glove/src/install/hand_show/lib/python3.10/site-packages/hand_show-0.0.0-py3.10.egg-info
running install_scripts
Installing listener_index script to /home/hosodalab9/Sensor-Glove/src/install/hand_show/lib/hand_show
Installing talker_index script to /home/hosodalab9/Sensor-Glove/src/install/hand_show/lib/hand_show
writing list of installed files to '/home/hosodalab9/Sensor-Glove/src/build/hand_show/install.log'
