[0.602s] Invoking command in '/home/hosodalab9/Sensor-Glove/src/hand_sense_ws/src/hand_show': PYTHONPATH=/home/hosodalab9/Sensor-Glove/src/build/hand_show/prefix_override:/usr/lib/python3/dist-packages/colcon_core/task/python/colcon_distutils_commands:/home/hosodalab9/Sensor-Glove/src/install/hand_show/lib/python3.10/site-packages:${PYTHONPATH} /usr/bin/python3 -W ignore:setup.py install is deprecated setup.py egg_info --egg-base ../../../build/hand_show build --build-base /home/hosodalab9/Sensor-Glove/src/build/hand_show/build install --record /home/hosodalab9/Sensor-Glove/src/build/hand_show/install.log --single-version-externally-managed install_data
[0.790s] running egg_info
[0.790s] creating ../../../build/hand_show/hand_show.egg-info
[0.790s] writing ../../../build/hand_show/hand_show.egg-info/PKG-INFO
[0.791s] writing dependency_links to ../../../build/hand_show/hand_show.egg-info/dependency_links.txt
[0.791s] writing entry points to ../../../build/hand_show/hand_show.egg-info/entry_points.txt
[0.791s] writing requirements to ../../../build/hand_show/hand_show.egg-info/requires.txt
[0.791s] writing top-level names to ../../../build/hand_show/hand_show.egg-info/top_level.txt
[0.791s] writing manifest file '../../../build/hand_show/hand_show.egg-info/SOURCES.txt'
[0.791s] reading manifest file '../../../build/hand_show/hand_show.egg-info/SOURCES.txt'
[0.792s] writing manifest file '../../../build/hand_show/hand_show.egg-info/SOURCES.txt'
[0.792s] running build
[0.792s] running install
[0.792s] running install_data
[0.792s] creating /home/hosodalab9/Sensor-Glove/src/install/hand_show/share
[0.792s] creating /home/hosodalab9/Sensor-Glove/src/install/hand_show/share/hand_show
[0.792s] copying package.xml -> /home/hosodalab9/Sensor-Glove/src/install/hand_show/share/hand_show
[0.792s] running install_egg_info
[0.794s] Copying ../../../build/hand_show/hand_show.egg-info to /home/hosodalab9/Sensor-Glove/src/install/hand_show/lib/python3.10/site-packages/hand_show-0.0.0-py3.10.egg-info
[0.795s] running install_scripts
[0.809s] Installing listener_index script to /home/hosodalab9/Sensor-Glove/src/install/hand_show/lib/hand_show
[0.809s] Installing talker_index script to /home/hosodalab9/Sensor-Glove/src/install/hand_show/lib/hand_show
[0.809s] writing list of installed files to '/home/hosodalab9/Sensor-Glove/src/build/hand_show/install.log'
[0.827s] Invoked command in '/home/hosodalab9/Sensor-Glove/src/hand_sense_ws/src/hand_show' returned '0': PYTHONPATH=/home/hosodalab9/Sensor-Glove/src/build/hand_show/prefix_override:/usr/lib/python3/dist-packages/colcon_core/task/python/colcon_distutils_commands:/home/hosodalab9/Sensor-Glove/src/install/hand_show/lib/python3.10/site-packages:${PYTHONPATH} /usr/bin/python3 -W ignore:setup.py install is deprecated setup.py egg_info --egg-base ../../../build/hand_show build --build-base /home/hosodalab9/Sensor-Glove/src/build/hand_show/build install --record /home/hosodalab9/Sensor-Glove/src/build/hand_show/install.log --single-version-externally-managed install_data
