[0.014s] Invoking command in '/home/hosodalab9/Sensor-Glove/build/realsense2_camera': CMAKE_PREFIX_PATH=/home/hosodalab9/Sensor-Glove/install/realsense2_camera_msgs:/home/hosodalab9/Sensor-Glove/install/ros2serial_arduino:/home/hosodalab9/Sensor-Glove/install/realsense2_description:/home/hosodalab9/Sensor-Glove/install/realsense2_camera:/home/hosodalab9/Sensor-Glove/install/data_handler:/home/hosodalab9/Sensor-Glove/install/subscriber:/opt/ros/humble LD_LIBRARY_PATH=/home/hosodalab9/Sensor-Glove/install/realsense2_camera_msgs/lib:/home/hosodalab9/Sensor-Glove/install/realsense2_camera/lib:/usr/lib/x86_64-linux-gnu/gazebo-11/plugins:/opt/ros/humble/opt/rviz_ogre_vendor/lib:/opt/ros/humble/lib/x86_64-linux-gnu:/opt/ros/humble/lib:/usr/local/cuda/lib64:/usr/local/cuda/extras/CUPTI/lib64 /usr/bin/cmake --build /home/hosodalab9/Sensor-Glove/build/realsense2_camera -- -j16 -l16
[0.044s] -- Create Release Build.
[0.044s] -- Found ament_cmake: 1.3.10 (/opt/ros/humble/share/ament_cmake/cmake)
[0.155s] -- Override CMake install command with custom implementation using symlinks instead of copying resources
[0.164s] -- Found builtin_interfaces: 1.2.1 (/opt/ros/humble/share/builtin_interfaces/cmake)
[0.184s] -- Found rosidl_generator_c: 3.1.5 (/opt/ros/humble/share/rosidl_generator_c/cmake)
[0.186s] -- Found rosidl_adapter: 3.1.5 (/opt/ros/humble/share/rosidl_adapter/cmake)
[0.190s] -- Found rosidl_generator_cpp: 3.1.5 (/opt/ros/humble/share/rosidl_generator_cpp/cmake)
[0.197s] -- Using all available rosidl_typesupport_c: rosidl_typesupport_fastrtps_c;rosidl_typesupport_introspection_c
[0.206s] -- Using all available rosidl_typesupport_cpp: rosidl_typesupport_fastrtps_cpp;rosidl_typesupport_introspection_cpp
[0.216s] -- Found cv_bridge: 3.2.1 (/opt/ros/humble/share/cv_bridge/cmake)
[0.258s] -- Found image_transport: 3.1.9 (/opt/ros/humble/share/image_transport/cmake)
[0.281s] -- Found rmw_implementation_cmake: 6.1.2 (/opt/ros/humble/share/rmw_implementation_cmake/cmake)
[0.283s] -- Found rmw_fastrtps_cpp: 6.2.7 (/opt/ros/humble/share/rmw_fastrtps_cpp/cmake)
[0.384s] -- Using RMW implementation 'rmw_fastrtps_cpp' as default
[0.441s] -- Found rclcpp_components: 16.0.10 (/opt/ros/humble/share/rclcpp_components/cmake)
[0.471s] -- Found realsense2_camera_msgs: 4.54.1 (/home/hosodalab9/Sensor-Glove/install/realsense2_camera_msgs/share/realsense2_camera_msgs/cmake)
[0.495s] -- Found nav_msgs: 4.2.4 (/opt/ros/humble/share/nav_msgs/cmake)
[0.523s] -- Found tf2_ros: 0.25.7 (/opt/ros/humble/share/tf2_ros/cmake)
[0.632s] -- Found diagnostic_updater: 4.0.0 (/opt/ros/humble/share/diagnostic_updater/cmake)
[0.666s] -- Build for ROS2 Humble
[0.673s] -- Found ament_cmake_gtest: 1.3.10 (/opt/ros/humble/share/ament_cmake_gtest/cmake)
[0.673s] -- Found gtest sources under '/opt/ros/humble/src/gtest_vendor': C++ tests using 'Google Test' will be built
[0.681s] -- Found ament_cmake_pytest: 1.3.10 (/opt/ros/humble/share/ament_cmake_pytest/cmake)
[7.988s] -- rs_device_info:
[7.988s] -- No device detected. Is it plugged in?
[7.988s] 
[8.048s] -- Configuring done
[8.090s] -- Generating done
[8.093s] -- Build files have been written to: /home/hosodalab9/Sensor-Glove/build/realsense2_camera
[8.126s] [35m[1mConsolidate compiler generated dependencies of target gtest_main[0m
[8.126s] [35m[1mConsolidate compiler generated dependencies of target gtest[0m
[8.126s] [35m[1mConsolidate compiler generated dependencies of target realsense2_camera_node[0m
[8.141s] [ 18%] Built target gtest
[8.141s] [ 18%] Built target gtest_main
[8.143s] [35m[1mConsolidate compiler generated dependencies of target realsense2_camera[0m
[8.145s] [ 27%] Built target realsense2_camera_node
[8.153s] [35m[1mConsolidate compiler generated dependencies of target gtest_template[0m
[8.170s] [ 36%] Built target gtest_template
[8.219s] [100%] Built target realsense2_camera
[8.230s] Invoked command in '/home/hosodalab9/Sensor-Glove/build/realsense2_camera' returned '0': CMAKE_PREFIX_PATH=/home/hosodalab9/Sensor-Glove/install/realsense2_camera_msgs:/home/hosodalab9/Sensor-Glove/install/ros2serial_arduino:/home/hosodalab9/Sensor-Glove/install/realsense2_description:/home/hosodalab9/Sensor-Glove/install/realsense2_camera:/home/hosodalab9/Sensor-Glove/install/data_handler:/home/hosodalab9/Sensor-Glove/install/subscriber:/opt/ros/humble LD_LIBRARY_PATH=/home/hosodalab9/Sensor-Glove/install/realsense2_camera_msgs/lib:/home/hosodalab9/Sensor-Glove/install/realsense2_camera/lib:/usr/lib/x86_64-linux-gnu/gazebo-11/plugins:/opt/ros/humble/opt/rviz_ogre_vendor/lib:/opt/ros/humble/lib/x86_64-linux-gnu:/opt/ros/humble/lib:/usr/local/cuda/lib64:/usr/local/cuda/extras/CUPTI/lib64 /usr/bin/cmake --build /home/hosodalab9/Sensor-Glove/build/realsense2_camera -- -j16 -l16
[8.307s] Invoking command in '/home/hosodalab9/Sensor-Glove/build/realsense2_camera': CMAKE_PREFIX_PATH=/home/hosodalab9/Sensor-Glove/install/realsense2_camera_msgs:/home/hosodalab9/Sensor-Glove/install/ros2serial_arduino:/home/hosodalab9/Sensor-Glove/install/realsense2_description:/home/hosodalab9/Sensor-Glove/install/realsense2_camera:/home/hosodalab9/Sensor-Glove/install/data_handler:/home/hosodalab9/Sensor-Glove/install/subscriber:/opt/ros/humble LD_LIBRARY_PATH=/home/hosodalab9/Sensor-Glove/install/realsense2_camera_msgs/lib:/home/hosodalab9/Sensor-Glove/install/realsense2_camera/lib:/usr/lib/x86_64-linux-gnu/gazebo-11/plugins:/opt/ros/humble/opt/rviz_ogre_vendor/lib:/opt/ros/humble/lib/x86_64-linux-gnu:/opt/ros/humble/lib:/usr/local/cuda/lib64:/usr/local/cuda/extras/CUPTI/lib64 /usr/bin/cmake --install /home/hosodalab9/Sensor-Glove/build/realsense2_camera
[8.315s] -- Install configuration: "Release"
[8.315s] -- Execute custom install script
[8.315s] -- Up-to-date symlink: /home/hosodalab9/Sensor-Glove/install/realsense2_camera/lib/realsense2_camera/realsense2_camera_node
[8.315s] -- Up-to-date symlink: /home/hosodalab9/Sensor-Glove/install/realsense2_camera/lib/librealsense2_camera.so
[8.316s] -- Up-to-date symlink: /home/hosodalab9/Sensor-Glove/install/realsense2_camera/include/base_realsense_node.h
[8.316s] -- Up-to-date symlink: /home/hosodalab9/Sensor-Glove/install/realsense2_camera/include/constants.h
[8.316s] -- Up-to-date symlink: /home/hosodalab9/Sensor-Glove/install/realsense2_camera/include/dynamic_params.h
[8.316s] -- Up-to-date symlink: /home/hosodalab9/Sensor-Glove/install/realsense2_camera/include/gl_window.h
[8.316s] -- Up-to-date symlink: /home/hosodalab9/Sensor-Glove/install/realsense2_camera/include/image_publisher.h
[8.316s] -- Up-to-date symlink: /home/hosodalab9/Sensor-Glove/install/realsense2_camera/include/named_filter.h
[8.316s] -- Up-to-date symlink: /home/hosodalab9/Sensor-Glove/install/realsense2_camera/include/profile_manager.h
[8.316s] -- Up-to-date symlink: /home/hosodalab9/Sensor-Glove/install/realsense2_camera/include/realsense_node_factory.h
[8.316s] -- Up-to-date symlink: /home/hosodalab9/Sensor-Glove/install/realsense2_camera/include/ros_param_backend.h
[8.316s] -- Up-to-date symlink: /home/hosodalab9/Sensor-Glove/install/realsense2_camera/include/ros_sensor.h
[8.316s] -- Up-to-date symlink: /home/hosodalab9/Sensor-Glove/install/realsense2_camera/include/ros_utils.h
[8.317s] -- Up-to-date symlink: /home/hosodalab9/Sensor-Glove/install/realsense2_camera/include/sensor_params.h
[8.317s] -- Up-to-date symlink: /home/hosodalab9/Sensor-Glove/install/realsense2_camera/share/realsense2_camera/launch/default.rviz
[8.317s] -- Up-to-date symlink: /home/hosodalab9/Sensor-Glove/install/realsense2_camera/share/realsense2_camera/launch/rs_intra_process_demo_launch.py
[8.317s] -- Up-to-date symlink: /home/hosodalab9/Sensor-Glove/install/realsense2_camera/share/realsense2_camera/launch/rs_launch.py
[8.317s] -- Up-to-date symlink: /home/hosodalab9/Sensor-Glove/install/realsense2_camera/share/realsense2_camera/launch/rs_multi_camera_launch.py
[8.317s] -- Up-to-date symlink: /home/hosodalab9/Sensor-Glove/install/realsense2_camera/share/realsense2_camera/examples/align_depth/README.md
[8.317s] -- Up-to-date symlink: /home/hosodalab9/Sensor-Glove/install/realsense2_camera/share/realsense2_camera/examples/align_depth/rs_align_depth_launch.py
[8.318s] -- Up-to-date symlink: /home/hosodalab9/Sensor-Glove/install/realsense2_camera/share/realsense2_camera/examples/dual_camera/README.md
[8.318s] -- Up-to-date symlink: /home/hosodalab9/Sensor-Glove/install/realsense2_camera/share/realsense2_camera/examples/dual_camera/rs_dual_camera_launch.py
[8.318s] -- Up-to-date symlink: /home/hosodalab9/Sensor-Glove/install/realsense2_camera/share/realsense2_camera/examples/dual_camera/rviz/dual_camera_pointcloud.rviz
[8.318s] -- Up-to-date symlink: /home/hosodalab9/Sensor-Glove/install/realsense2_camera/share/realsense2_camera/examples/launch_from_rosbag/README.md
[8.318s] -- Up-to-date symlink: /home/hosodalab9/Sensor-Glove/install/realsense2_camera/share/realsense2_camera/examples/launch_from_rosbag/rs_launch_from_rosbag.py
[8.318s] -- Up-to-date symlink: /home/hosodalab9/Sensor-Glove/install/realsense2_camera/share/realsense2_camera/examples/launch_params_from_file/README.md
[8.318s] -- Up-to-date symlink: /home/hosodalab9/Sensor-Glove/install/realsense2_camera/share/realsense2_camera/examples/launch_params_from_file/config/config.yaml
[8.318s] -- Up-to-date symlink: /home/hosodalab9/Sensor-Glove/install/realsense2_camera/share/realsense2_camera/examples/launch_params_from_file/rs_launch_get_params_from_yaml.py
[8.318s] -- Up-to-date symlink: /home/hosodalab9/Sensor-Glove/install/realsense2_camera/share/realsense2_camera/examples/pointcloud/README.md
[8.318s] -- Up-to-date symlink: /home/hosodalab9/Sensor-Glove/install/realsense2_camera/share/realsense2_camera/examples/pointcloud/rs_d405_pointcloud_launch.py
[8.318s] -- Up-to-date symlink: /home/hosodalab9/Sensor-Glove/install/realsense2_camera/share/realsense2_camera/examples/pointcloud/rs_d455_pointcloud_launch.py
[8.318s] -- Up-to-date symlink: /home/hosodalab9/Sensor-Glove/install/realsense2_camera/share/realsense2_camera/examples/pointcloud/rs_pointcloud_launch.py
[8.319s] -- Up-to-date symlink: /home/hosodalab9/Sensor-Glove/install/realsense2_camera/share/realsense2_camera/examples/pointcloud/rviz/pointcloud.rviz
[8.319s] -- Up-to-date symlink: /home/hosodalab9/Sensor-Glove/install/realsense2_camera/share/realsense2_camera/examples/pointcloud/rviz/urdf_pointcloud.rviz
[8.319s] -- Up-to-date symlink: /home/hosodalab9/Sensor-Glove/install/realsense2_camera/share/realsense2_camera/environment/library_path.sh
[8.319s] -- Up-to-date symlink: /home/hosodalab9/Sensor-Glove/install/realsense2_camera/share/realsense2_camera/environment/library_path.dsv
[8.319s] -- Up-to-date symlink: /home/hosodalab9/Sensor-Glove/install/realsense2_camera/share/ament_index/resource_index/package_run_dependencies/realsense2_camera
[8.319s] -- Up-to-date symlink: /home/hosodalab9/Sensor-Glove/install/realsense2_camera/share/ament_index/resource_index/parent_prefix_path/realsense2_camera
[8.319s] -- Up-to-date symlink: /home/hosodalab9/Sensor-Glove/install/realsense2_camera/share/realsense2_camera/environment/ament_prefix_path.sh
[8.319s] -- Up-to-date symlink: /home/hosodalab9/Sensor-Glove/install/realsense2_camera/share/realsense2_camera/environment/ament_prefix_path.dsv
[8.319s] -- Up-to-date symlink: /home/hosodalab9/Sensor-Glove/install/realsense2_camera/share/realsense2_camera/environment/path.sh
[8.320s] -- Up-to-date symlink: /home/hosodalab9/Sensor-Glove/install/realsense2_camera/share/realsense2_camera/environment/path.dsv
[8.320s] -- Up-to-date symlink: /home/hosodalab9/Sensor-Glove/install/realsense2_camera/share/realsense2_camera/local_setup.bash
[8.320s] -- Up-to-date symlink: /home/hosodalab9/Sensor-Glove/install/realsense2_camera/share/realsense2_camera/local_setup.sh
[8.320s] -- Up-to-date symlink: /home/hosodalab9/Sensor-Glove/install/realsense2_camera/share/realsense2_camera/local_setup.zsh
[8.320s] -- Up-to-date symlink: /home/hosodalab9/Sensor-Glove/install/realsense2_camera/share/realsense2_camera/local_setup.dsv
[8.320s] -- Symlinking: /home/hosodalab9/Sensor-Glove/install/realsense2_camera/share/realsense2_camera/package.dsv
[8.329s] -- Up-to-date symlink: /home/hosodalab9/Sensor-Glove/install/realsense2_camera/share/ament_index/resource_index/packages/realsense2_camera
[8.329s] -- Up-to-date symlink: /home/hosodalab9/Sensor-Glove/install/realsense2_camera/share/ament_index/resource_index/rclcpp_components/realsense2_camera
[8.329s] -- Up-to-date symlink: /home/hosodalab9/Sensor-Glove/install/realsense2_camera/share/realsense2_camera/cmake/ament_cmake_export_include_directories-extras.cmake
[8.329s] -- Up-to-date symlink: /home/hosodalab9/Sensor-Glove/install/realsense2_camera/share/realsense2_camera/cmake/ament_cmake_export_libraries-extras.cmake
[8.330s] -- Up-to-date symlink: /home/hosodalab9/Sensor-Glove/install/realsense2_camera/share/realsense2_camera/cmake/ament_cmake_export_dependencies-extras.cmake
[8.330s] -- Up-to-date symlink: /home/hosodalab9/Sensor-Glove/install/realsense2_camera/share/realsense2_camera/cmake/realsense2_cameraConfig.cmake
[8.330s] -- Up-to-date symlink: /home/hosodalab9/Sensor-Glove/install/realsense2_camera/share/realsense2_camera/cmake/realsense2_cameraConfig-version.cmake
[8.330s] -- Up-to-date symlink: /home/hosodalab9/Sensor-Glove/install/realsense2_camera/share/realsense2_camera/package.xml
[8.331s] Invoked command in '/home/hosodalab9/Sensor-Glove/build/realsense2_camera' returned '0': CMAKE_PREFIX_PATH=/home/hosodalab9/Sensor-Glove/install/realsense2_camera_msgs:/home/hosodalab9/Sensor-Glove/install/ros2serial_arduino:/home/hosodalab9/Sensor-Glove/install/realsense2_description:/home/hosodalab9/Sensor-Glove/install/realsense2_camera:/home/hosodalab9/Sensor-Glove/install/data_handler:/home/hosodalab9/Sensor-Glove/install/subscriber:/opt/ros/humble LD_LIBRARY_PATH=/home/hosodalab9/Sensor-Glove/install/realsense2_camera_msgs/lib:/home/hosodalab9/Sensor-Glove/install/realsense2_camera/lib:/usr/lib/x86_64-linux-gnu/gazebo-11/plugins:/opt/ros/humble/opt/rviz_ogre_vendor/lib:/opt/ros/humble/lib/x86_64-linux-gnu:/opt/ros/humble/lib:/usr/local/cuda/lib64:/usr/local/cuda/extras/CUPTI/lib64 /usr/bin/cmake --install /home/hosodalab9/Sensor-Glove/build/realsense2_camera
