[1.071s] Invoking command in '/home/hosodalab9/Sensor-Glove/build/sensor_fusion': PYTHONPATH=/home/hosodalab9/Sensor-Glove/build/sensor_fusion/prefix_override:/usr/lib/python3/dist-packages/colcon_core/task/python/colcon_distutils_commands:/home/hosodalab9/Sensor-Glove/install/sensor_fusion/lib/python3.10/site-packages:${PYTHONPATH} /usr/bin/python3 -W ignore:setup.py install is deprecated setup.py develop --editable --build-directory /home/hosodalab9/Sensor-Glove/build/sensor_fusion/build --no-deps symlink_data
[1.290s] running develop
[1.291s] /usr/lib/python3/dist-packages/setuptools/command/easy_install.py:158: EasyInstallDeprecationWarning: easy_install command is deprecated. Use build and pip and other standards-based tools.
[1.291s]   warnings.warn(
[1.470s] running egg_info
[1.470s] creating sensor_fusion.egg-info
[1.470s] writing sensor_fusion.egg-info/PKG-INFO
[1.471s] writing dependency_links to sensor_fusion.egg-info/dependency_links.txt
[1.471s] writing entry points to sensor_fusion.egg-info/entry_points.txt
[1.471s] writing requirements to sensor_fusion.egg-info/requires.txt
[1.471s] writing top-level names to sensor_fusion.egg-info/top_level.txt
[1.471s] writing manifest file 'sensor_fusion.egg-info/SOURCES.txt'
[1.473s] reading manifest file 'sensor_fusion.egg-info/SOURCES.txt'
[1.473s] writing manifest file 'sensor_fusion.egg-info/SOURCES.txt'
[1.474s] running build_ext
[1.474s] Creating /home/hosodalab9/Sensor-Glove/install/sensor_fusion/lib/python3.10/site-packages/sensor-fusion.egg-link (link to .)
[1.475s] Installing predcict script to /home/hosodalab9/Sensor-Glove/install/sensor_fusion/lib/sensor_fusion
[1.475s] 
[1.475s] Installed /home/hosodalab9/Sensor-Glove/build/sensor_fusion
[1.475s] running symlink_data
[1.475s] creating /home/hosodalab9/Sensor-Glove/install/sensor_fusion/share/ament_index
[1.475s] creating /home/hosodalab9/Sensor-Glove/install/sensor_fusion/share/ament_index/resource_index
[1.475s] creating /home/hosodalab9/Sensor-Glove/install/sensor_fusion/share/ament_index/resource_index/packages
[1.476s] symbolically linking /home/hosodalab9/Sensor-Glove/build/sensor_fusion/resource/sensor_fusion -> /home/hosodalab9/Sensor-Glove/install/sensor_fusion/share/ament_index/resource_index/packages
[1.476s] symbolically linking /home/hosodalab9/Sensor-Glove/build/sensor_fusion/package.xml -> /home/hosodalab9/Sensor-Glove/install/sensor_fusion/share/sensor_fusion
[1.510s] Invoked command in '/home/hosodalab9/Sensor-Glove/build/sensor_fusion' returned '0': PYTHONPATH=/home/hosodalab9/Sensor-Glove/build/sensor_fusion/prefix_override:/usr/lib/python3/dist-packages/colcon_core/task/python/colcon_distutils_commands:/home/hosodalab9/Sensor-Glove/install/sensor_fusion/lib/python3.10/site-packages:${PYTHONPATH} /usr/bin/python3 -W ignore:setup.py install is deprecated setup.py develop --editable --build-directory /home/hosodalab9/Sensor-Glove/build/sensor_fusion/build --no-deps symlink_data
