[0.039s] Invoking command in '/home/hosodalab9/Sensor-Glove/build/data_handler': CMAKE_PREFIX_PATH=${CMAKE_PREFIX_PATH}:/home/hosodalab9/Sensor-Glove/install/subscriber:/opt/ros/humble /usr/bin/cmake --build /home/hosodalab9/Sensor-Glove/build/data_handler -- -j16 -l16
[0.562s] -- Found ament_cmake: 1.3.10 (/opt/ros/humble/share/ament_cmake/cmake)
[0.562s] -- Override CMake install command with custom implementation using symlinks instead of copying resources
[0.563s] -- Found rclcpp: 16.0.10 (/opt/ros/humble/share/rclcpp/cmake)
[0.563s] -- Found rosidl_generator_c: 3.1.5 (/opt/ros/humble/share/rosidl_generator_c/cmake)
[0.563s] -- Found rosidl_adapter: 3.1.5 (/opt/ros/humble/share/rosidl_adapter/cmake)
[0.563s] -- Found rosidl_generator_cpp: 3.1.5 (/opt/ros/humble/share/rosidl_generator_cpp/cmake)
[0.563s] -- Using all available rosidl_typesupport_c: rosidl_typesupport_fastrtps_c;rosidl_typesupport_introspection_c
[0.563s] -- Using all available rosidl_typesupport_cpp: rosidl_typesupport_fastrtps_cpp;rosidl_typesupport_introspection_cpp
[0.563s] -- Found rmw_implementation_cmake: 6.1.2 (/opt/ros/humble/share/rmw_implementation_cmake/cmake)
[0.563s] -- Found rmw_fastrtps_cpp: 6.2.7 (/opt/ros/humble/share/rmw_fastrtps_cpp/cmake)
[0.563s] -- Using RMW implementation 'rmw_fastrtps_cpp' as default
[0.599s] -- Found ament_lint_auto: 0.12.11 (/opt/ros/humble/share/ament_lint_auto/cmake)
[0.661s] -- Added test 'cppcheck' to perform static code analysis on C / C++ code
[0.661s] -- Configured cppcheck include dirs: 
[0.661s] -- Configured cppcheck exclude dirs and/or files: 
[0.664s] -- Added test 'lint_cmake' to check CMake code style
[0.666s] -- Added test 'uncrustify' to check C / C++ code style
[0.666s] -- Configured uncrustify additional arguments: 
[0.668s] -- Added test 'xmllint' to check XML markup files
[0.672s] -- Configuring done
[0.690s] -- Generating done
[0.691s] -- Build files have been written to: /home/hosodalab9/Sensor-Glove/build/data_handler
[0.720s] [35m[1mConsolidate compiler generated dependencies of target topics_subscriber[0m
[0.720s] [35m[1mConsolidate compiler generated dependencies of target topics_combined_sub[0m
[0.761s] [ 50%] Built target topics_combined_sub
[0.762s] [ 75%] [32mBuilding CXX object CMakeFiles/topics_subscriber.dir/src/topics_subscriber.cpp.o[0m
[10.114s] [100%] [32m[1mLinking CXX executable topics_subscriber[0m
[10.557s] [100%] Built target topics_subscriber
[10.569s] Invoked command in '/home/hosodalab9/Sensor-Glove/build/data_handler' returned '0': CMAKE_PREFIX_PATH=${CMAKE_PREFIX_PATH}:/home/hosodalab9/Sensor-Glove/install/subscriber:/opt/ros/humble /usr/bin/cmake --build /home/hosodalab9/Sensor-Glove/build/data_handler -- -j16 -l16
[10.604s] Invoking command in '/home/hosodalab9/Sensor-Glove/build/data_handler': CMAKE_PREFIX_PATH=${CMAKE_PREFIX_PATH}:/home/hosodalab9/Sensor-Glove/install/subscriber:/opt/ros/humble /usr/bin/cmake --install /home/hosodalab9/Sensor-Glove/build/data_handler
[10.610s] -- Install configuration: ""
[10.611s] -- Execute custom install script
[10.611s] -- Up-to-date symlink: /home/hosodalab9/Sensor-Glove/install/data_handler/lib/data_handler/topics_subscriber
[10.611s] -- Up-to-date symlink: /home/hosodalab9/Sensor-Glove/install/data_handler/lib/data_handler/topics_combined_sub
[10.611s] -- Up-to-date symlink: /home/hosodalab9/Sensor-Glove/install/data_handler/lib/data_handler/topics_subscriber
[10.611s] -- Up-to-date symlink: /home/hosodalab9/Sensor-Glove/install/data_handler/lib/data_handler/topics_combined_sub
[10.612s] -- Up-to-date symlink: /home/hosodalab9/Sensor-Glove/install/data_handler/share/ament_index/resource_index/package_run_dependencies/data_handler
[10.612s] -- Up-to-date symlink: /home/hosodalab9/Sensor-Glove/install/data_handler/share/ament_index/resource_index/parent_prefix_path/data_handler
[10.612s] -- Up-to-date symlink: /home/hosodalab9/Sensor-Glove/install/data_handler/share/data_handler/environment/ament_prefix_path.sh
[10.612s] -- Up-to-date symlink: /home/hosodalab9/Sensor-Glove/install/data_handler/share/data_handler/environment/ament_prefix_path.dsv
[10.612s] -- Up-to-date symlink: /home/hosodalab9/Sensor-Glove/install/data_handler/share/data_handler/environment/path.sh
[10.612s] -- Up-to-date symlink: /home/hosodalab9/Sensor-Glove/install/data_handler/share/data_handler/environment/path.dsv
[10.612s] -- Up-to-date symlink: /home/hosodalab9/Sensor-Glove/install/data_handler/share/data_handler/local_setup.bash
[10.612s] -- Up-to-date symlink: /home/hosodalab9/Sensor-Glove/install/data_handler/share/data_handler/local_setup.sh
[10.612s] -- Up-to-date symlink: /home/hosodalab9/Sensor-Glove/install/data_handler/share/data_handler/local_setup.zsh
[10.612s] -- Up-to-date symlink: /home/hosodalab9/Sensor-Glove/install/data_handler/share/data_handler/local_setup.dsv
[10.612s] -- Symlinking: /home/hosodalab9/Sensor-Glove/install/data_handler/share/data_handler/package.dsv
[10.620s] -- Up-to-date symlink: /home/hosodalab9/Sensor-Glove/install/data_handler/share/ament_index/resource_index/packages/data_handler
[10.621s] -- Up-to-date symlink: /home/hosodalab9/Sensor-Glove/install/data_handler/share/data_handler/cmake/data_handlerConfig.cmake
[10.621s] -- Up-to-date symlink: /home/hosodalab9/Sensor-Glove/install/data_handler/share/data_handler/cmake/data_handlerConfig-version.cmake
[10.621s] -- Up-to-date symlink: /home/hosodalab9/Sensor-Glove/install/data_handler/share/data_handler/package.xml
[10.623s] Invoked command in '/home/hosodalab9/Sensor-Glove/build/data_handler' returned '0': CMAKE_PREFIX_PATH=${CMAKE_PREFIX_PATH}:/home/hosodalab9/Sensor-Glove/install/subscriber:/opt/ros/humble /usr/bin/cmake --install /home/hosodalab9/Sensor-Glove/build/data_handler
