[0.009s] Invoking command in '/home/hosodalab9/Sensor-Glove/build/realsense2_description': AMENT_PREFIX_PATH=/home/hosodalab9/Sensor-Glove/install/realsense2_camera_msgs:${AMENT_PREFIX_PATH} CMAKE_PREFIX_PATH=/home/hosodalab9/Sensor-Glove/install/realsense2_camera_msgs:/opt/ros/humble LD_LIBRARY_PATH=/home/hosodalab9/Sensor-Glove/install/realsense2_camera_msgs/lib:${LD_LIBRARY_PATH} PYTHONPATH=/home/hosodalab9/Sensor-Glove/install/realsense2_camera_msgs/local/lib/python3.10/dist-packages:${PYTHONPATH} /usr/bin/cmake /home/hosodalab9/Sensor-Glove/src/hand_sense_ws/src/realsense-ros/realsense2_description -DAMENT_CMAKE_SYMLINK_INSTALL=1 -DCMAKE_INSTALL_PREFIX=/home/hosodalab9/Sensor-Glove/install/realsense2_description
[0.064s] -- The C compiler identification is GNU 11.4.0
[0.116s] -- The CXX compiler identification is GNU 11.4.0
[0.126s] -- Detecting C compiler ABI info
[0.194s] -- Detecting C compiler ABI info - done
[0.199s] -- Check for working C compiler: /usr/bin/cc - skipped
[0.199s] -- Detecting C compile features
[0.199s] -- Detecting C compile features - done
[0.204s] -- Detecting CXX compiler ABI info
[0.275s] -- Detecting CXX compiler ABI info - done
[0.283s] -- Check for working CXX compiler: /usr/bin/c++ - skipped
[0.283s] -- Detecting CXX compile features
[0.284s] -- Detecting CXX compile features - done
[0.287s] -- Found ament_cmake: 1.3.9 (/opt/ros/humble/share/ament_cmake/cmake)
[0.423s] -- Found Python3: /usr/bin/python3 (found version "3.10.12") found components: Interpreter 
[0.482s] -- Override CMake install command with custom implementation using symlinks instead of copying resources
[0.579s] -- Configuring done
[0.581s] -- Generating done
[0.582s] -- Build files have been written to: /home/hosodalab9/Sensor-Glove/build/realsense2_description
[0.586s] Invoked command in '/home/hosodalab9/Sensor-Glove/build/realsense2_description' returned '0': AMENT_PREFIX_PATH=/home/hosodalab9/Sensor-Glove/install/realsense2_camera_msgs:${AMENT_PREFIX_PATH} CMAKE_PREFIX_PATH=/home/hosodalab9/Sensor-Glove/install/realsense2_camera_msgs:/opt/ros/humble LD_LIBRARY_PATH=/home/hosodalab9/Sensor-Glove/install/realsense2_camera_msgs/lib:${LD_LIBRARY_PATH} PYTHONPATH=/home/hosodalab9/Sensor-Glove/install/realsense2_camera_msgs/local/lib/python3.10/dist-packages:${PYTHONPATH} /usr/bin/cmake /home/hosodalab9/Sensor-Glove/src/hand_sense_ws/src/realsense-ros/realsense2_description -DAMENT_CMAKE_SYMLINK_INSTALL=1 -DCMAKE_INSTALL_PREFIX=/home/hosodalab9/Sensor-Glove/install/realsense2_description
[0.588s] Invoking command in '/home/hosodalab9/Sensor-Glove/build/realsense2_description': AMENT_PREFIX_PATH=/home/hosodalab9/Sensor-Glove/install/realsense2_camera_msgs:${AMENT_PREFIX_PATH} CMAKE_PREFIX_PATH=/home/hosodalab9/Sensor-Glove/install/realsense2_camera_msgs:/opt/ros/humble LD_LIBRARY_PATH=/home/hosodalab9/Sensor-Glove/install/realsense2_camera_msgs/lib:${LD_LIBRARY_PATH} PYTHONPATH=/home/hosodalab9/Sensor-Glove/install/realsense2_camera_msgs/local/lib/python3.10/dist-packages:${PYTHONPATH} /usr/bin/cmake --build /home/hosodalab9/Sensor-Glove/build/realsense2_description -- -j16 -l16
[0.627s] Invoked command in '/home/hosodalab9/Sensor-Glove/build/realsense2_description' returned '0': AMENT_PREFIX_PATH=/home/hosodalab9/Sensor-Glove/install/realsense2_camera_msgs:${AMENT_PREFIX_PATH} CMAKE_PREFIX_PATH=/home/hosodalab9/Sensor-Glove/install/realsense2_camera_msgs:/opt/ros/humble LD_LIBRARY_PATH=/home/hosodalab9/Sensor-Glove/install/realsense2_camera_msgs/lib:${LD_LIBRARY_PATH} PYTHONPATH=/home/hosodalab9/Sensor-Glove/install/realsense2_camera_msgs/local/lib/python3.10/dist-packages:${PYTHONPATH} /usr/bin/cmake --build /home/hosodalab9/Sensor-Glove/build/realsense2_description -- -j16 -l16
[0.654s] Invoking command in '/home/hosodalab9/Sensor-Glove/build/realsense2_description': AMENT_PREFIX_PATH=/home/hosodalab9/Sensor-Glove/install/realsense2_camera_msgs:${AMENT_PREFIX_PATH} CMAKE_PREFIX_PATH=/home/hosodalab9/Sensor-Glove/install/realsense2_camera_msgs:/opt/ros/humble LD_LIBRARY_PATH=/home/hosodalab9/Sensor-Glove/install/realsense2_camera_msgs/lib:${LD_LIBRARY_PATH} PYTHONPATH=/home/hosodalab9/Sensor-Glove/install/realsense2_camera_msgs/local/lib/python3.10/dist-packages:${PYTHONPATH} /usr/bin/cmake --install /home/hosodalab9/Sensor-Glove/build/realsense2_description
[0.660s] -- Install configuration: ""
[0.660s] -- Execute custom install script
[0.661s] -- Symlinking: /home/hosodalab9/Sensor-Glove/install/realsense2_description/share/realsense2_description/launch/launch_utils.py
[0.671s] -- Symlinking: /home/hosodalab9/Sensor-Glove/install/realsense2_description/share/realsense2_description/launch/view_model.launch.py
[0.681s] -- Symlinking: /home/hosodalab9/Sensor-Glove/install/realsense2_description/share/realsense2_description/meshes/d405.stl
[0.690s] -- Symlinking: /home/hosodalab9/Sensor-Glove/install/realsense2_description/share/realsense2_description/meshes/d415.stl
[0.702s] -- Symlinking: /home/hosodalab9/Sensor-Glove/install/realsense2_description/share/realsense2_description/meshes/d435.dae
[0.710s] -- Symlinking: /home/hosodalab9/Sensor-Glove/install/realsense2_description/share/realsense2_description/meshes/d455.stl
[0.720s] -- Symlinking: /home/hosodalab9/Sensor-Glove/install/realsense2_description/share/realsense2_description/meshes/l515.dae
[0.729s] -- Symlinking: /home/hosodalab9/Sensor-Glove/install/realsense2_description/share/realsense2_description/meshes/plug.stl
[0.738s] -- Symlinking: /home/hosodalab9/Sensor-Glove/install/realsense2_description/share/realsense2_description/meshes/plug_collision.stl
[0.746s] -- Symlinking: /home/hosodalab9/Sensor-Glove/install/realsense2_description/share/realsense2_description/rviz/urdf.rviz
[0.756s] -- Symlinking: /home/hosodalab9/Sensor-Glove/install/realsense2_description/share/realsense2_description/urdf/_d405.urdf.xacro
[0.767s] -- Symlinking: /home/hosodalab9/Sensor-Glove/install/realsense2_description/share/realsense2_description/urdf/_d415.urdf.xacro
[0.776s] -- Symlinking: /home/hosodalab9/Sensor-Glove/install/realsense2_description/share/realsense2_description/urdf/_d435.urdf.xacro
[0.785s] -- Symlinking: /home/hosodalab9/Sensor-Glove/install/realsense2_description/share/realsense2_description/urdf/_d435i.urdf.xacro
[0.795s] -- Symlinking: /home/hosodalab9/Sensor-Glove/install/realsense2_description/share/realsense2_description/urdf/_d435i_imu_modules.urdf.xacro
[0.805s] -- Symlinking: /home/hosodalab9/Sensor-Glove/install/realsense2_description/share/realsense2_description/urdf/_d455.urdf.xacro
[0.813s] -- Symlinking: /home/hosodalab9/Sensor-Glove/install/realsense2_description/share/realsense2_description/urdf/_materials.urdf.xacro
[0.823s] -- Symlinking: /home/hosodalab9/Sensor-Glove/install/realsense2_description/share/realsense2_description/urdf/_r410.urdf.xacro
[0.833s] -- Symlinking: /home/hosodalab9/Sensor-Glove/install/realsense2_description/share/realsense2_description/urdf/_r430.urdf.xacro
[0.842s] -- Symlinking: /home/hosodalab9/Sensor-Glove/install/realsense2_description/share/realsense2_description/urdf/_usb_plug.urdf.xacro
[0.851s] -- Symlinking: /home/hosodalab9/Sensor-Glove/install/realsense2_description/share/realsense2_description/urdf/test_d405_camera.urdf.xacro
[0.860s] -- Symlinking: /home/hosodalab9/Sensor-Glove/install/realsense2_description/share/realsense2_description/urdf/test_d415_camera.urdf.xacro
[0.869s] -- Symlinking: /home/hosodalab9/Sensor-Glove/install/realsense2_description/share/realsense2_description/urdf/test_d435_camera.urdf.xacro
[0.878s] -- Symlinking: /home/hosodalab9/Sensor-Glove/install/realsense2_description/share/realsense2_description/urdf/test_d435_multiple_cameras.urdf.xacro
[0.887s] -- Symlinking: /home/hosodalab9/Sensor-Glove/install/realsense2_description/share/realsense2_description/urdf/test_d435i_camera.urdf.xacro
[0.898s] -- Symlinking: /home/hosodalab9/Sensor-Glove/install/realsense2_description/share/realsense2_description/urdf/test_d455_camera.urdf.xacro
[0.906s] -- Symlinking: /home/hosodalab9/Sensor-Glove/install/realsense2_description/share/realsense2_description/urdf/test_r410_camera.urdf.xacro
[0.916s] -- Symlinking: /home/hosodalab9/Sensor-Glove/install/realsense2_description/share/realsense2_description/urdf/test_r430_camera.urdf.xacro
[0.926s] -- Symlinking: /home/hosodalab9/Sensor-Glove/install/realsense2_description/share/ament_index/resource_index/package_run_dependencies/realsense2_description
[0.935s] -- Symlinking: /home/hosodalab9/Sensor-Glove/install/realsense2_description/share/ament_index/resource_index/parent_prefix_path/realsense2_description
[0.944s] -- Symlinking: /home/hosodalab9/Sensor-Glove/install/realsense2_description/share/realsense2_description/environment/ament_prefix_path.sh
[0.953s] -- Symlinking: /home/hosodalab9/Sensor-Glove/install/realsense2_description/share/realsense2_description/environment/ament_prefix_path.dsv
[0.963s] -- Symlinking: /home/hosodalab9/Sensor-Glove/install/realsense2_description/share/realsense2_description/environment/path.sh
[0.972s] -- Symlinking: /home/hosodalab9/Sensor-Glove/install/realsense2_description/share/realsense2_description/environment/path.dsv
[0.981s] -- Symlinking: /home/hosodalab9/Sensor-Glove/install/realsense2_description/share/realsense2_description/local_setup.bash
[0.993s] -- Symlinking: /home/hosodalab9/Sensor-Glove/install/realsense2_description/share/realsense2_description/local_setup.sh
[1.004s] -- Symlinking: /home/hosodalab9/Sensor-Glove/install/realsense2_description/share/realsense2_description/local_setup.zsh
[1.013s] -- Symlinking: /home/hosodalab9/Sensor-Glove/install/realsense2_description/share/realsense2_description/local_setup.dsv
[1.022s] -- Symlinking: /home/hosodalab9/Sensor-Glove/install/realsense2_description/share/realsense2_description/package.dsv
[1.031s] -- Symlinking: /home/hosodalab9/Sensor-Glove/install/realsense2_description/share/ament_index/resource_index/packages/realsense2_description
[1.040s] -- Symlinking: /home/hosodalab9/Sensor-Glove/install/realsense2_description/share/realsense2_description/cmake/realsense2_descriptionConfig.cmake
[1.049s] -- Symlinking: /home/hosodalab9/Sensor-Glove/install/realsense2_description/share/realsense2_description/cmake/realsense2_descriptionConfig-version.cmake
[1.059s] -- Symlinking: /home/hosodalab9/Sensor-Glove/install/realsense2_description/share/realsense2_description/package.xml
[1.070s] Invoked command in '/home/hosodalab9/Sensor-Glove/build/realsense2_description' returned '0': AMENT_PREFIX_PATH=/home/hosodalab9/Sensor-Glove/install/realsense2_camera_msgs:${AMENT_PREFIX_PATH} CMAKE_PREFIX_PATH=/home/hosodalab9/Sensor-Glove/install/realsense2_camera_msgs:/opt/ros/humble LD_LIBRARY_PATH=/home/hosodalab9/Sensor-Glove/install/realsense2_camera_msgs/lib:${LD_LIBRARY_PATH} PYTHONPATH=/home/hosodalab9/Sensor-Glove/install/realsense2_camera_msgs/local/lib/python3.10/dist-packages:${PYTHONPATH} /usr/bin/cmake --install /home/hosodalab9/Sensor-Glove/build/realsense2_description
