-- Found ament_cmake: 1.3.10 (/opt/ros/humble/share/ament_cmake/cmake)
-- Override CMake install command with custom implementation using symlinks instead of copying resources
-- Found rclcpp: 16.0.10 (/opt/ros/humble/share/rclcpp/cmake)
-- Found rosidl_generator_c: 3.1.5 (/opt/ros/humble/share/rosidl_generator_c/cmake)
-- Found rosidl_adapter: 3.1.5 (/opt/ros/humble/share/rosidl_adapter/cmake)
-- Found rosidl_generator_cpp: 3.1.5 (/opt/ros/humble/share/rosidl_generator_cpp/cmake)
-- Using all available rosidl_typesupport_c: rosidl_typesupport_fastrtps_c;rosidl_typesupport_introspection_c
-- Using all available rosidl_typesupport_cpp: rosidl_typesupport_fastrtps_cpp;rosidl_typesupport_introspection_cpp
-- Found rmw_implementation_cmake: 6.1.2 (/opt/ros/humble/share/rmw_implementation_cmake/cmake)
-- Found rmw_fastrtps_cpp: 6.2.7 (/opt/ros/humble/share/rmw_fastrtps_cpp/cmake)
-- Using RMW implementation 'rmw_fastrtps_cpp' as default
-- Found geometry_msgs: 4.2.4 (/opt/ros/humble/share/geometry_msgs/cmake)
-- Found ament_lint_auto: 0.12.11 (/opt/ros/humble/share/ament_lint_auto/cmake)
-- Added test 'cppcheck' to perform static code analysis on C / C++ code
-- Configured cppcheck include dirs: 
-- Configured cppcheck exclude dirs and/or files: 
-- Added test 'lint_cmake' to check CMake code style
-- Added test 'uncrustify' to check C / C++ code style
-- Configured uncrustify additional arguments: 
-- Added test 'xmllint' to check XML markup files
-- Configuring done
-- Generating done
-- Build files have been written to: /home/hosodalab9/Sensor-Glove/build/ros2serial_arduino
[35m[1mConsolidate compiler generated dependencies of target serial_receive_node[0m
[35m[1mConsolidate compiler generated dependencies of target serial_send_node[0m
[ 50%] Built target serial_receive_node
[100%] Built target serial_send_node
-- Install configuration: ""
-- Execute custom install script
-- Up-to-date symlink: /home/hosodalab9/Sensor-Glove/install/ros2serial_arduino/lib/ros2serial_arduino/serial_receive_node
-- Up-to-date symlink: /home/hosodalab9/Sensor-Glove/install/ros2serial_arduino/lib/ros2serial_arduino/serial_send_node
-- Up-to-date symlink: /home/hosodalab9/Sensor-Glove/install/ros2serial_arduino/share/ament_index/resource_index/package_run_dependencies/ros2serial_arduino
-- Up-to-date symlink: /home/hosodalab9/Sensor-Glove/install/ros2serial_arduino/share/ament_index/resource_index/parent_prefix_path/ros2serial_arduino
-- Up-to-date symlink: /home/hosodalab9/Sensor-Glove/install/ros2serial_arduino/share/ros2serial_arduino/environment/ament_prefix_path.sh
-- Up-to-date symlink: /home/hosodalab9/Sensor-Glove/install/ros2serial_arduino/share/ros2serial_arduino/environment/ament_prefix_path.dsv
-- Up-to-date symlink: /home/hosodalab9/Sensor-Glove/install/ros2serial_arduino/share/ros2serial_arduino/environment/path.sh
-- Up-to-date symlink: /home/hosodalab9/Sensor-Glove/install/ros2serial_arduino/share/ros2serial_arduino/environment/path.dsv
-- Up-to-date symlink: /home/hosodalab9/Sensor-Glove/install/ros2serial_arduino/share/ros2serial_arduino/local_setup.bash
-- Up-to-date symlink: /home/hosodalab9/Sensor-Glove/install/ros2serial_arduino/share/ros2serial_arduino/local_setup.sh
-- Up-to-date symlink: /home/hosodalab9/Sensor-Glove/install/ros2serial_arduino/share/ros2serial_arduino/local_setup.zsh
-- Up-to-date symlink: /home/hosodalab9/Sensor-Glove/install/ros2serial_arduino/share/ros2serial_arduino/local_setup.dsv
-- Symlinking: /home/hosodalab9/Sensor-Glove/install/ros2serial_arduino/share/ros2serial_arduino/package.dsv
-- Up-to-date symlink: /home/hosodalab9/Sensor-Glove/install/ros2serial_arduino/share/ament_index/resource_index/packages/ros2serial_arduino
-- Up-to-date symlink: /home/hosodalab9/Sensor-Glove/install/ros2serial_arduino/share/ros2serial_arduino/cmake/ros2serial_arduinoConfig.cmake
-- Up-to-date symlink: /home/hosodalab9/Sensor-Glove/install/ros2serial_arduino/share/ros2serial_arduino/cmake/ros2serial_arduinoConfig-version.cmake
-- Up-to-date symlink: /home/hosodalab9/Sensor-Glove/install/ros2serial_arduino/share/ros2serial_arduino/package.xml
