[0.335s] Invoking command in '/home/hosodalab9/Sensor-Glove/build/ros2serial_arduino': CMAKE_PREFIX_PATH=${CMAKE_PREFIX_PATH}:/home/hosodalab9/Sensor-Glove/install/subscriber:/opt/ros/humble /usr/bin/cmake --build /home/hosodalab9/Sensor-Glove/build/ros2serial_arduino -- -j16 -l16
[0.554s] -- Found ament_cmake: 1.3.10 (/opt/ros/humble/share/ament_cmake/cmake)
[0.554s] -- Override CMake install command with custom implementation using symlinks instead of copying resources
[0.554s] -- Found rclcpp: 16.0.10 (/opt/ros/humble/share/rclcpp/cmake)
[0.554s] -- Found rosidl_generator_c: 3.1.5 (/opt/ros/humble/share/rosidl_generator_c/cmake)
[0.554s] -- Found rosidl_adapter: 3.1.5 (/opt/ros/humble/share/rosidl_adapter/cmake)
[0.554s] -- Found rosidl_generator_cpp: 3.1.5 (/opt/ros/humble/share/rosidl_generator_cpp/cmake)
[0.554s] -- Using all available rosidl_typesupport_c: rosidl_typesupport_fastrtps_c;rosidl_typesupport_introspection_c
[0.554s] -- Using all available rosidl_typesupport_cpp: rosidl_typesupport_fastrtps_cpp;rosidl_typesupport_introspection_cpp
[0.554s] -- Found rmw_implementation_cmake: 6.1.2 (/opt/ros/humble/share/rmw_implementation_cmake/cmake)
[0.554s] -- Found rmw_fastrtps_cpp: 6.2.7 (/opt/ros/humble/share/rmw_fastrtps_cpp/cmake)
[0.612s] -- Using RMW implementation 'rmw_fastrtps_cpp' as default
[0.644s] -- Found geometry_msgs: 4.2.4 (/opt/ros/humble/share/geometry_msgs/cmake)
[0.654s] -- Found ament_lint_auto: 0.12.11 (/opt/ros/humble/share/ament_lint_auto/cmake)
[0.712s] -- Added test 'cppcheck' to perform static code analysis on C / C++ code
[0.712s] -- Configured cppcheck include dirs: 
[0.712s] -- Configured cppcheck exclude dirs and/or files: 
[0.712s] -- Added test 'lint_cmake' to check CMake code style
[0.714s] -- Added test 'uncrustify' to check C / C++ code style
[0.714s] -- Configured uncrustify additional arguments: 
[0.714s] -- Added test 'xmllint' to check XML markup files
[0.718s] -- Configuring done
[0.732s] -- Generating done
[0.733s] -- Build files have been written to: /home/hosodalab9/Sensor-Glove/build/ros2serial_arduino
[0.761s] [35m[1mConsolidate compiler generated dependencies of target serial_receive_node[0m
[0.761s] [35m[1mConsolidate compiler generated dependencies of target serial_send_node[0m
[0.782s] [ 50%] Built target serial_receive_node
[0.785s] [100%] Built target serial_send_node
[0.796s] Invoked command in '/home/hosodalab9/Sensor-Glove/build/ros2serial_arduino' returned '0': CMAKE_PREFIX_PATH=${CMAKE_PREFIX_PATH}:/home/hosodalab9/Sensor-Glove/install/subscriber:/opt/ros/humble /usr/bin/cmake --build /home/hosodalab9/Sensor-Glove/build/ros2serial_arduino -- -j16 -l16
[0.834s] Invoking command in '/home/hosodalab9/Sensor-Glove/build/ros2serial_arduino': CMAKE_PREFIX_PATH=${CMAKE_PREFIX_PATH}:/home/hosodalab9/Sensor-Glove/install/subscriber:/opt/ros/humble /usr/bin/cmake --install /home/hosodalab9/Sensor-Glove/build/ros2serial_arduino
[0.841s] -- Install configuration: ""
[0.841s] -- Execute custom install script
[0.842s] -- Up-to-date symlink: /home/hosodalab9/Sensor-Glove/install/ros2serial_arduino/lib/ros2serial_arduino/serial_receive_node
[0.842s] -- Up-to-date symlink: /home/hosodalab9/Sensor-Glove/install/ros2serial_arduino/lib/ros2serial_arduino/serial_send_node
[0.842s] -- Up-to-date symlink: /home/hosodalab9/Sensor-Glove/install/ros2serial_arduino/share/ament_index/resource_index/package_run_dependencies/ros2serial_arduino
[0.842s] -- Up-to-date symlink: /home/hosodalab9/Sensor-Glove/install/ros2serial_arduino/share/ament_index/resource_index/parent_prefix_path/ros2serial_arduino
[0.842s] -- Up-to-date symlink: /home/hosodalab9/Sensor-Glove/install/ros2serial_arduino/share/ros2serial_arduino/environment/ament_prefix_path.sh
[0.842s] -- Up-to-date symlink: /home/hosodalab9/Sensor-Glove/install/ros2serial_arduino/share/ros2serial_arduino/environment/ament_prefix_path.dsv
[0.843s] -- Up-to-date symlink: /home/hosodalab9/Sensor-Glove/install/ros2serial_arduino/share/ros2serial_arduino/environment/path.sh
[0.843s] -- Up-to-date symlink: /home/hosodalab9/Sensor-Glove/install/ros2serial_arduino/share/ros2serial_arduino/environment/path.dsv
[0.843s] -- Up-to-date symlink: /home/hosodalab9/Sensor-Glove/install/ros2serial_arduino/share/ros2serial_arduino/local_setup.bash
[0.843s] -- Up-to-date symlink: /home/hosodalab9/Sensor-Glove/install/ros2serial_arduino/share/ros2serial_arduino/local_setup.sh
[0.843s] -- Up-to-date symlink: /home/hosodalab9/Sensor-Glove/install/ros2serial_arduino/share/ros2serial_arduino/local_setup.zsh
[0.843s] -- Up-to-date symlink: /home/hosodalab9/Sensor-Glove/install/ros2serial_arduino/share/ros2serial_arduino/local_setup.dsv
[0.843s] -- Symlinking: /home/hosodalab9/Sensor-Glove/install/ros2serial_arduino/share/ros2serial_arduino/package.dsv
[0.855s] -- Up-to-date symlink: /home/hosodalab9/Sensor-Glove/install/ros2serial_arduino/share/ament_index/resource_index/packages/ros2serial_arduino
[0.855s] -- Up-to-date symlink: /home/hosodalab9/Sensor-Glove/install/ros2serial_arduino/share/ros2serial_arduino/cmake/ros2serial_arduinoConfig.cmake
[0.855s] -- Up-to-date symlink: /home/hosodalab9/Sensor-Glove/install/ros2serial_arduino/share/ros2serial_arduino/cmake/ros2serial_arduinoConfig-version.cmake
[0.855s] -- Up-to-date symlink: /home/hosodalab9/Sensor-Glove/install/ros2serial_arduino/share/ros2serial_arduino/package.xml
[0.858s] Invoked command in '/home/hosodalab9/Sensor-Glove/build/ros2serial_arduino' returned '0': CMAKE_PREFIX_PATH=${CMAKE_PREFIX_PATH}:/home/hosodalab9/Sensor-Glove/install/subscriber:/opt/ros/humble /usr/bin/cmake --install /home/hosodalab9/Sensor-Glove/build/ros2serial_arduino
